18-Jun-2021 16:07:57.886 INFO [main] org.apache.catalina.startup.VersionLoggerListener.log Server version name:   Apache Tomcat/9.0.46
18-Jun-2021 16:07:57.893 INFO [main] org.apache.catalina.startup.VersionLoggerListener.log Server built:          May 8 2021 17:35:52 UTC
18-Jun-2021 16:07:57.893 INFO [main] org.apache.catalina.startup.VersionLoggerListener.log Server version number: 9.0.46.0
18-Jun-2021 16:07:57.893 INFO [main] org.apache.catalina.startup.VersionLoggerListener.log OS Name:               Windows 10
18-Jun-2021 16:07:57.894 INFO [main] org.apache.catalina.startup.VersionLoggerListener.log OS Version:            10.0
18-Jun-2021 16:07:57.894 INFO [main] org.apache.catalina.startup.VersionLoggerListener.log Architecture:          amd64
18-Jun-2021 16:07:57.895 INFO [main] org.apache.catalina.startup.VersionLoggerListener.log Java Home:             C:\Program Files\Java\jdk-16
18-Jun-2021 16:07:57.895 INFO [main] org.apache.catalina.startup.VersionLoggerListener.log JVM Version:           16+36-2231
18-Jun-2021 16:07:57.895 INFO [main] org.apache.catalina.startup.VersionLoggerListener.log JVM Vendor:            Oracle Corporation
18-Jun-2021 16:07:57.895 INFO [main] org.apache.catalina.startup.VersionLoggerListener.log CATALINA_BASE:         D:\CN Java\projectjava\apache-tomcat-9.0.46
18-Jun-2021 16:07:57.896 INFO [main] org.apache.catalina.startup.VersionLoggerListener.log CATALINA_HOME:         D:\CN Java\projectjava\apache-tomcat-9.0.46
18-Jun-2021 16:07:57.938 INFO [main] org.apache.catalina.startup.VersionLoggerListener.log Command line argument: --add-opens=java.base/java.lang=ALL-UNNAMED
18-Jun-2021 16:07:57.939 INFO [main] org.apache.catalina.startup.VersionLoggerListener.log Command line argument: --add-opens=java.base/java.io=ALL-UNNAMED
18-Jun-2021 16:07:57.939 INFO [main] org.apache.catalina.startup.VersionLoggerListener.log Command line argument: --add-opens=java.base/java.util=ALL-UNNAMED
18-Jun-2021 16:07:57.939 INFO [main] org.apache.catalina.startup.VersionLoggerListener.log Command line argument: --add-opens=java.base/java.util.concurrent=ALL-UNNAMED
18-Jun-2021 16:07:57.939 INFO [main] org.apache.catalina.startup.VersionLoggerListener.log Command line argument: --add-opens=java.rmi/sun.rmi.transport=ALL-UNNAMED
18-Jun-2021 16:07:57.939 INFO [main] org.apache.catalina.startup.VersionLoggerListener.log Command line argument: -Djava.util.logging.config.file=D:\CN Java\projectjava\apache-tomcat-9.0.46\conf\logging.properties
18-Jun-2021 16:07:57.941 INFO [main] org.apache.catalina.startup.VersionLoggerListener.log Command line argument: -Djava.util.logging.manager=org.apache.juli.ClassLoaderLogManager
18-Jun-2021 16:07:57.941 INFO [main] org.apache.catalina.startup.VersionLoggerListener.log Command line argument: -Dhttp.nonProxyHosts=localhost|127.0.0.1|DESKTOP-02OJ6L8
18-Jun-2021 16:07:57.941 INFO [main] org.apache.catalina.startup.VersionLoggerListener.log Command line argument: -Djdk.tls.ephemeralDHKeySize=2048
18-Jun-2021 16:07:57.941 INFO [main] org.apache.catalina.startup.VersionLoggerListener.log Command line argument: -Djava.protocol.handler.pkgs=org.apache.catalina.webresources
18-Jun-2021 16:07:57.942 INFO [main] org.apache.catalina.startup.VersionLoggerListener.log Command line argument: -Dignore.endorsed.dirs=
18-Jun-2021 16:07:57.942 INFO [main] org.apache.catalina.startup.VersionLoggerListener.log Command line argument: -Dcatalina.base=D:\CN Java\projectjava\apache-tomcat-9.0.46
18-Jun-2021 16:07:57.942 INFO [main] org.apache.catalina.startup.VersionLoggerListener.log Command line argument: -Dcatalina.home=D:\CN Java\projectjava\apache-tomcat-9.0.46
18-Jun-2021 16:07:57.942 INFO [main] org.apache.catalina.startup.VersionLoggerListener.log Command line argument: -Djava.io.tmpdir=D:\CN Java\projectjava\apache-tomcat-9.0.46\temp
18-Jun-2021 16:07:58.024 INFO [main] org.apache.catalina.core.AprLifecycleListener.lifecycleEvent The Apache Tomcat Native library which allows using OpenSSL was not found on the java.library.path: [C:\Program Files\Java\jdk-16\bin;C:\WINDOWS\Sun\Java\bin;C:\WINDOWS\system32;C:\WINDOWS;C:\Program Files\Common Files\Oracle\Java\javapath;C:\Program Files (x86)\Common Files\Oracle\Java\javapath;C:\WINDOWS\system32;C:\WINDOWS;C:\WINDOWS\System32\Wbem;C:\WINDOWS\System32\WindowsPowerShell\v1.0\;C:\WINDOWS\System32\OpenSSH\;C:\Program Files\Microsoft SQL Server\Client SDK\ODBC\130\Tools\Binn\;C:\Program Files (x86)\Microsoft SQL Server\140\Tools\Binn\;C:\Program Files\Microsoft SQL Server\140\Tools\Binn\;C:\Program Files\Microsoft SQL Server\140\DTS\Binn\;C:\Program Files (x86)\Microsoft SQL Server\150\DTS\Binn\;C:\cygwin64\bin;C:\Program Files\dotnet\;E:\QT Lite\QTSystem;E:\nodejs\;C:\Program Files\Microsoft SQL Server\130\Tools\Binn\;C:\Program Files\Microsoft SQL Server\Client SDK\ODBC\170\Tools\Binn\;C:\Program Files\Git\cmd;C:\Program Files\MySQL\MySQL Shell 8.0\bin\;C:\Users\Hokichi\AppData\Local\Microsoft\WindowsApps;C:\Users\Hokichi\AppData\Local\Programs\Microsoft VS Code\bin;C:\Users\Hokichi\AppData\Local\GitHubDesktop\bin;C:\Users\Hokichi\AppData\Roaming\npm;C:\Users\Hokichi\spicetify-cli;C:\Users\Hokichi\AppData\Local\Microsoft\WindowsApps;C:\Program Files\Java\jdk-16;C:\Users\Hokichi\.jdks\openjdk-16.0.1;\bin;;E:\IntelliJ IDEA Community Edition 2021.1.1\bin;;E:\IntelliJ IDEA 2020.1\bin;;.]
18-Jun-2021 16:07:59.261 INFO [main] org.apache.coyote.AbstractProtocol.init Initializing ProtocolHandler ["http-nio-8080"]
18-Jun-2021 16:07:59.813 INFO [main] org.apache.catalina.startup.Catalina.load Server initialization in [2783] milliseconds
18-Jun-2021 16:07:59.994 INFO [main] org.apache.catalina.core.StandardService.startInternal Starting service [Catalina]
18-Jun-2021 16:07:59.994 INFO [main] org.apache.catalina.core.StandardEngine.startInternal Starting Servlet engine: [Apache Tomcat/9.0.46]
18-Jun-2021 16:08:00.023 INFO [main] org.apache.catalina.startup.HostConfig.deployDescriptor Deploying deployment descriptor [D:\CN Java\projectjava\apache-tomcat-9.0.46\conf\Catalina\localhost\jsf-app-netbeans-example.xml]
18-Jun-2021 16:08:00.086 WARNING [main] org.apache.catalina.startup.HostConfig.deployDescriptor The path attribute with value [/jsf-app-netbeans-example] in deployment descriptor [D:\CN Java\projectjava\apache-tomcat-9.0.46\conf\Catalina\localhost\jsf-app-netbeans-example.xml] has been ignored
18-Jun-2021 16:08:00.178 SEVERE [main] org.apache.catalina.startup.HostConfig.deployDescriptor Error deploying deployment descriptor [D:\CN Java\projectjava\apache-tomcat-9.0.46\conf\Catalina\localhost\jsf-app-netbeans-example.xml]
	java.lang.IllegalStateException: Error starting child
		at org.apache.catalina.core.ContainerBase.addChildInternal(ContainerBase.java:720)
		at org.apache.catalina.core.ContainerBase.addChild(ContainerBase.java:690)
		at org.apache.catalina.core.StandardHost.addChild(StandardHost.java:692)
		at org.apache.catalina.startup.HostConfig.deployDescriptor(HostConfig.java:689)
		at org.apache.catalina.startup.HostConfig$DeployDescriptor.run(HostConfig.java:1881)
		at java.base/java.util.concurrent.Executors$RunnableAdapter.call(Executors.java:515)
		at java.base/java.util.concurrent.FutureTask.run(FutureTask.java:264)
		at org.apache.tomcat.util.threads.InlineExecutorService.execute(InlineExecutorService.java:75)
		at java.base/java.util.concurrent.AbstractExecutorService.submit(AbstractExecutorService.java:123)
		at org.apache.catalina.startup.HostConfig.deployDescriptors(HostConfig.java:582)
		at org.apache.catalina.startup.HostConfig.deployApps(HostConfig.java:472)
		at org.apache.catalina.startup.HostConfig.start(HostConfig.java:1611)
		at org.apache.catalina.startup.HostConfig.lifecycleEvent(HostConfig.java:319)
		at org.apache.catalina.util.LifecycleBase.fireLifecycleEvent(LifecycleBase.java:123)
		at org.apache.catalina.util.LifecycleBase.setStateInternal(LifecycleBase.java:423)
		at org.apache.catalina.util.LifecycleBase.setState(LifecycleBase.java:366)
		at org.apache.catalina.core.ContainerBase.startInternal(ContainerBase.java:936)
		at org.apache.catalina.core.StandardHost.startInternal(StandardHost.java:829)
		at org.apache.catalina.util.LifecycleBase.start(LifecycleBase.java:183)
		at org.apache.catalina.core.ContainerBase$StartChild.call(ContainerBase.java:1384)
		at org.apache.catalina.core.ContainerBase$StartChild.call(ContainerBase.java:1374)
		at java.base/java.util.concurrent.FutureTask.run(FutureTask.java:264)
		at org.apache.tomcat.util.threads.InlineExecutorService.execute(InlineExecutorService.java:75)
		at java.base/java.util.concurrent.AbstractExecutorService.submit(AbstractExecutorService.java:145)
		at org.apache.catalina.core.ContainerBase.startInternal(ContainerBase.java:909)
		at org.apache.catalina.core.StandardEngine.startInternal(StandardEngine.java:262)
		at org.apache.catalina.util.LifecycleBase.start(LifecycleBase.java:183)
		at org.apache.catalina.core.StandardService.startInternal(StandardService.java:433)
		at org.apache.catalina.util.LifecycleBase.start(LifecycleBase.java:183)
		at org.apache.catalina.core.StandardServer.startInternal(StandardServer.java:930)
		at org.apache.catalina.util.LifecycleBase.start(LifecycleBase.java:183)
		at org.apache.catalina.startup.Catalina.start(Catalina.java:772)
		at java.base/jdk.internal.reflect.NativeMethodAccessorImpl.invoke0(Native Method)
		at java.base/jdk.internal.reflect.NativeMethodAccessorImpl.invoke(NativeMethodAccessorImpl.java:78)
		at java.base/jdk.internal.reflect.DelegatingMethodAccessorImpl.invoke(DelegatingMethodAccessorImpl.java:43)
		at java.base/java.lang.reflect.Method.invoke(Method.java:567)
		at org.apache.catalina.startup.Bootstrap.start(Bootstrap.java:342)
		at org.apache.catalina.startup.Bootstrap.main(Bootstrap.java:473)
	Caused by: org.apache.catalina.LifecycleException: Failed to start component [org.apache.catalina.webresources.StandardRoot@4f4c4b1a]
		at org.apache.catalina.util.LifecycleBase.handleSubClassException(LifecycleBase.java:440)
		at org.apache.catalina.util.LifecycleBase.start(LifecycleBase.java:198)
		at org.apache.catalina.core.StandardContext.resourcesStart(StandardContext.java:4830)
		at org.apache.catalina.core.StandardContext.startInternal(StandardContext.java:4966)
		at org.apache.catalina.util.LifecycleBase.start(LifecycleBase.java:183)
		at org.apache.catalina.core.ContainerBase.addChildInternal(ContainerBase.java:717)
		... 37 more
	Caused by: java.lang.IllegalArgumentException: The main resource set specified [H:\Download\CN Java\jsf-app-netbeans-example\build\web] is not valid
		at org.apache.catalina.webresources.StandardRoot.createMainResourceSet(StandardRoot.java:751)
		at org.apache.catalina.webresources.StandardRoot.startInternal(StandardRoot.java:708)
		at org.apache.catalina.util.LifecycleBase.start(LifecycleBase.java:183)
		... 41 more
18-Jun-2021 16:08:00.192 INFO [main] org.apache.catalina.startup.HostConfig.deployDescriptor Deployment of deployment descriptor [D:\CN Java\projectjava\apache-tomcat-9.0.46\conf\Catalina\localhost\jsf-app-netbeans-example.xml] has finished in [168] ms
18-Jun-2021 16:08:00.203 INFO [main] org.apache.catalina.startup.HostConfig.deployDirectory Deploying web application directory [D:\CN Java\projectjava\apache-tomcat-9.0.46\webapps\docs]
18-Jun-2021 16:08:02.504 WARNING [main] org.apache.catalina.util.SessionIdGeneratorBase.createSecureRandom Creation of SecureRandom instance for session ID generation using [SHA1PRNG] took [159] milliseconds.
18-Jun-2021 16:08:02.569 INFO [main] org.apache.catalina.startup.HostConfig.deployDirectory Deployment of web application directory [D:\CN Java\projectjava\apache-tomcat-9.0.46\webapps\docs] has finished in [2,366] ms
18-Jun-2021 16:08:02.569 INFO [main] org.apache.catalina.startup.HostConfig.deployDirectory Deploying web application directory [D:\CN Java\projectjava\apache-tomcat-9.0.46\webapps\examples]
18-Jun-2021 16:08:04.816 INFO [main] org.apache.catalina.startup.HostConfig.deployDirectory Deployment of web application directory [D:\CN Java\projectjava\apache-tomcat-9.0.46\webapps\examples] has finished in [2,247] ms
18-Jun-2021 16:08:04.817 INFO [main] org.apache.catalina.startup.HostConfig.deployDirectory Deploying web application directory [D:\CN Java\projectjava\apache-tomcat-9.0.46\webapps\host-manager]
18-Jun-2021 16:08:04.924 INFO [main] org.apache.catalina.startup.HostConfig.deployDirectory Deployment of web application directory [D:\CN Java\projectjava\apache-tomcat-9.0.46\webapps\host-manager] has finished in [106] ms
18-Jun-2021 16:08:04.925 INFO [main] org.apache.catalina.startup.HostConfig.deployDirectory Deploying web application directory [D:\CN Java\projectjava\apache-tomcat-9.0.46\webapps\manager]
18-Jun-2021 16:08:05.024 INFO [main] org.apache.catalina.startup.HostConfig.deployDirectory Deployment of web application directory [D:\CN Java\projectjava\apache-tomcat-9.0.46\webapps\manager] has finished in [98] ms
18-Jun-2021 16:08:05.024 INFO [main] org.apache.catalina.startup.HostConfig.deployDirectory Deploying web application directory [D:\CN Java\projectjava\apache-tomcat-9.0.46\webapps\ROOT]
18-Jun-2021 16:08:05.103 INFO [main] org.apache.catalina.startup.HostConfig.deployDirectory Deployment of web application directory [D:\CN Java\projectjava\apache-tomcat-9.0.46\webapps\ROOT] has finished in [79] ms
18-Jun-2021 16:08:05.108 INFO [main] org.apache.coyote.AbstractProtocol.start Starting ProtocolHandler ["http-nio-8080"]
18-Jun-2021 16:08:05.127 INFO [main] org.apache.catalina.startup.Catalina.start Server startup in [5313] milliseconds
18-Jun-2021 16:08:10.102 INFO [http-nio-8080-exec-1] org.apache.catalina.startup.HostConfig.deployDescriptor Deploying deployment descriptor [D:\CN Java\projectjava\apache-tomcat-9.0.46\conf\Catalina\localhost\projectjava.xml]
18-Jun-2021 16:08:10.104 WARNING [http-nio-8080-exec-1] org.apache.catalina.startup.HostConfig.deployDescriptor The path attribute with value [/projectjava] in deployment descriptor [D:\CN Java\projectjava\apache-tomcat-9.0.46\conf\Catalina\localhost\projectjava.xml] has been ignored
18-Jun-2021 16:08:15.821 INFO [http-nio-8080-exec-1] org.apache.jasper.servlet.TldScanner.scanJars At least one JAR was scanned for TLDs yet contained no TLDs. Enable debug logging for this logger for a complete list of JARs that were scanned but no TLDs were found in them. Skipping unneeded JARs during scanning can improve startup time and JSP compilation time.
18-Jun-2021 16:08:15.937 INFO [http-nio-8080-exec-1] com.sun.faces.config.ConfigureListener.contextInitialized Initializing Mojarra 2.3.9 ( 20190401-1936 77894020e94a338c9701619b7ef6e9871c5a9079) for context '/projectjava'
18-Jun-2021 16:08:16.243 INFO [http-nio-8080-exec-1] com.sun.faces.spi.InjectionProviderFactory.createInstance JSF1048: PostConstruct/PreDestroy annotations present.  ManagedBeans methods marked with these annotations will have said annotations processed.
18-Jun-2021 16:08:16.890 INFO [http-nio-8080-exec-1] net.bootsfaces.listeners.AddResourcesListener.<clinit> This application is running on BootsFaces 1.5.0-
18-Jun-2021 16:08:17.492 INFO [http-nio-8080-exec-1] org.apache.catalina.startup.HostConfig.deployDescriptor Deployment of deployment descriptor [D:\CN Java\projectjava\apache-tomcat-9.0.46\conf\Catalina\localhost\projectjava.xml] has finished in [7,390] ms
18-Jun-2021 16:08:17.500 INFO [http-nio-8080-exec-10] org.apache.catalina.util.LifecycleBase.start The start() method was called on component [StandardEngine[Catalina].StandardHost[localhost].StandardContext[/projectjava]] after start() had already been called. The second call will be ignored.
18-Jun-2021 16:08:20.488 INFO [http-nio-8080-exec-4] com.sun.faces.application.view.ViewScopeManager.<init> CDI @ViewScoped bean functionality unavailable
18-Jun-2021 16:14:52.446 INFO [http-nio-8080-exec-9] org.apache.catalina.core.StandardContext.reload Reloading Context with name [/projectjava] has started
18-Jun-2021 16:14:59.060 INFO [http-nio-8080-exec-9] org.apache.jasper.servlet.TldScanner.scanJars At least one JAR was scanned for TLDs yet contained no TLDs. Enable debug logging for this logger for a complete list of JARs that were scanned but no TLDs were found in them. Skipping unneeded JARs during scanning can improve startup time and JSP compilation time.
18-Jun-2021 16:14:59.325 INFO [http-nio-8080-exec-9] com.sun.faces.config.ConfigureListener.contextInitialized Initializing Mojarra 2.3.9 ( 20190401-1936 77894020e94a338c9701619b7ef6e9871c5a9079) for context '/projectjava'
18-Jun-2021 16:14:59.584 INFO [http-nio-8080-exec-9] com.sun.faces.spi.InjectionProviderFactory.createInstance JSF1048: PostConstruct/PreDestroy annotations present.  ManagedBeans methods marked with these annotations will have said annotations processed.
18-Jun-2021 16:15:00.290 INFO [http-nio-8080-exec-9] net.bootsfaces.listeners.AddResourcesListener.<clinit> This application is running on BootsFaces 1.5.0-
18-Jun-2021 16:15:00.878 INFO [29] org.apache.catalina.core.StandardContext.reload Reloading Context with name [/projectjava] is completed
18-Jun-2021 16:15:01.254 INFO [http-nio-8080-exec-6] org.apache.catalina.core.StandardContext.reload Reloading Context with name [/projectjava] has started
18-Jun-2021 16:15:05.875 INFO [http-nio-8080-exec-6] org.apache.jasper.servlet.TldScanner.scanJars At least one JAR was scanned for TLDs yet contained no TLDs. Enable debug logging for this logger for a complete list of JARs that were scanned but no TLDs were found in them. Skipping unneeded JARs during scanning can improve startup time and JSP compilation time.
18-Jun-2021 16:15:06.043 INFO [http-nio-8080-exec-6] com.sun.faces.config.ConfigureListener.contextInitialized Initializing Mojarra 2.3.9 ( 20190401-1936 77894020e94a338c9701619b7ef6e9871c5a9079) for context '/projectjava'
18-Jun-2021 16:15:06.201 INFO [http-nio-8080-exec-6] com.sun.faces.spi.InjectionProviderFactory.createInstance JSF1048: PostConstruct/PreDestroy annotations present.  ManagedBeans methods marked with these annotations will have said annotations processed.
18-Jun-2021 16:15:06.528 INFO [http-nio-8080-exec-6] net.bootsfaces.listeners.AddResourcesListener.<clinit> This application is running on BootsFaces 1.5.0-
18-Jun-2021 16:15:06.845 INFO [http-nio-8080-exec-6] org.apache.catalina.core.StandardContext.reload Reloading Context with name [/projectjava] is completed
18-Jun-2021 16:18:15.700 INFO [http-nio-8080-exec-13] org.apache.catalina.core.StandardContext.reload Reloading Context with name [/projectjava] has started
18-Jun-2021 16:18:19.494 INFO [http-nio-8080-exec-13] org.apache.jasper.servlet.TldScanner.scanJars At least one JAR was scanned for TLDs yet contained no TLDs. Enable debug logging for this logger for a complete list of JARs that were scanned but no TLDs were found in them. Skipping unneeded JARs during scanning can improve startup time and JSP compilation time.
18-Jun-2021 16:18:19.599 INFO [http-nio-8080-exec-13] com.sun.faces.config.ConfigureListener.contextInitialized Initializing Mojarra 2.3.9 ( 20190401-1936 77894020e94a338c9701619b7ef6e9871c5a9079) for context '/projectjava'
18-Jun-2021 16:18:19.697 INFO [http-nio-8080-exec-13] com.sun.faces.spi.InjectionProviderFactory.createInstance JSF1048: PostConstruct/PreDestroy annotations present.  ManagedBeans methods marked with these annotations will have said annotations processed.
18-Jun-2021 16:18:20.103 INFO [http-nio-8080-exec-13] net.bootsfaces.listeners.AddResourcesListener.<clinit> This application is running on BootsFaces 1.5.0-
18-Jun-2021 16:18:20.510 INFO [http-nio-8080-exec-13] org.apache.catalina.core.StandardContext.reload Reloading Context with name [/projectjava] is completed
18-Jun-2021 16:18:59.613 INFO [http-nio-8080-exec-16] org.apache.catalina.core.StandardContext.reload Reloading Context with name [/projectjava] has started
18-Jun-2021 16:18:59.886 SEVERE [http-nio-8080-exec-16] org.apache.catalina.core.StandardContext.reload Exception starting Context with name [/projectjava]
	org.apache.catalina.LifecycleException: Failed to start component [StandardEngine[Catalina].StandardHost[localhost].StandardContext[/projectjava]]
		at org.apache.catalina.util.LifecycleBase.handleSubClassException(LifecycleBase.java:440)
		at org.apache.catalina.util.LifecycleBase.start(LifecycleBase.java:198)
		at org.apache.catalina.core.StandardContext.reload(StandardContext.java:3792)
		at org.apache.catalina.manager.ManagerServlet.reload(ManagerServlet.java:1124)
		at org.apache.catalina.manager.ManagerServlet.doGet(ManagerServlet.java:366)
		at javax.servlet.http.HttpServlet.service(HttpServlet.java:626)
		at javax.servlet.http.HttpServlet.service(HttpServlet.java:733)
		at org.apache.catalina.core.ApplicationFilterChain.internalDoFilter(ApplicationFilterChain.java:227)
		at org.apache.catalina.core.ApplicationFilterChain.doFilter(ApplicationFilterChain.java:162)
		at org.apache.tomcat.websocket.server.WsFilter.doFilter(WsFilter.java:53)
		at org.apache.catalina.core.ApplicationFilterChain.internalDoFilter(ApplicationFilterChain.java:189)
		at org.apache.catalina.core.ApplicationFilterChain.doFilter(ApplicationFilterChain.java:162)
		at org.apache.catalina.filters.HttpHeaderSecurityFilter.doFilter(HttpHeaderSecurityFilter.java:126)
		at org.apache.catalina.core.ApplicationFilterChain.internalDoFilter(ApplicationFilterChain.java:189)
		at org.apache.catalina.core.ApplicationFilterChain.doFilter(ApplicationFilterChain.java:162)
		at org.apache.catalina.core.StandardWrapperValve.invoke(StandardWrapperValve.java:202)
		at org.apache.catalina.core.StandardContextValve.invoke(StandardContextValve.java:97)
		at org.apache.catalina.authenticator.AuthenticatorBase.invoke(AuthenticatorBase.java:667)
		at org.apache.catalina.valves.RequestFilterValve.process(RequestFilterValve.java:378)
		at org.apache.catalina.valves.RemoteAddrValve.invoke(RemoteAddrValve.java:56)
		at org.apache.catalina.core.StandardHostValve.invoke(StandardHostValve.java:143)
		at org.apache.catalina.valves.ErrorReportValve.invoke(ErrorReportValve.java:92)
		at org.apache.catalina.valves.AbstractAccessLogValve.invoke(AbstractAccessLogValve.java:687)
		at org.apache.catalina.core.StandardEngineValve.invoke(StandardEngineValve.java:78)
		at org.apache.catalina.connector.CoyoteAdapter.service(CoyoteAdapter.java:357)
		at org.apache.coyote.http11.Http11Processor.service(Http11Processor.java:374)
		at org.apache.coyote.AbstractProcessorLight.process(AbstractProcessorLight.java:65)
		at org.apache.coyote.AbstractProtocol$ConnectionHandler.process(AbstractProtocol.java:893)
		at org.apache.tomcat.util.net.NioEndpoint$SocketProcessor.doRun(NioEndpoint.java:1707)
		at org.apache.tomcat.util.net.SocketProcessorBase.run(SocketProcessorBase.java:49)
		at java.base/java.util.concurrent.ThreadPoolExecutor.runWorker(ThreadPoolExecutor.java:1130)
		at java.base/java.util.concurrent.ThreadPoolExecutor$Worker.run(ThreadPoolExecutor.java:630)
		at org.apache.tomcat.util.threads.TaskThread$WrappingRunnable.run(TaskThread.java:61)
		at java.base/java.lang.Thread.run(Thread.java:831)
	Caused by: java.lang.ClassFormatError: Absent Code attribute in method that is not native or abstract in class file javax/faces/webapp/FacesServlet
		at java.base/java.lang.ClassLoader.defineClass1(Native Method)
		at java.base/java.lang.ClassLoader.defineClass(ClassLoader.java:1010)
		at java.base/java.security.SecureClassLoader.defineClass(SecureClassLoader.java:150)
		at org.apache.catalina.loader.WebappClassLoaderBase.findClassInternal(WebappClassLoaderBase.java:2432)
		at org.apache.catalina.loader.WebappClassLoaderBase.findClass(WebappClassLoaderBase.java:864)
		at org.apache.catalina.loader.WebappClassLoaderBase.loadClass(WebappClassLoaderBase.java:1333)
		at org.apache.catalina.loader.WebappClassLoaderBase.loadClass(WebappClassLoaderBase.java:1187)
		at com.sun.faces.config.FacesInitializer.<clinit>(FacesInitializer.java:130)
		at java.base/java.lang.Class.forName0(Native Method)
		at java.base/java.lang.Class.forName(Class.java:466)
		at org.apache.catalina.startup.WebappServiceLoader.loadServices(WebappServiceLoader.java:226)
		at org.apache.catalina.startup.WebappServiceLoader.load(WebappServiceLoader.java:197)
		at org.apache.catalina.startup.ContextConfig.processServletContainerInitializers(ContextConfig.java:1840)
		at org.apache.catalina.startup.ContextConfig.webConfig(ContextConfig.java:1298)
		at org.apache.catalina.startup.ContextConfig.configureStart(ContextConfig.java:986)
		at org.apache.catalina.startup.ContextConfig.lifecycleEvent(ContextConfig.java:303)
		at org.apache.catalina.util.LifecycleBase.fireLifecycleEvent(LifecycleBase.java:123)
		at org.apache.catalina.core.StandardContext.startInternal(StandardContext.java:5077)
		at org.apache.catalina.util.LifecycleBase.start(LifecycleBase.java:183)
		... 32 more
18-Jun-2021 16:18:59.895 INFO [http-nio-8080-exec-16] org.apache.catalina.core.StandardContext.reload Reloading Context with name [/projectjava] is completed
18-Jun-2021 16:19:16.499 INFO [http-nio-8080-exec-22] org.apache.catalina.startup.HostConfig.undeploy Undeploying context [/projectjava]
18-Jun-2021 16:19:16.516 INFO [http-nio-8080-exec-26] org.apache.catalina.startup.HostConfig.deployDescriptor Deploying deployment descriptor [D:\CN Java\projectjava\apache-tomcat-9.0.46\conf\Catalina\localhost\projectjava.xml]
18-Jun-2021 16:19:16.518 WARNING [http-nio-8080-exec-26] org.apache.catalina.startup.HostConfig.deployDescriptor The path attribute with value [/projectjava] in deployment descriptor [D:\CN Java\projectjava\apache-tomcat-9.0.46\conf\Catalina\localhost\projectjava.xml] has been ignored
18-Jun-2021 16:19:20.560 INFO [http-nio-8080-exec-26] org.apache.jasper.servlet.TldScanner.scanJars At least one JAR was scanned for TLDs yet contained no TLDs. Enable debug logging for this logger for a complete list of JARs that were scanned but no TLDs were found in them. Skipping unneeded JARs during scanning can improve startup time and JSP compilation time.
18-Jun-2021 16:19:20.714 INFO [http-nio-8080-exec-26] com.sun.faces.config.ConfigureListener.contextInitialized Initializing Mojarra 2.3.9 ( 20190401-1936 77894020e94a338c9701619b7ef6e9871c5a9079) for context '/projectjava'
18-Jun-2021 16:19:20.867 INFO [http-nio-8080-exec-26] com.sun.faces.spi.InjectionProviderFactory.createInstance JSF1048: PostConstruct/PreDestroy annotations present.  ManagedBeans methods marked with these annotations will have said annotations processed.
18-Jun-2021 16:19:21.281 INFO [http-nio-8080-exec-26] net.bootsfaces.listeners.AddResourcesListener.<clinit> This application is running on BootsFaces 1.5.0-
18-Jun-2021 16:19:21.827 INFO [http-nio-8080-exec-26] org.apache.catalina.startup.HostConfig.deployDescriptor Deployment of deployment descriptor [D:\CN Java\projectjava\apache-tomcat-9.0.46\conf\Catalina\localhost\projectjava.xml] has finished in [5,310] ms
18-Jun-2021 16:19:21.836 INFO [http-nio-8080-exec-20] org.apache.catalina.util.LifecycleBase.start The start() method was called on component [StandardEngine[Catalina].StandardHost[localhost].StandardContext[/projectjava]] after start() had already been called. The second call will be ignored.
18-Jun-2021 16:19:24.487 INFO [http-nio-8080-exec-21] org.apache.catalina.core.StandardContext.reload Reloading Context with name [/projectjava] has started
18-Jun-2021 16:19:28.319 INFO [http-nio-8080-exec-21] org.apache.jasper.servlet.TldScanner.scanJars At least one JAR was scanned for TLDs yet contained no TLDs. Enable debug logging for this logger for a complete list of JARs that were scanned but no TLDs were found in them. Skipping unneeded JARs during scanning can improve startup time and JSP compilation time.
18-Jun-2021 16:19:28.465 INFO [http-nio-8080-exec-21] com.sun.faces.config.ConfigureListener.contextInitialized Initializing Mojarra 2.3.9 ( 20190401-1936 77894020e94a338c9701619b7ef6e9871c5a9079) for context '/projectjava'
18-Jun-2021 16:19:28.862 INFO [http-nio-8080-exec-21] com.sun.faces.spi.InjectionProviderFactory.createInstance JSF1048: PostConstruct/PreDestroy annotations present.  ManagedBeans methods marked with these annotations will have said annotations processed.
18-Jun-2021 16:19:29.408 INFO [http-nio-8080-exec-21] net.bootsfaces.listeners.AddResourcesListener.<clinit> This application is running on BootsFaces 1.5.0-
18-Jun-2021 16:19:30.254 INFO [http-nio-8080-exec-21] org.apache.catalina.core.StandardContext.reload Reloading Context with name [/projectjava] is completed
18-Jun-2021 16:19:42.604 INFO [http-nio-8080-exec-14] org.apache.catalina.core.StandardContext.reload Reloading Context with name [/projectjava] has started
18-Jun-2021 16:19:48.182 INFO [http-nio-8080-exec-14] org.apache.jasper.servlet.TldScanner.scanJars At least one JAR was scanned for TLDs yet contained no TLDs. Enable debug logging for this logger for a complete list of JARs that were scanned but no TLDs were found in them. Skipping unneeded JARs during scanning can improve startup time and JSP compilation time.
18-Jun-2021 16:19:48.338 INFO [http-nio-8080-exec-14] com.sun.faces.config.ConfigureListener.contextInitialized Initializing Mojarra 2.3.9 ( 20190401-1936 77894020e94a338c9701619b7ef6e9871c5a9079) for context '/projectjava'
18-Jun-2021 16:19:48.482 INFO [http-nio-8080-exec-14] com.sun.faces.spi.InjectionProviderFactory.createInstance JSF1048: PostConstruct/PreDestroy annotations present.  ManagedBeans methods marked with these annotations will have said annotations processed.
18-Jun-2021 16:19:48.581 SEVERE [http-nio-8080-exec-14] com.sun.faces.config.ConfigureListener.contextInitialized Critical error during deployment: 
	com.sun.faces.config.ConfigurationException: CONFIGURATION FAILED! javax.faces.component.search.SearchExpressionContextFactory
		at com.sun.faces.config.ConfigManager.initialize(ConfigManager.java:457)
		at com.sun.faces.config.ConfigureListener.contextInitialized(ConfigureListener.java:237)
		at org.apache.catalina.core.StandardContext.listenerStart(StandardContext.java:4714)
		at org.apache.catalina.core.StandardContext.startInternal(StandardContext.java:5172)
		at org.apache.catalina.util.LifecycleBase.start(LifecycleBase.java:183)
		at org.apache.catalina.core.StandardContext.reload(StandardContext.java:3792)
		at org.apache.catalina.manager.ManagerServlet.reload(ManagerServlet.java:1124)
		at org.apache.catalina.manager.ManagerServlet.doGet(ManagerServlet.java:366)
		at javax.servlet.http.HttpServlet.service(HttpServlet.java:626)
		at javax.servlet.http.HttpServlet.service(HttpServlet.java:733)
		at org.apache.catalina.core.ApplicationFilterChain.internalDoFilter(ApplicationFilterChain.java:227)
		at org.apache.catalina.core.ApplicationFilterChain.doFilter(ApplicationFilterChain.java:162)
		at org.apache.tomcat.websocket.server.WsFilter.doFilter(WsFilter.java:53)
		at org.apache.catalina.core.ApplicationFilterChain.internalDoFilter(ApplicationFilterChain.java:189)
		at org.apache.catalina.core.ApplicationFilterChain.doFilter(ApplicationFilterChain.java:162)
		at org.apache.catalina.filters.HttpHeaderSecurityFilter.doFilter(HttpHeaderSecurityFilter.java:126)
		at org.apache.catalina.core.ApplicationFilterChain.internalDoFilter(ApplicationFilterChain.java:189)
		at org.apache.catalina.core.ApplicationFilterChain.doFilter(ApplicationFilterChain.java:162)
		at org.apache.catalina.core.StandardWrapperValve.invoke(StandardWrapperValve.java:202)
		at org.apache.catalina.core.StandardContextValve.invoke(StandardContextValve.java:97)
		at org.apache.catalina.authenticator.AuthenticatorBase.invoke(AuthenticatorBase.java:667)
		at org.apache.catalina.valves.RequestFilterValve.process(RequestFilterValve.java:378)
		at org.apache.catalina.valves.RemoteAddrValve.invoke(RemoteAddrValve.java:56)
		at org.apache.catalina.core.StandardHostValve.invoke(StandardHostValve.java:143)
		at org.apache.catalina.valves.ErrorReportValve.invoke(ErrorReportValve.java:92)
		at org.apache.catalina.valves.AbstractAccessLogValve.invoke(AbstractAccessLogValve.java:687)
		at org.apache.catalina.core.StandardEngineValve.invoke(StandardEngineValve.java:78)
		at org.apache.catalina.connector.CoyoteAdapter.service(CoyoteAdapter.java:357)
		at org.apache.coyote.http11.Http11Processor.service(Http11Processor.java:374)
		at org.apache.coyote.AbstractProcessorLight.process(AbstractProcessorLight.java:65)
		at org.apache.coyote.AbstractProtocol$ConnectionHandler.process(AbstractProtocol.java:893)
		at org.apache.tomcat.util.net.NioEndpoint$SocketProcessor.doRun(NioEndpoint.java:1707)
		at org.apache.tomcat.util.net.SocketProcessorBase.run(SocketProcessorBase.java:49)
		at java.base/java.util.concurrent.ThreadPoolExecutor.runWorker(ThreadPoolExecutor.java:1130)
		at java.base/java.util.concurrent.ThreadPoolExecutor$Worker.run(ThreadPoolExecutor.java:630)
		at org.apache.tomcat.util.threads.TaskThread$WrappingRunnable.run(TaskThread.java:61)
		at java.base/java.lang.Thread.run(Thread.java:831)
	Caused by: java.lang.IllegalArgumentException: javax.faces.component.search.SearchExpressionContextFactory
		at javax.faces.FactoryFinder.validateFactoryName(FactoryFinder.java:751)
		at javax.faces.FactoryFinder.setFactory(FactoryFinder.java:404)
		at com.sun.faces.config.processor.FactoryConfigProcessor.setFactory(FactoryConfigProcessor.java:343)
		at com.sun.faces.config.processor.FactoryConfigProcessor.processFactories(FactoryConfigProcessor.java:324)
		at com.sun.faces.config.processor.FactoryConfigProcessor.process(FactoryConfigProcessor.java:223)
		at com.sun.faces.config.ConfigManager.initialize(ConfigManager.java:443)
		... 36 more
18-Jun-2021 16:19:48.600 SEVERE [http-nio-8080-exec-14] org.apache.catalina.core.StandardContext.startInternal One or more listeners failed to start. Full details will be found in the appropriate container log file
18-Jun-2021 16:19:48.601 SEVERE [http-nio-8080-exec-14] org.apache.catalina.core.StandardContext.startInternal Context [/projectjava] startup failed due to previous errors
18-Jun-2021 16:19:48.611 SEVERE [http-nio-8080-exec-14] javax.faces.FactoryFinder$FactoryManager.getFactory Application was not properly initialized at startup, could not find Factory: javax.faces.application.ApplicationFactory. Attempting to find backup.
18-Jun-2021 16:19:48.612 SEVERE [http-nio-8080-exec-14] com.sun.faces.config.ConfigureListener.contextDestroyed Unexpected exception when attempting to tear down the Mojarra runtime
	java.lang.IllegalStateException: Could not find backup for factory javax.faces.application.ApplicationFactory. 
		at javax.faces.FactoryFinder$FactoryManager.getFactory(FactoryFinder.java:1135)
		at javax.faces.FactoryFinder.getFactory(FactoryFinder.java:379)
		at com.sun.faces.config.InitFacesContext.getApplication(InitFacesContext.java:152)
		at com.sun.faces.config.ConfigureListener.contextDestroyed(ConfigureListener.java:367)
		at org.apache.catalina.core.StandardContext.listenerStop(StandardContext.java:4760)
		at org.apache.catalina.core.StandardContext.stopInternal(StandardContext.java:5418)
		at org.apache.catalina.util.LifecycleBase.stop(LifecycleBase.java:257)
		at org.apache.catalina.util.LifecycleBase.start(LifecycleBase.java:187)
		at org.apache.catalina.core.StandardContext.reload(StandardContext.java:3792)
		at org.apache.catalina.manager.ManagerServlet.reload(ManagerServlet.java:1124)
		at org.apache.catalina.manager.ManagerServlet.doGet(ManagerServlet.java:366)
		at javax.servlet.http.HttpServlet.service(HttpServlet.java:626)
		at javax.servlet.http.HttpServlet.service(HttpServlet.java:733)
		at org.apache.catalina.core.ApplicationFilterChain.internalDoFilter(ApplicationFilterChain.java:227)
		at org.apache.catalina.core.ApplicationFilterChain.doFilter(ApplicationFilterChain.java:162)
		at org.apache.tomcat.websocket.server.WsFilter.doFilter(WsFilter.java:53)
		at org.apache.catalina.core.ApplicationFilterChain.internalDoFilter(ApplicationFilterChain.java:189)
		at org.apache.catalina.core.ApplicationFilterChain.doFilter(ApplicationFilterChain.java:162)
		at org.apache.catalina.filters.HttpHeaderSecurityFilter.doFilter(HttpHeaderSecurityFilter.java:126)
		at org.apache.catalina.core.ApplicationFilterChain.internalDoFilter(ApplicationFilterChain.java:189)
		at org.apache.catalina.core.ApplicationFilterChain.doFilter(ApplicationFilterChain.java:162)
		at org.apache.catalina.core.StandardWrapperValve.invoke(StandardWrapperValve.java:202)
		at org.apache.catalina.core.StandardContextValve.invoke(StandardContextValve.java:97)
		at org.apache.catalina.authenticator.AuthenticatorBase.invoke(AuthenticatorBase.java:667)
		at org.apache.catalina.valves.RequestFilterValve.process(RequestFilterValve.java:378)
		at org.apache.catalina.valves.RemoteAddrValve.invoke(RemoteAddrValve.java:56)
		at org.apache.catalina.core.StandardHostValve.invoke(StandardHostValve.java:143)
		at org.apache.catalina.valves.ErrorReportValve.invoke(ErrorReportValve.java:92)
		at org.apache.catalina.valves.AbstractAccessLogValve.invoke(AbstractAccessLogValve.java:687)
		at org.apache.catalina.core.StandardEngineValve.invoke(StandardEngineValve.java:78)
		at org.apache.catalina.connector.CoyoteAdapter.service(CoyoteAdapter.java:357)
		at org.apache.coyote.http11.Http11Processor.service(Http11Processor.java:374)
		at org.apache.coyote.AbstractProcessorLight.process(AbstractProcessorLight.java:65)
		at org.apache.coyote.AbstractProtocol$ConnectionHandler.process(AbstractProtocol.java:893)
		at org.apache.tomcat.util.net.NioEndpoint$SocketProcessor.doRun(NioEndpoint.java:1707)
		at org.apache.tomcat.util.net.SocketProcessorBase.run(SocketProcessorBase.java:49)
		at java.base/java.util.concurrent.ThreadPoolExecutor.runWorker(ThreadPoolExecutor.java:1130)
		at java.base/java.util.concurrent.ThreadPoolExecutor$Worker.run(ThreadPoolExecutor.java:630)
		at org.apache.tomcat.util.threads.TaskThread$WrappingRunnable.run(TaskThread.java:61)
		at java.base/java.lang.Thread.run(Thread.java:831)
18-Jun-2021 16:19:48.785 INFO [37] org.apache.catalina.core.StandardContext.reload Reloading Context with name [/projectjava] is completed
18-Jun-2021 16:20:02.993 INFO [http-nio-8080-exec-12] org.apache.catalina.util.LifecycleBase.stop The stop() method was called on component [StandardEngine[Catalina].StandardHost[localhost].StandardContext[/projectjava]] after stop() had already been called. The second call will be ignored.
18-Jun-2021 16:20:03.511 INFO [http-nio-8080-exec-12] org.apache.catalina.startup.HostConfig.undeploy Undeploying context [/projectjava]
18-Jun-2021 16:20:03.528 INFO [http-nio-8080-exec-23] org.apache.catalina.startup.HostConfig.deployDescriptor Deploying deployment descriptor [D:\CN Java\projectjava\apache-tomcat-9.0.46\conf\Catalina\localhost\projectjava.xml]
18-Jun-2021 16:20:03.531 WARNING [http-nio-8080-exec-23] org.apache.catalina.startup.HostConfig.deployDescriptor The path attribute with value [/projectjava] in deployment descriptor [D:\CN Java\projectjava\apache-tomcat-9.0.46\conf\Catalina\localhost\projectjava.xml] has been ignored
18-Jun-2021 16:20:08.168 INFO [http-nio-8080-exec-23] org.apache.jasper.servlet.TldScanner.scanJars At least one JAR was scanned for TLDs yet contained no TLDs. Enable debug logging for this logger for a complete list of JARs that were scanned but no TLDs were found in them. Skipping unneeded JARs during scanning can improve startup time and JSP compilation time.
18-Jun-2021 16:20:08.370 INFO [http-nio-8080-exec-23] com.sun.faces.config.ConfigureListener.contextInitialized Initializing Mojarra 2.3.9 ( 20190401-1936 77894020e94a338c9701619b7ef6e9871c5a9079) for context '/projectjava'
18-Jun-2021 16:20:08.629 INFO [http-nio-8080-exec-23] com.sun.faces.spi.InjectionProviderFactory.createInstance JSF1048: PostConstruct/PreDestroy annotations present.  ManagedBeans methods marked with these annotations will have said annotations processed.
18-Jun-2021 16:20:09.142 INFO [http-nio-8080-exec-23] net.bootsfaces.listeners.AddResourcesListener.<clinit> This application is running on BootsFaces 1.5.0-
18-Jun-2021 16:20:09.887 INFO [46] org.apache.catalina.startup.HostConfig.deployDescriptor Deployment of deployment descriptor [D:\CN Java\projectjava\apache-tomcat-9.0.46\conf\Catalina\localhost\projectjava.xml] has finished in [6,359] ms
18-Jun-2021 16:20:09.896 INFO [http-nio-8080-exec-33] org.apache.catalina.util.LifecycleBase.start The start() method was called on component [StandardEngine[Catalina].StandardHost[localhost].StandardContext[/projectjava]] after start() had already been called. The second call will be ignored.
18-Jun-2021 16:20:10.257 INFO [http-nio-8080-exec-29] org.apache.catalina.core.StandardContext.reload Reloading Context with name [/projectjava] has started
18-Jun-2021 16:20:14.401 INFO [http-nio-8080-exec-29] org.apache.jasper.servlet.TldScanner.scanJars At least one JAR was scanned for TLDs yet contained no TLDs. Enable debug logging for this logger for a complete list of JARs that were scanned but no TLDs were found in them. Skipping unneeded JARs during scanning can improve startup time and JSP compilation time.
18-Jun-2021 16:20:14.526 INFO [http-nio-8080-exec-29] com.sun.faces.config.ConfigureListener.contextInitialized Initializing Mojarra 2.3.9 ( 20190401-1936 77894020e94a338c9701619b7ef6e9871c5a9079) for context '/projectjava'
18-Jun-2021 16:20:14.669 INFO [http-nio-8080-exec-29] com.sun.faces.spi.InjectionProviderFactory.createInstance JSF1048: PostConstruct/PreDestroy annotations present.  ManagedBeans methods marked with these annotations will have said annotations processed.
18-Jun-2021 16:20:15.035 INFO [http-nio-8080-exec-29] net.bootsfaces.listeners.AddResourcesListener.<clinit> This application is running on BootsFaces 1.5.0-
18-Jun-2021 16:20:15.615 INFO [http-nio-8080-exec-29] org.apache.catalina.core.StandardContext.reload Reloading Context with name [/projectjava] is completed
18-Jun-2021 16:23:52.051 INFO [http-nio-8080-exec-41] org.apache.catalina.core.StandardContext.reload Reloading Context with name [/projectjava] has started
18-Jun-2021 16:23:55.875 INFO [http-nio-8080-exec-41] org.apache.jasper.servlet.TldScanner.scanJars At least one JAR was scanned for TLDs yet contained no TLDs. Enable debug logging for this logger for a complete list of JARs that were scanned but no TLDs were found in them. Skipping unneeded JARs during scanning can improve startup time and JSP compilation time.
18-Jun-2021 16:23:56.003 INFO [http-nio-8080-exec-41] com.sun.faces.config.ConfigureListener.contextInitialized Initializing Mojarra 2.3.9 ( 20190401-1936 77894020e94a338c9701619b7ef6e9871c5a9079) for context '/projectjava'
18-Jun-2021 16:23:56.146 INFO [http-nio-8080-exec-41] com.sun.faces.spi.InjectionProviderFactory.createInstance JSF1048: PostConstruct/PreDestroy annotations present.  ManagedBeans methods marked with these annotations will have said annotations processed.
18-Jun-2021 16:23:56.513 INFO [http-nio-8080-exec-41] net.bootsfaces.listeners.AddResourcesListener.<clinit> This application is running on BootsFaces 1.5.0-
18-Jun-2021 16:23:56.893 INFO [http-nio-8080-exec-41] org.apache.catalina.core.StandardContext.reload Reloading Context with name [/projectjava] is completed
18-Jun-2021 16:23:59.172 INFO [http-nio-8080-exec-33] org.apache.catalina.core.StandardContext.reload Reloading Context with name [/projectjava] has started
18-Jun-2021 16:24:02.917 INFO [http-nio-8080-exec-33] org.apache.jasper.servlet.TldScanner.scanJars At least one JAR was scanned for TLDs yet contained no TLDs. Enable debug logging for this logger for a complete list of JARs that were scanned but no TLDs were found in them. Skipping unneeded JARs during scanning can improve startup time and JSP compilation time.
18-Jun-2021 16:24:03.074 INFO [http-nio-8080-exec-33] com.sun.faces.config.ConfigureListener.contextInitialized Initializing Mojarra 2.3.9 ( 20190401-1936 77894020e94a338c9701619b7ef6e9871c5a9079) for context '/projectjava'
18-Jun-2021 16:24:03.423 INFO [http-nio-8080-exec-33] com.sun.faces.spi.InjectionProviderFactory.createInstance JSF1048: PostConstruct/PreDestroy annotations present.  ManagedBeans methods marked with these annotations will have said annotations processed.
18-Jun-2021 16:24:03.847 INFO [http-nio-8080-exec-33] net.bootsfaces.listeners.AddResourcesListener.<clinit> This application is running on BootsFaces 1.5.0-
18-Jun-2021 16:24:04.455 INFO [http-nio-8080-exec-33] org.apache.catalina.core.StandardContext.reload Reloading Context with name [/projectjava] is completed
18-Jun-2021 16:24:24.619 INFO [http-nio-8080-exec-43] org.apache.catalina.core.StandardContext.reload Reloading Context with name [/projectjava] has started
18-Jun-2021 16:24:28.045 INFO [http-nio-8080-exec-43] org.apache.jasper.servlet.TldScanner.scanJars At least one JAR was scanned for TLDs yet contained no TLDs. Enable debug logging for this logger for a complete list of JARs that were scanned but no TLDs were found in them. Skipping unneeded JARs during scanning can improve startup time and JSP compilation time.
18-Jun-2021 16:24:28.141 INFO [http-nio-8080-exec-43] com.sun.faces.config.ConfigureListener.contextInitialized Initializing Mojarra 2.3.9 ( 20190401-1936 77894020e94a338c9701619b7ef6e9871c5a9079) for context '/projectjava'
18-Jun-2021 16:24:28.348 INFO [http-nio-8080-exec-43] com.sun.faces.spi.InjectionProviderFactory.createInstance JSF1048: PostConstruct/PreDestroy annotations present.  ManagedBeans methods marked with these annotations will have said annotations processed.
18-Jun-2021 16:24:29.074 INFO [http-nio-8080-exec-43] net.bootsfaces.listeners.AddResourcesListener.<clinit> This application is running on BootsFaces 1.5.0-
18-Jun-2021 16:24:29.792 INFO [http-nio-8080-exec-43] org.apache.catalina.core.StandardContext.reload Reloading Context with name [/projectjava] is completed
18-Jun-2021 16:26:17.203 INFO [http-nio-8080-exec-55] org.apache.catalina.core.StandardContext.reload Reloading Context with name [/projectjava] has started
18-Jun-2021 16:26:20.438 INFO [http-nio-8080-exec-55] org.apache.jasper.servlet.TldScanner.scanJars At least one JAR was scanned for TLDs yet contained no TLDs. Enable debug logging for this logger for a complete list of JARs that were scanned but no TLDs were found in them. Skipping unneeded JARs during scanning can improve startup time and JSP compilation time.
18-Jun-2021 16:26:20.561 INFO [http-nio-8080-exec-55] com.sun.faces.config.ConfigureListener.contextInitialized Initializing Mojarra 2.3.9 ( 20190401-1936 77894020e94a338c9701619b7ef6e9871c5a9079) for context '/projectjava'
18-Jun-2021 16:26:20.693 INFO [http-nio-8080-exec-55] com.sun.faces.spi.InjectionProviderFactory.createInstance JSF1048: PostConstruct/PreDestroy annotations present.  ManagedBeans methods marked with these annotations will have said annotations processed.
18-Jun-2021 16:26:20.964 INFO [http-nio-8080-exec-55] net.bootsfaces.listeners.AddResourcesListener.<clinit> This application is running on BootsFaces 1.5.0-
18-Jun-2021 16:26:21.281 INFO [http-nio-8080-exec-55] org.apache.catalina.core.StandardContext.reload Reloading Context with name [/projectjava] is completed
18-Jun-2021 16:29:38.134 INFO [http-nio-8080-exec-63] org.apache.catalina.core.StandardContext.reload Reloading Context with name [/projectjava] has started
18-Jun-2021 16:29:40.976 INFO [http-nio-8080-exec-63] org.apache.jasper.servlet.TldScanner.scanJars At least one JAR was scanned for TLDs yet contained no TLDs. Enable debug logging for this logger for a complete list of JARs that were scanned but no TLDs were found in them. Skipping unneeded JARs during scanning can improve startup time and JSP compilation time.
18-Jun-2021 16:29:41.061 INFO [http-nio-8080-exec-63] com.sun.faces.config.ConfigureListener.contextInitialized Initializing Mojarra 2.3.9 ( 20190401-1936 77894020e94a338c9701619b7ef6e9871c5a9079) for context '/projectjava'
18-Jun-2021 16:29:41.144 INFO [http-nio-8080-exec-63] com.sun.faces.spi.InjectionProviderFactory.createInstance JSF1048: PostConstruct/PreDestroy annotations present.  ManagedBeans methods marked with these annotations will have said annotations processed.
18-Jun-2021 16:29:41.637 INFO [http-nio-8080-exec-63] net.bootsfaces.listeners.AddResourcesListener.<clinit> This application is running on BootsFaces 1.5.0-
18-Jun-2021 16:29:42.012 INFO [http-nio-8080-exec-63] org.apache.catalina.core.StandardContext.reload Reloading Context with name [/projectjava] is completed
18-Jun-2021 16:31:26.834 INFO [http-nio-8080-exec-68] org.apache.catalina.core.StandardContext.reload Reloading Context with name [/projectjava] has started
18-Jun-2021 16:31:30.688 INFO [http-nio-8080-exec-68] org.apache.jasper.servlet.TldScanner.scanJars At least one JAR was scanned for TLDs yet contained no TLDs. Enable debug logging for this logger for a complete list of JARs that were scanned but no TLDs were found in them. Skipping unneeded JARs during scanning can improve startup time and JSP compilation time.
18-Jun-2021 16:31:30.795 INFO [http-nio-8080-exec-68] com.sun.faces.config.ConfigureListener.contextInitialized Initializing Mojarra 2.3.9 ( 20190401-1936 77894020e94a338c9701619b7ef6e9871c5a9079) for context '/projectjava'
18-Jun-2021 16:31:30.891 INFO [http-nio-8080-exec-68] com.sun.faces.spi.InjectionProviderFactory.createInstance JSF1048: PostConstruct/PreDestroy annotations present.  ManagedBeans methods marked with these annotations will have said annotations processed.
18-Jun-2021 16:31:31.173 INFO [http-nio-8080-exec-68] net.bootsfaces.listeners.AddResourcesListener.<clinit> This application is running on BootsFaces 1.5.0-
18-Jun-2021 16:31:31.625 INFO [http-nio-8080-exec-68] org.apache.catalina.core.StandardContext.reload Reloading Context with name [/projectjava] is completed
18-Jun-2021 16:31:32.105 INFO [http-nio-8080-exec-60] org.apache.catalina.core.StandardContext.reload Reloading Context with name [/projectjava] has started
18-Jun-2021 16:31:35.188 INFO [http-nio-8080-exec-60] org.apache.jasper.servlet.TldScanner.scanJars At least one JAR was scanned for TLDs yet contained no TLDs. Enable debug logging for this logger for a complete list of JARs that were scanned but no TLDs were found in them. Skipping unneeded JARs during scanning can improve startup time and JSP compilation time.
18-Jun-2021 16:31:35.305 INFO [http-nio-8080-exec-60] com.sun.faces.config.ConfigureListener.contextInitialized Initializing Mojarra 2.3.9 ( 20190401-1936 77894020e94a338c9701619b7ef6e9871c5a9079) for context '/projectjava'
18-Jun-2021 16:31:35.458 INFO [http-nio-8080-exec-60] com.sun.faces.spi.InjectionProviderFactory.createInstance JSF1048: PostConstruct/PreDestroy annotations present.  ManagedBeans methods marked with these annotations will have said annotations processed.
18-Jun-2021 16:31:35.861 INFO [http-nio-8080-exec-60] net.bootsfaces.listeners.AddResourcesListener.<clinit> This application is running on BootsFaces 1.5.0-
18-Jun-2021 16:31:36.162 INFO [http-nio-8080-exec-60] org.apache.catalina.core.StandardContext.reload Reloading Context with name [/projectjava] is completed
18-Jun-2021 16:31:39.025 INFO [http-nio-8080-exec-70] org.apache.catalina.core.StandardContext.reload Reloading Context with name [/projectjava] has started
18-Jun-2021 16:31:42.864 INFO [http-nio-8080-exec-70] org.apache.jasper.servlet.TldScanner.scanJars At least one JAR was scanned for TLDs yet contained no TLDs. Enable debug logging for this logger for a complete list of JARs that were scanned but no TLDs were found in them. Skipping unneeded JARs during scanning can improve startup time and JSP compilation time.
18-Jun-2021 16:31:43.024 INFO [http-nio-8080-exec-70] com.sun.faces.config.ConfigureListener.contextInitialized Initializing Mojarra 2.3.9 ( 20190401-1936 77894020e94a338c9701619b7ef6e9871c5a9079) for context '/projectjava'
18-Jun-2021 16:31:43.272 INFO [http-nio-8080-exec-70] com.sun.faces.spi.InjectionProviderFactory.createInstance JSF1048: PostConstruct/PreDestroy annotations present.  ManagedBeans methods marked with these annotations will have said annotations processed.
18-Jun-2021 16:31:43.660 INFO [http-nio-8080-exec-70] net.bootsfaces.listeners.AddResourcesListener.<clinit> This application is running on BootsFaces 1.5.0-
18-Jun-2021 16:31:44.022 INFO [http-nio-8080-exec-70] org.apache.catalina.core.StandardContext.reload Reloading Context with name [/projectjava] is completed
18-Jun-2021 16:41:29.774 INFO [http-nio-8080-exec-85] org.apache.jasper.servlet.TldScanner.scanJars At least one JAR was scanned for TLDs yet contained no TLDs. Enable debug logging for this logger for a complete list of JARs that were scanned but no TLDs were found in them. Skipping unneeded JARs during scanning can improve startup time and JSP compilation time.
18-Jun-2021 16:41:29.889 INFO [http-nio-8080-exec-85] com.sun.faces.config.ConfigureListener.contextInitialized Initializing Mojarra 2.3.9 ( 20190401-1936 77894020e94a338c9701619b7ef6e9871c5a9079) for context '/projectjava'
18-Jun-2021 16:41:30.097 INFO [http-nio-8080-exec-85] com.sun.faces.spi.InjectionProviderFactory.createInstance JSF1048: PostConstruct/PreDestroy annotations present.  ManagedBeans methods marked with these annotations will have said annotations processed.
18-Jun-2021 16:41:30.442 INFO [http-nio-8080-exec-85] net.bootsfaces.listeners.AddResourcesListener.<clinit> This application is running on BootsFaces 1.5.0-
18-Jun-2021 16:41:31.518 INFO [Catalina-utility-1] org.apache.catalina.startup.HostConfig.reload Reloading context [/projectjava]
18-Jun-2021 16:41:31.519 INFO [Catalina-utility-1] org.apache.catalina.core.StandardContext.reload Reloading Context with name [/projectjava] has started
18-Jun-2021 16:41:34.142 INFO [Catalina-utility-1] org.apache.jasper.servlet.TldScanner.scanJars At least one JAR was scanned for TLDs yet contained no TLDs. Enable debug logging for this logger for a complete list of JARs that were scanned but no TLDs were found in them. Skipping unneeded JARs during scanning can improve startup time and JSP compilation time.
18-Jun-2021 16:41:34.229 INFO [Catalina-utility-1] com.sun.faces.config.ConfigureListener.contextInitialized Initializing Mojarra 2.3.9 ( 20190401-1936 77894020e94a338c9701619b7ef6e9871c5a9079) for context '/projectjava'
18-Jun-2021 16:41:34.324 INFO [Catalina-utility-1] com.sun.faces.spi.InjectionProviderFactory.createInstance JSF1048: PostConstruct/PreDestroy annotations present.  ManagedBeans methods marked with these annotations will have said annotations processed.
18-Jun-2021 16:41:34.587 INFO [Catalina-utility-1] net.bootsfaces.listeners.AddResourcesListener.<clinit> This application is running on BootsFaces 1.5.0-
18-Jun-2021 16:41:34.907 INFO [Catalina-utility-1] org.apache.catalina.core.StandardContext.reload Reloading Context with name [/projectjava] is completed
18-Jun-2021 16:55:43.420 INFO [http-nio-8080-exec-95] org.apache.catalina.core.StandardContext.reload Reloading Context with name [/projectjava] has started
18-Jun-2021 16:55:46.825 INFO [http-nio-8080-exec-95] org.apache.jasper.servlet.TldScanner.scanJars At least one JAR was scanned for TLDs yet contained no TLDs. Enable debug logging for this logger for a complete list of JARs that were scanned but no TLDs were found in them. Skipping unneeded JARs during scanning can improve startup time and JSP compilation time.
18-Jun-2021 16:55:46.928 INFO [http-nio-8080-exec-95] com.sun.faces.config.ConfigureListener.contextInitialized Initializing Mojarra 2.3.9 ( 20190401-1936 77894020e94a338c9701619b7ef6e9871c5a9079) for context '/projectjava'
18-Jun-2021 16:55:47.026 INFO [http-nio-8080-exec-95] com.sun.faces.spi.InjectionProviderFactory.createInstance JSF1048: PostConstruct/PreDestroy annotations present.  ManagedBeans methods marked with these annotations will have said annotations processed.
18-Jun-2021 16:55:47.334 INFO [http-nio-8080-exec-95] net.bootsfaces.listeners.AddResourcesListener.<clinit> This application is running on BootsFaces 1.5.0-
18-Jun-2021 16:55:47.678 INFO [http-nio-8080-exec-95] org.apache.catalina.core.StandardContext.reload Reloading Context with name [/projectjava] is completed
18-Jun-2021 16:56:01.251 INFO [http-nio-8080-exec-98] org.apache.catalina.core.StandardContext.reload Reloading Context with name [/projectjava] has started
18-Jun-2021 16:56:05.714 INFO [http-nio-8080-exec-98] org.apache.jasper.servlet.TldScanner.scanJars At least one JAR was scanned for TLDs yet contained no TLDs. Enable debug logging for this logger for a complete list of JARs that were scanned but no TLDs were found in them. Skipping unneeded JARs during scanning can improve startup time and JSP compilation time.
18-Jun-2021 16:56:05.804 INFO [http-nio-8080-exec-98] com.sun.faces.config.ConfigureListener.contextInitialized Initializing Mojarra 2.3.9 ( 20190401-1936 77894020e94a338c9701619b7ef6e9871c5a9079) for context '/projectjava'
18-Jun-2021 16:56:05.885 INFO [http-nio-8080-exec-98] com.sun.faces.spi.InjectionProviderFactory.createInstance JSF1048: PostConstruct/PreDestroy annotations present.  ManagedBeans methods marked with these annotations will have said annotations processed.
18-Jun-2021 16:56:06.147 INFO [http-nio-8080-exec-98] net.bootsfaces.listeners.AddResourcesListener.<clinit> This application is running on BootsFaces 1.5.0-
18-Jun-2021 16:56:06.434 INFO [http-nio-8080-exec-98] org.apache.catalina.core.StandardContext.reload Reloading Context with name [/projectjava] is completed
18-Jun-2021 16:56:06.766 INFO [http-nio-8080-exec-90] org.apache.catalina.core.StandardContext.reload Reloading Context with name [/projectjava] has started
18-Jun-2021 16:56:10.126 INFO [http-nio-8080-exec-90] org.apache.jasper.servlet.TldScanner.scanJars At least one JAR was scanned for TLDs yet contained no TLDs. Enable debug logging for this logger for a complete list of JARs that were scanned but no TLDs were found in them. Skipping unneeded JARs during scanning can improve startup time and JSP compilation time.
18-Jun-2021 16:56:10.252 INFO [http-nio-8080-exec-90] com.sun.faces.config.ConfigureListener.contextInitialized Initializing Mojarra 2.3.9 ( 20190401-1936 77894020e94a338c9701619b7ef6e9871c5a9079) for context '/projectjava'
18-Jun-2021 16:56:10.356 INFO [http-nio-8080-exec-90] com.sun.faces.spi.InjectionProviderFactory.createInstance JSF1048: PostConstruct/PreDestroy annotations present.  ManagedBeans methods marked with these annotations will have said annotations processed.
18-Jun-2021 16:56:10.666 INFO [http-nio-8080-exec-90] net.bootsfaces.listeners.AddResourcesListener.<clinit> This application is running on BootsFaces 1.5.0-
18-Jun-2021 16:56:11.152 INFO [http-nio-8080-exec-90] org.apache.catalina.core.StandardContext.reload Reloading Context with name [/projectjava] is completed
18-Jun-2021 17:07:45.809 INFO [http-nio-8080-exec-102] org.apache.catalina.core.StandardContext.reload Reloading Context with name [/projectjava] has started
18-Jun-2021 17:07:50.193 INFO [http-nio-8080-exec-102] org.apache.jasper.servlet.TldScanner.scanJars At least one JAR was scanned for TLDs yet contained no TLDs. Enable debug logging for this logger for a complete list of JARs that were scanned but no TLDs were found in them. Skipping unneeded JARs during scanning can improve startup time and JSP compilation time.
18-Jun-2021 17:07:50.501 INFO [http-nio-8080-exec-102] com.sun.faces.config.ConfigureListener.contextInitialized Initializing Mojarra 2.3.9 ( 20190401-1936 77894020e94a338c9701619b7ef6e9871c5a9079) for context '/projectjava'
18-Jun-2021 17:07:50.684 INFO [http-nio-8080-exec-102] com.sun.faces.spi.InjectionProviderFactory.createInstance JSF1048: PostConstruct/PreDestroy annotations present.  ManagedBeans methods marked with these annotations will have said annotations processed.
18-Jun-2021 17:07:51.003 INFO [http-nio-8080-exec-102] net.bootsfaces.listeners.AddResourcesListener.<clinit> This application is running on BootsFaces 1.5.0-
18-Jun-2021 17:07:51.494 INFO [http-nio-8080-exec-102] org.apache.catalina.core.StandardContext.reload Reloading Context with name [/projectjava] is completed
18-Jun-2021 17:07:51.848 INFO [http-nio-8080-exec-103] org.apache.catalina.core.StandardContext.reload Reloading Context with name [/projectjava] has started
18-Jun-2021 17:07:56.769 INFO [http-nio-8080-exec-103] org.apache.jasper.servlet.TldScanner.scanJars At least one JAR was scanned for TLDs yet contained no TLDs. Enable debug logging for this logger for a complete list of JARs that were scanned but no TLDs were found in them. Skipping unneeded JARs during scanning can improve startup time and JSP compilation time.
18-Jun-2021 17:07:56.898 INFO [http-nio-8080-exec-103] com.sun.faces.config.ConfigureListener.contextInitialized Initializing Mojarra 2.3.9 ( 20190401-1936 77894020e94a338c9701619b7ef6e9871c5a9079) for context '/projectjava'
18-Jun-2021 17:07:57.030 INFO [http-nio-8080-exec-103] com.sun.faces.spi.InjectionProviderFactory.createInstance JSF1048: PostConstruct/PreDestroy annotations present.  ManagedBeans methods marked with these annotations will have said annotations processed.
18-Jun-2021 17:07:57.335 INFO [http-nio-8080-exec-103] net.bootsfaces.listeners.AddResourcesListener.<clinit> This application is running on BootsFaces 1.5.0-
18-Jun-2021 17:07:57.718 INFO [126] org.apache.catalina.core.StandardContext.reload Reloading Context with name [/projectjava] is completed
18-Jun-2021 17:08:05.593 INFO [http-nio-8080-exec-104] org.apache.catalina.core.StandardContext.reload Reloading Context with name [/projectjava] has started
18-Jun-2021 17:08:08.408 INFO [http-nio-8080-exec-104] org.apache.jasper.servlet.TldScanner.scanJars At least one JAR was scanned for TLDs yet contained no TLDs. Enable debug logging for this logger for a complete list of JARs that were scanned but no TLDs were found in them. Skipping unneeded JARs during scanning can improve startup time and JSP compilation time.
18-Jun-2021 17:08:08.515 INFO [http-nio-8080-exec-104] com.sun.faces.config.ConfigureListener.contextInitialized Initializing Mojarra 2.3.9 ( 20190401-1936 77894020e94a338c9701619b7ef6e9871c5a9079) for context '/projectjava'
18-Jun-2021 17:08:08.610 INFO [http-nio-8080-exec-104] com.sun.faces.spi.InjectionProviderFactory.createInstance JSF1048: PostConstruct/PreDestroy annotations present.  ManagedBeans methods marked with these annotations will have said annotations processed.
18-Jun-2021 17:08:08.907 INFO [http-nio-8080-exec-104] net.bootsfaces.listeners.AddResourcesListener.<clinit> This application is running on BootsFaces 1.5.0-
18-Jun-2021 17:08:09.317 INFO [http-nio-8080-exec-104] org.apache.catalina.core.StandardContext.reload Reloading Context with name [/projectjava] is completed
18-Jun-2021 17:10:30.473 INFO [http-nio-8080-exec-120] org.apache.catalina.core.StandardContext.reload Reloading Context with name [/projectjava] has started
18-Jun-2021 17:10:34.469 INFO [http-nio-8080-exec-120] org.apache.jasper.servlet.TldScanner.scanJars At least one JAR was scanned for TLDs yet contained no TLDs. Enable debug logging for this logger for a complete list of JARs that were scanned but no TLDs were found in them. Skipping unneeded JARs during scanning can improve startup time and JSP compilation time.
18-Jun-2021 17:10:34.646 INFO [http-nio-8080-exec-120] com.sun.faces.config.ConfigureListener.contextInitialized Initializing Mojarra 2.3.9 ( 20190401-1936 77894020e94a338c9701619b7ef6e9871c5a9079) for context '/projectjava'
18-Jun-2021 17:10:34.862 INFO [http-nio-8080-exec-120] com.sun.faces.spi.InjectionProviderFactory.createInstance JSF1048: PostConstruct/PreDestroy annotations present.  ManagedBeans methods marked with these annotations will have said annotations processed.
18-Jun-2021 17:10:35.548 INFO [http-nio-8080-exec-120] net.bootsfaces.listeners.AddResourcesListener.<clinit> This application is running on BootsFaces 1.5.0-
18-Jun-2021 17:10:36.067 INFO [http-nio-8080-exec-120] org.apache.catalina.core.StandardContext.reload Reloading Context with name [/projectjava] is completed
18-Jun-2021 17:12:06.874 INFO [http-nio-8080-exec-116] org.apache.catalina.core.StandardContext.reload Reloading Context with name [/projectjava] has started
18-Jun-2021 17:12:12.114 INFO [http-nio-8080-exec-116] org.apache.jasper.servlet.TldScanner.scanJars At least one JAR was scanned for TLDs yet contained no TLDs. Enable debug logging for this logger for a complete list of JARs that were scanned but no TLDs were found in them. Skipping unneeded JARs during scanning can improve startup time and JSP compilation time.
18-Jun-2021 17:12:12.297 INFO [http-nio-8080-exec-116] com.sun.faces.config.ConfigureListener.contextInitialized Initializing Mojarra 2.3.9 ( 20190401-1936 77894020e94a338c9701619b7ef6e9871c5a9079) for context '/projectjava'
18-Jun-2021 17:12:12.544 INFO [http-nio-8080-exec-116] com.sun.faces.spi.InjectionProviderFactory.createInstance JSF1048: PostConstruct/PreDestroy annotations present.  ManagedBeans methods marked with these annotations will have said annotations processed.
18-Jun-2021 17:12:13.186 INFO [http-nio-8080-exec-116] net.bootsfaces.listeners.AddResourcesListener.<clinit> This application is running on BootsFaces 1.5.0-
18-Jun-2021 17:12:13.872 INFO [http-nio-8080-exec-116] org.apache.catalina.core.StandardContext.reload Reloading Context with name [/projectjava] is completed
18-Jun-2021 17:12:36.580 INFO [http-nio-8080-exec-118] org.apache.catalina.core.StandardContext.reload Reloading Context with name [/projectjava] has started
18-Jun-2021 17:12:40.763 INFO [http-nio-8080-exec-118] org.apache.jasper.servlet.TldScanner.scanJars At least one JAR was scanned for TLDs yet contained no TLDs. Enable debug logging for this logger for a complete list of JARs that were scanned but no TLDs were found in them. Skipping unneeded JARs during scanning can improve startup time and JSP compilation time.
18-Jun-2021 17:12:40.876 INFO [http-nio-8080-exec-118] com.sun.faces.config.ConfigureListener.contextInitialized Initializing Mojarra 2.3.9 ( 20190401-1936 77894020e94a338c9701619b7ef6e9871c5a9079) for context '/projectjava'
18-Jun-2021 17:12:41.154 INFO [http-nio-8080-exec-118] com.sun.faces.spi.InjectionProviderFactory.createInstance JSF1048: PostConstruct/PreDestroy annotations present.  ManagedBeans methods marked with these annotations will have said annotations processed.
18-Jun-2021 17:12:41.505 INFO [http-nio-8080-exec-118] net.bootsfaces.listeners.AddResourcesListener.<clinit> This application is running on BootsFaces 1.5.0-
18-Jun-2021 17:12:41.883 INFO [http-nio-8080-exec-118] org.apache.catalina.core.StandardContext.reload Reloading Context with name [/projectjava] is completed
18-Jun-2021 17:12:59.645 INFO [http-nio-8080-exec-125] org.apache.catalina.core.StandardContext.reload Reloading Context with name [/projectjava] has started
18-Jun-2021 17:13:03.908 INFO [http-nio-8080-exec-125] org.apache.jasper.servlet.TldScanner.scanJars At least one JAR was scanned for TLDs yet contained no TLDs. Enable debug logging for this logger for a complete list of JARs that were scanned but no TLDs were found in them. Skipping unneeded JARs during scanning can improve startup time and JSP compilation time.
18-Jun-2021 17:13:04.017 INFO [http-nio-8080-exec-125] com.sun.faces.config.ConfigureListener.contextInitialized Initializing Mojarra 2.3.9 ( 20190401-1936 77894020e94a338c9701619b7ef6e9871c5a9079) for context '/projectjava'
18-Jun-2021 17:13:04.123 INFO [http-nio-8080-exec-125] com.sun.faces.spi.InjectionProviderFactory.createInstance JSF1048: PostConstruct/PreDestroy annotations present.  ManagedBeans methods marked with these annotations will have said annotations processed.
18-Jun-2021 17:13:04.452 INFO [http-nio-8080-exec-125] net.bootsfaces.listeners.AddResourcesListener.<clinit> This application is running on BootsFaces 1.5.0-
18-Jun-2021 17:13:04.724 INFO [http-nio-8080-exec-125] org.apache.catalina.core.StandardContext.reload Reloading Context with name [/projectjava] is completed
18-Jun-2021 17:14:24.363 INFO [http-nio-8080-exec-137] org.apache.catalina.core.StandardContext.reload Reloading Context with name [/projectjava] has started
18-Jun-2021 17:14:28.371 INFO [http-nio-8080-exec-137] org.apache.jasper.servlet.TldScanner.scanJars At least one JAR was scanned for TLDs yet contained no TLDs. Enable debug logging for this logger for a complete list of JARs that were scanned but no TLDs were found in them. Skipping unneeded JARs during scanning can improve startup time and JSP compilation time.
18-Jun-2021 17:14:28.487 INFO [http-nio-8080-exec-137] com.sun.faces.config.ConfigureListener.contextInitialized Initializing Mojarra 2.3.9 ( 20190401-1936 77894020e94a338c9701619b7ef6e9871c5a9079) for context '/projectjava'
18-Jun-2021 17:14:28.659 INFO [http-nio-8080-exec-137] com.sun.faces.spi.InjectionProviderFactory.createInstance JSF1048: PostConstruct/PreDestroy annotations present.  ManagedBeans methods marked with these annotations will have said annotations processed.
18-Jun-2021 17:14:29.286 INFO [http-nio-8080-exec-137] net.bootsfaces.listeners.AddResourcesListener.<clinit> This application is running on BootsFaces 1.5.0-
18-Jun-2021 17:14:30.064 INFO [http-nio-8080-exec-137] org.apache.catalina.core.StandardContext.reload Reloading Context with name [/projectjava] is completed
18-Jun-2021 17:15:02.832 INFO [http-nio-8080-exec-130] org.apache.catalina.core.StandardContext.reload Reloading Context with name [/projectjava] has started
18-Jun-2021 17:15:06.869 INFO [http-nio-8080-exec-130] org.apache.jasper.servlet.TldScanner.scanJars At least one JAR was scanned for TLDs yet contained no TLDs. Enable debug logging for this logger for a complete list of JARs that were scanned but no TLDs were found in them. Skipping unneeded JARs during scanning can improve startup time and JSP compilation time.
18-Jun-2021 17:15:07.009 INFO [http-nio-8080-exec-130] com.sun.faces.config.ConfigureListener.contextInitialized Initializing Mojarra 2.3.9 ( 20190401-1936 77894020e94a338c9701619b7ef6e9871c5a9079) for context '/projectjava'
18-Jun-2021 17:15:07.124 INFO [http-nio-8080-exec-130] com.sun.faces.spi.InjectionProviderFactory.createInstance JSF1048: PostConstruct/PreDestroy annotations present.  ManagedBeans methods marked with these annotations will have said annotations processed.
18-Jun-2021 17:15:07.718 INFO [http-nio-8080-exec-130] net.bootsfaces.listeners.AddResourcesListener.<clinit> This application is running on BootsFaces 1.5.0-
18-Jun-2021 17:15:08.134 INFO [http-nio-8080-exec-130] org.apache.catalina.core.StandardContext.reload Reloading Context with name [/projectjava] is completed
18-Jun-2021 17:15:39.709 INFO [http-nio-8080-exec-135] org.apache.catalina.core.StandardContext.reload Reloading Context with name [/projectjava] has started
18-Jun-2021 17:15:43.437 INFO [http-nio-8080-exec-135] org.apache.jasper.servlet.TldScanner.scanJars At least one JAR was scanned for TLDs yet contained no TLDs. Enable debug logging for this logger for a complete list of JARs that were scanned but no TLDs were found in them. Skipping unneeded JARs during scanning can improve startup time and JSP compilation time.
18-Jun-2021 17:15:43.564 INFO [http-nio-8080-exec-135] com.sun.faces.config.ConfigureListener.contextInitialized Initializing Mojarra 2.3.9 ( 20190401-1936 77894020e94a338c9701619b7ef6e9871c5a9079) for context '/projectjava'
18-Jun-2021 17:15:43.678 INFO [http-nio-8080-exec-135] com.sun.faces.spi.InjectionProviderFactory.createInstance JSF1048: PostConstruct/PreDestroy annotations present.  ManagedBeans methods marked with these annotations will have said annotations processed.
18-Jun-2021 17:15:44.015 INFO [http-nio-8080-exec-135] net.bootsfaces.listeners.AddResourcesListener.<clinit> This application is running on BootsFaces 1.5.0-
18-Jun-2021 17:15:44.557 INFO [http-nio-8080-exec-135] org.apache.catalina.core.StandardContext.reload Reloading Context with name [/projectjava] is completed
18-Jun-2021 17:45:16.481 INFO [http-nio-8080-exec-151] org.apache.catalina.startup.HostConfig.undeploy Undeploying context [/projectjava]
18-Jun-2021 17:45:42.692 INFO [http-nio-8080-exec-154] org.apache.catalina.startup.HostConfig.deployDescriptor Deploying deployment descriptor [D:\CN Java\projectjava\apache-tomcat-9.0.46\conf\Catalina\localhost\projectjava.xml]
18-Jun-2021 17:45:42.694 WARNING [http-nio-8080-exec-154] org.apache.catalina.startup.HostConfig.deployDescriptor The path attribute with value [/projectjava] in deployment descriptor [D:\CN Java\projectjava\apache-tomcat-9.0.46\conf\Catalina\localhost\projectjava.xml] has been ignored
18-Jun-2021 17:45:45.514 INFO [http-nio-8080-exec-154] org.apache.jasper.servlet.TldScanner.scanJars At least one JAR was scanned for TLDs yet contained no TLDs. Enable debug logging for this logger for a complete list of JARs that were scanned but no TLDs were found in them. Skipping unneeded JARs during scanning can improve startup time and JSP compilation time.
18-Jun-2021 17:45:45.650 INFO [http-nio-8080-exec-154] com.sun.faces.config.ConfigureListener.contextInitialized Initializing Mojarra 2.3.9 ( 20190401-1936 77894020e94a338c9701619b7ef6e9871c5a9079) for context '/projectjava'
18-Jun-2021 17:45:45.787 INFO [http-nio-8080-exec-154] com.sun.faces.spi.InjectionProviderFactory.createInstance JSF1048: PostConstruct/PreDestroy annotations present.  ManagedBeans methods marked with these annotations will have said annotations processed.
18-Jun-2021 17:45:46.105 INFO [http-nio-8080-exec-154] net.bootsfaces.listeners.AddResourcesListener.<clinit> This application is running on BootsFaces 1.5.0-
18-Jun-2021 17:45:46.455 INFO [http-nio-8080-exec-154] org.apache.catalina.startup.HostConfig.deployDescriptor Deployment of deployment descriptor [D:\CN Java\projectjava\apache-tomcat-9.0.46\conf\Catalina\localhost\projectjava.xml] has finished in [3,761] ms
18-Jun-2021 17:45:46.458 INFO [169] org.apache.catalina.util.LifecycleBase.start The start() method was called on component [StandardEngine[Catalina].StandardHost[localhost].StandardContext[/projectjava]] after start() had already been called. The second call will be ignored.
18-Jun-2021 17:57:45.715 INFO [http-nio-8080-exec-154] org.apache.catalina.core.StandardContext.reload Reloading Context with name [/projectjava] has started
18-Jun-2021 17:57:48.839 INFO [http-nio-8080-exec-154] org.apache.jasper.servlet.TldScanner.scanJars At least one JAR was scanned for TLDs yet contained no TLDs. Enable debug logging for this logger for a complete list of JARs that were scanned but no TLDs were found in them. Skipping unneeded JARs during scanning can improve startup time and JSP compilation time.
18-Jun-2021 17:57:48.932 INFO [http-nio-8080-exec-154] com.sun.faces.config.ConfigureListener.contextInitialized Initializing Mojarra 2.3.9 ( 20190401-1936 77894020e94a338c9701619b7ef6e9871c5a9079) for context '/projectjava'
18-Jun-2021 17:57:49.037 INFO [http-nio-8080-exec-154] com.sun.faces.spi.InjectionProviderFactory.createInstance JSF1048: PostConstruct/PreDestroy annotations present.  ManagedBeans methods marked with these annotations will have said annotations processed.
18-Jun-2021 17:57:49.432 INFO [http-nio-8080-exec-154] net.bootsfaces.listeners.AddResourcesListener.<clinit> This application is running on BootsFaces 1.5.0-
18-Jun-2021 17:57:50.044 INFO [http-nio-8080-exec-154] org.apache.catalina.core.StandardContext.reload Reloading Context with name [/projectjava] is completed
18-Jun-2021 17:57:51.091 INFO [http-nio-8080-exec-160] org.apache.catalina.core.StandardContext.reload Reloading Context with name [/projectjava] has started
18-Jun-2021 17:57:54.056 INFO [http-nio-8080-exec-160] org.apache.jasper.servlet.TldScanner.scanJars At least one JAR was scanned for TLDs yet contained no TLDs. Enable debug logging for this logger for a complete list of JARs that were scanned but no TLDs were found in them. Skipping unneeded JARs during scanning can improve startup time and JSP compilation time.
18-Jun-2021 17:57:54.154 INFO [http-nio-8080-exec-160] com.sun.faces.config.ConfigureListener.contextInitialized Initializing Mojarra 2.3.9 ( 20190401-1936 77894020e94a338c9701619b7ef6e9871c5a9079) for context '/projectjava'
18-Jun-2021 17:57:54.266 INFO [http-nio-8080-exec-160] com.sun.faces.spi.InjectionProviderFactory.createInstance JSF1048: PostConstruct/PreDestroy annotations present.  ManagedBeans methods marked with these annotations will have said annotations processed.
18-Jun-2021 17:57:54.623 INFO [http-nio-8080-exec-160] net.bootsfaces.listeners.AddResourcesListener.<clinit> This application is running on BootsFaces 1.5.0-
18-Jun-2021 17:57:54.960 INFO [http-nio-8080-exec-160] org.apache.catalina.core.StandardContext.reload Reloading Context with name [/projectjava] is completed
18-Jun-2021 17:57:56.150 INFO [http-nio-8080-exec-157] org.apache.catalina.core.StandardContext.reload Reloading Context with name [/projectjava] has started
18-Jun-2021 17:58:00.527 INFO [http-nio-8080-exec-157] org.apache.jasper.servlet.TldScanner.scanJars At least one JAR was scanned for TLDs yet contained no TLDs. Enable debug logging for this logger for a complete list of JARs that were scanned but no TLDs were found in them. Skipping unneeded JARs during scanning can improve startup time and JSP compilation time.
18-Jun-2021 17:58:00.734 INFO [http-nio-8080-exec-157] com.sun.faces.config.ConfigureListener.contextInitialized Initializing Mojarra 2.3.9 ( 20190401-1936 77894020e94a338c9701619b7ef6e9871c5a9079) for context '/projectjava'
18-Jun-2021 17:58:00.986 INFO [http-nio-8080-exec-157] com.sun.faces.spi.InjectionProviderFactory.createInstance JSF1048: PostConstruct/PreDestroy annotations present.  ManagedBeans methods marked with these annotations will have said annotations processed.
18-Jun-2021 17:58:01.650 INFO [http-nio-8080-exec-157] net.bootsfaces.listeners.AddResourcesListener.<clinit> This application is running on BootsFaces 1.5.0-
18-Jun-2021 17:58:02.434 INFO [http-nio-8080-exec-157] org.apache.catalina.core.StandardContext.reload Reloading Context with name [/projectjava] is completed
18-Jun-2021 17:58:02.697 INFO [http-nio-8080-exec-163] org.apache.catalina.core.StandardContext.reload Reloading Context with name [/projectjava] has started
18-Jun-2021 17:58:06.419 INFO [http-nio-8080-exec-163] org.apache.jasper.servlet.TldScanner.scanJars At least one JAR was scanned for TLDs yet contained no TLDs. Enable debug logging for this logger for a complete list of JARs that were scanned but no TLDs were found in them. Skipping unneeded JARs during scanning can improve startup time and JSP compilation time.
18-Jun-2021 17:58:06.731 INFO [http-nio-8080-exec-163] com.sun.faces.config.ConfigureListener.contextInitialized Initializing Mojarra 2.3.9 ( 20190401-1936 77894020e94a338c9701619b7ef6e9871c5a9079) for context '/projectjava'
18-Jun-2021 17:58:06.911 INFO [http-nio-8080-exec-163] com.sun.faces.spi.InjectionProviderFactory.createInstance JSF1048: PostConstruct/PreDestroy annotations present.  ManagedBeans methods marked with these annotations will have said annotations processed.
18-Jun-2021 17:58:07.370 INFO [http-nio-8080-exec-163] net.bootsfaces.listeners.AddResourcesListener.<clinit> This application is running on BootsFaces 1.5.0-
18-Jun-2021 17:58:07.919 INFO [http-nio-8080-exec-163] org.apache.catalina.core.StandardContext.reload Reloading Context with name [/projectjava] is completed
18-Jun-2021 17:58:09.216 INFO [http-nio-8080-exec-161] org.apache.catalina.core.StandardContext.reload Reloading Context with name [/projectjava] has started
18-Jun-2021 17:58:13.192 INFO [http-nio-8080-exec-161] org.apache.jasper.servlet.TldScanner.scanJars At least one JAR was scanned for TLDs yet contained no TLDs. Enable debug logging for this logger for a complete list of JARs that were scanned but no TLDs were found in them. Skipping unneeded JARs during scanning can improve startup time and JSP compilation time.
18-Jun-2021 17:58:13.353 INFO [http-nio-8080-exec-161] com.sun.faces.config.ConfigureListener.contextInitialized Initializing Mojarra 2.3.9 ( 20190401-1936 77894020e94a338c9701619b7ef6e9871c5a9079) for context '/projectjava'
18-Jun-2021 17:58:13.499 INFO [http-nio-8080-exec-161] com.sun.faces.spi.InjectionProviderFactory.createInstance JSF1048: PostConstruct/PreDestroy annotations present.  ManagedBeans methods marked with these annotations will have said annotations processed.
18-Jun-2021 17:58:13.855 INFO [http-nio-8080-exec-161] net.bootsfaces.listeners.AddResourcesListener.<clinit> This application is running on BootsFaces 1.5.0-
18-Jun-2021 17:58:14.343 INFO [http-nio-8080-exec-161] org.apache.catalina.core.StandardContext.reload Reloading Context with name [/projectjava] is completed
18-Jun-2021 17:58:27.076 INFO [http-nio-8080-exec-167] org.apache.catalina.core.StandardContext.reload Reloading Context with name [/projectjava] has started
18-Jun-2021 17:58:31.125 INFO [http-nio-8080-exec-167] org.apache.jasper.servlet.TldScanner.scanJars At least one JAR was scanned for TLDs yet contained no TLDs. Enable debug logging for this logger for a complete list of JARs that were scanned but no TLDs were found in them. Skipping unneeded JARs during scanning can improve startup time and JSP compilation time.
18-Jun-2021 17:58:31.393 INFO [http-nio-8080-exec-167] com.sun.faces.config.ConfigureListener.contextInitialized Initializing Mojarra 2.3.9 ( 20190401-1936 77894020e94a338c9701619b7ef6e9871c5a9079) for context '/projectjava'
18-Jun-2021 17:58:31.650 INFO [http-nio-8080-exec-167] com.sun.faces.spi.InjectionProviderFactory.createInstance JSF1048: PostConstruct/PreDestroy annotations present.  ManagedBeans methods marked with these annotations will have said annotations processed.
18-Jun-2021 17:58:32.056 INFO [http-nio-8080-exec-167] net.bootsfaces.listeners.AddResourcesListener.<clinit> This application is running on BootsFaces 1.5.0-
18-Jun-2021 17:58:32.569 INFO [http-nio-8080-exec-167] org.apache.catalina.core.StandardContext.reload Reloading Context with name [/projectjava] is completed
18-Jun-2021 18:15:20.977 INFO [http-nio-8080-exec-172] org.apache.catalina.core.StandardContext.reload Reloading Context with name [/projectjava] has started
18-Jun-2021 18:15:25.401 INFO [http-nio-8080-exec-172] org.apache.jasper.servlet.TldScanner.scanJars At least one JAR was scanned for TLDs yet contained no TLDs. Enable debug logging for this logger for a complete list of JARs that were scanned but no TLDs were found in them. Skipping unneeded JARs during scanning can improve startup time and JSP compilation time.
18-Jun-2021 18:15:25.568 INFO [http-nio-8080-exec-172] com.sun.faces.config.ConfigureListener.contextInitialized Initializing Mojarra 2.3.9 ( 20190401-1936 77894020e94a338c9701619b7ef6e9871c5a9079) for context '/projectjava'
18-Jun-2021 18:15:25.689 INFO [http-nio-8080-exec-172] com.sun.faces.spi.InjectionProviderFactory.createInstance JSF1048: PostConstruct/PreDestroy annotations present.  ManagedBeans methods marked with these annotations will have said annotations processed.
18-Jun-2021 18:15:25.971 INFO [http-nio-8080-exec-172] net.bootsfaces.listeners.AddResourcesListener.<clinit> This application is running on BootsFaces 1.5.0-
18-Jun-2021 18:15:26.491 INFO [http-nio-8080-exec-172] org.apache.catalina.core.StandardContext.reload Reloading Context with name [/projectjava] is completed
18-Jun-2021 18:16:16.962 INFO [http-nio-8080-exec-186] org.apache.catalina.core.StandardContext.reload Reloading Context with name [/projectjava] has started
18-Jun-2021 18:16:19.763 INFO [http-nio-8080-exec-186] org.apache.jasper.servlet.TldScanner.scanJars At least one JAR was scanned for TLDs yet contained no TLDs. Enable debug logging for this logger for a complete list of JARs that were scanned but no TLDs were found in them. Skipping unneeded JARs during scanning can improve startup time and JSP compilation time.
18-Jun-2021 18:16:19.875 INFO [http-nio-8080-exec-186] com.sun.faces.config.ConfigureListener.contextInitialized Initializing Mojarra 2.3.9 ( 20190401-1936 77894020e94a338c9701619b7ef6e9871c5a9079) for context '/projectjava'
18-Jun-2021 18:16:20.004 INFO [http-nio-8080-exec-186] com.sun.faces.spi.InjectionProviderFactory.createInstance JSF1048: PostConstruct/PreDestroy annotations present.  ManagedBeans methods marked with these annotations will have said annotations processed.
18-Jun-2021 18:16:20.284 INFO [http-nio-8080-exec-186] net.bootsfaces.listeners.AddResourcesListener.<clinit> This application is running on BootsFaces 1.5.0-
18-Jun-2021 18:16:20.654 INFO [http-nio-8080-exec-186] org.apache.catalina.core.StandardContext.reload Reloading Context with name [/projectjava] is completed
18-Jun-2021 18:19:04.457 INFO [http-nio-8080-exec-189] org.apache.catalina.core.StandardContext.reload Reloading Context with name [/projectjava] has started
18-Jun-2021 18:19:07.942 INFO [http-nio-8080-exec-189] org.apache.jasper.servlet.TldScanner.scanJars At least one JAR was scanned for TLDs yet contained no TLDs. Enable debug logging for this logger for a complete list of JARs that were scanned but no TLDs were found in them. Skipping unneeded JARs during scanning can improve startup time and JSP compilation time.
18-Jun-2021 18:19:08.050 INFO [http-nio-8080-exec-189] com.sun.faces.config.ConfigureListener.contextInitialized Initializing Mojarra 2.3.9 ( 20190401-1936 77894020e94a338c9701619b7ef6e9871c5a9079) for context '/projectjava'
18-Jun-2021 18:19:08.152 INFO [http-nio-8080-exec-189] com.sun.faces.spi.InjectionProviderFactory.createInstance JSF1048: PostConstruct/PreDestroy annotations present.  ManagedBeans methods marked with these annotations will have said annotations processed.
18-Jun-2021 18:19:08.471 INFO [http-nio-8080-exec-189] net.bootsfaces.listeners.AddResourcesListener.<clinit> This application is running on BootsFaces 1.5.0-
18-Jun-2021 18:19:08.909 INFO [http-nio-8080-exec-189] org.apache.catalina.core.StandardContext.reload Reloading Context with name [/projectjava] is completed
18-Jun-2021 18:19:32.418 INFO [http-nio-8080-exec-197] org.apache.catalina.core.StandardContext.reload Reloading Context with name [/projectjava] has started
18-Jun-2021 18:19:35.594 INFO [http-nio-8080-exec-197] org.apache.jasper.servlet.TldScanner.scanJars At least one JAR was scanned for TLDs yet contained no TLDs. Enable debug logging for this logger for a complete list of JARs that were scanned but no TLDs were found in them. Skipping unneeded JARs during scanning can improve startup time and JSP compilation time.
18-Jun-2021 18:19:35.715 INFO [http-nio-8080-exec-197] com.sun.faces.config.ConfigureListener.contextInitialized Initializing Mojarra 2.3.9 ( 20190401-1936 77894020e94a338c9701619b7ef6e9871c5a9079) for context '/projectjava'
18-Jun-2021 18:19:35.916 INFO [http-nio-8080-exec-197] com.sun.faces.spi.InjectionProviderFactory.createInstance JSF1048: PostConstruct/PreDestroy annotations present.  ManagedBeans methods marked with these annotations will have said annotations processed.
18-Jun-2021 18:19:36.531 INFO [http-nio-8080-exec-197] net.bootsfaces.listeners.AddResourcesListener.<clinit> This application is running on BootsFaces 1.5.0-
18-Jun-2021 18:19:37.281 INFO [http-nio-8080-exec-197] org.apache.catalina.core.StandardContext.reload Reloading Context with name [/projectjava] is completed
18-Jun-2021 18:20:47.772 INFO [http-nio-8080-exec-204] org.apache.catalina.core.StandardContext.reload Reloading Context with name [/projectjava] has started
18-Jun-2021 18:20:53.989 INFO [http-nio-8080-exec-204] org.apache.jasper.servlet.TldScanner.scanJars At least one JAR was scanned for TLDs yet contained no TLDs. Enable debug logging for this logger for a complete list of JARs that were scanned but no TLDs were found in them. Skipping unneeded JARs during scanning can improve startup time and JSP compilation time.
18-Jun-2021 18:20:54.509 INFO [http-nio-8080-exec-204] com.sun.faces.config.ConfigureListener.contextInitialized Initializing Mojarra 2.3.9 ( 20190401-1936 77894020e94a338c9701619b7ef6e9871c5a9079) for context '/projectjava'
18-Jun-2021 18:20:54.701 INFO [http-nio-8080-exec-204] com.sun.faces.spi.InjectionProviderFactory.createInstance JSF1048: PostConstruct/PreDestroy annotations present.  ManagedBeans methods marked with these annotations will have said annotations processed.
18-Jun-2021 18:20:55.139 INFO [http-nio-8080-exec-204] net.bootsfaces.listeners.AddResourcesListener.<clinit> This application is running on BootsFaces 1.5.0-
18-Jun-2021 18:20:55.773 INFO [http-nio-8080-exec-204] org.apache.catalina.core.StandardContext.reload Reloading Context with name [/projectjava] is completed
18-Jun-2021 18:21:01.607 INFO [http-nio-8080-exec-207] org.apache.catalina.core.StandardContext.reload Reloading Context with name [/projectjava] has started
18-Jun-2021 18:21:05.996 INFO [http-nio-8080-exec-207] org.apache.jasper.servlet.TldScanner.scanJars At least one JAR was scanned for TLDs yet contained no TLDs. Enable debug logging for this logger for a complete list of JARs that were scanned but no TLDs were found in them. Skipping unneeded JARs during scanning can improve startup time and JSP compilation time.
18-Jun-2021 18:21:06.186 INFO [http-nio-8080-exec-207] com.sun.faces.config.ConfigureListener.contextInitialized Initializing Mojarra 2.3.9 ( 20190401-1936 77894020e94a338c9701619b7ef6e9871c5a9079) for context '/projectjava'
18-Jun-2021 18:21:06.374 INFO [http-nio-8080-exec-207] com.sun.faces.spi.InjectionProviderFactory.createInstance JSF1048: PostConstruct/PreDestroy annotations present.  ManagedBeans methods marked with these annotations will have said annotations processed.
18-Jun-2021 18:21:06.884 INFO [http-nio-8080-exec-207] net.bootsfaces.listeners.AddResourcesListener.<clinit> This application is running on BootsFaces 1.5.0-
18-Jun-2021 18:21:07.554 INFO [http-nio-8080-exec-207] org.apache.catalina.core.StandardContext.reload Reloading Context with name [/projectjava] is completed
18-Jun-2021 19:10:56.795 INFO [http-nio-8080-exec-213] org.apache.catalina.core.StandardContext.reload Reloading Context with name [/projectjava] has started
18-Jun-2021 19:11:02.242 INFO [http-nio-8080-exec-213] org.apache.jasper.servlet.TldScanner.scanJars At least one JAR was scanned for TLDs yet contained no TLDs. Enable debug logging for this logger for a complete list of JARs that were scanned but no TLDs were found in them. Skipping unneeded JARs during scanning can improve startup time and JSP compilation time.
18-Jun-2021 19:11:02.462 INFO [http-nio-8080-exec-213] com.sun.faces.config.ConfigureListener.contextInitialized Initializing Mojarra 2.3.9 ( 20190401-1936 77894020e94a338c9701619b7ef6e9871c5a9079) for context '/projectjava'
18-Jun-2021 19:11:02.609 INFO [http-nio-8080-exec-213] com.sun.faces.spi.InjectionProviderFactory.createInstance JSF1048: PostConstruct/PreDestroy annotations present.  ManagedBeans methods marked with these annotations will have said annotations processed.
18-Jun-2021 19:11:03.435 INFO [http-nio-8080-exec-213] net.bootsfaces.listeners.AddResourcesListener.<clinit> This application is running on BootsFaces 1.5.0-
18-Jun-2021 19:11:04.120 INFO [http-nio-8080-exec-213] org.apache.catalina.core.StandardContext.reload Reloading Context with name [/projectjava] is completed
18-Jun-2021 19:11:14.072 INFO [http-nio-8080-exec-222] org.apache.catalina.core.StandardContext.reload Reloading Context with name [/projectjava] has started
18-Jun-2021 19:11:17.909 INFO [http-nio-8080-exec-222] org.apache.jasper.servlet.TldScanner.scanJars At least one JAR was scanned for TLDs yet contained no TLDs. Enable debug logging for this logger for a complete list of JARs that were scanned but no TLDs were found in them. Skipping unneeded JARs during scanning can improve startup time and JSP compilation time.
18-Jun-2021 19:11:18.265 INFO [http-nio-8080-exec-222] com.sun.faces.config.ConfigureListener.contextInitialized Initializing Mojarra 2.3.9 ( 20190401-1936 77894020e94a338c9701619b7ef6e9871c5a9079) for context '/projectjava'
18-Jun-2021 19:11:18.464 INFO [http-nio-8080-exec-222] com.sun.faces.spi.InjectionProviderFactory.createInstance JSF1048: PostConstruct/PreDestroy annotations present.  ManagedBeans methods marked with these annotations will have said annotations processed.
18-Jun-2021 19:11:19.349 INFO [http-nio-8080-exec-222] net.bootsfaces.listeners.AddResourcesListener.<clinit> This application is running on BootsFaces 1.5.0-
18-Jun-2021 19:11:20.339 INFO [http-nio-8080-exec-222] org.apache.catalina.core.StandardContext.reload Reloading Context with name [/projectjava] is completed
18-Jun-2021 19:11:43.361 INFO [http-nio-8080-exec-211] org.apache.catalina.core.StandardContext.reload Reloading Context with name [/projectjava] has started
18-Jun-2021 19:11:46.611 INFO [http-nio-8080-exec-211] org.apache.jasper.servlet.TldScanner.scanJars At least one JAR was scanned for TLDs yet contained no TLDs. Enable debug logging for this logger for a complete list of JARs that were scanned but no TLDs were found in them. Skipping unneeded JARs during scanning can improve startup time and JSP compilation time.
18-Jun-2021 19:11:46.728 INFO [http-nio-8080-exec-211] com.sun.faces.config.ConfigureListener.contextInitialized Initializing Mojarra 2.3.9 ( 20190401-1936 77894020e94a338c9701619b7ef6e9871c5a9079) for context '/projectjava'
18-Jun-2021 19:11:46.891 INFO [http-nio-8080-exec-211] com.sun.faces.spi.InjectionProviderFactory.createInstance JSF1048: PostConstruct/PreDestroy annotations present.  ManagedBeans methods marked with these annotations will have said annotations processed.
18-Jun-2021 19:11:47.243 INFO [http-nio-8080-exec-211] net.bootsfaces.listeners.AddResourcesListener.<clinit> This application is running on BootsFaces 1.5.0-
18-Jun-2021 19:11:47.542 INFO [http-nio-8080-exec-211] org.apache.catalina.core.StandardContext.reload Reloading Context with name [/projectjava] is completed
18-Jun-2021 19:15:30.261 INFO [main] org.apache.catalina.core.StandardServer.await A valid shutdown command was received via the shutdown port. Stopping the Server instance.
18-Jun-2021 19:15:30.261 INFO [main] org.apache.coyote.AbstractProtocol.pause Pausing ProtocolHandler ["http-nio-8080"]
18-Jun-2021 19:15:30.334 INFO [main] org.apache.catalina.core.StandardService.stopInternal Stopping service [Catalina]
18-Jun-2021 19:15:30.355 INFO [main] org.apache.coyote.AbstractProtocol.stop Stopping ProtocolHandler ["http-nio-8080"]
18-Jun-2021 19:15:30.388 INFO [main] org.apache.coyote.AbstractProtocol.destroy Destroying ProtocolHandler ["http-nio-8080"]
