15-Jun-2021 15:34:08.463 INFO [main] org.apache.catalina.startup.VersionLoggerListener.log Server version name:   Apache Tomcat/9.0.46
15-Jun-2021 15:34:08.482 INFO [main] org.apache.catalina.startup.VersionLoggerListener.log Server built:          May 8 2021 17:35:52 UTC
15-Jun-2021 15:34:08.482 INFO [main] org.apache.catalina.startup.VersionLoggerListener.log Server version number: 9.0.46.0
15-Jun-2021 15:34:08.484 INFO [main] org.apache.catalina.startup.VersionLoggerListener.log OS Name:               Windows 10
15-Jun-2021 15:34:08.485 INFO [main] org.apache.catalina.startup.VersionLoggerListener.log OS Version:            10.0
15-Jun-2021 15:34:08.486 INFO [main] org.apache.catalina.startup.VersionLoggerListener.log Architecture:          amd64
15-Jun-2021 15:34:08.486 INFO [main] org.apache.catalina.startup.VersionLoggerListener.log Java Home:             C:\Program Files\Java\jdk-16
15-Jun-2021 15:34:08.486 INFO [main] org.apache.catalina.startup.VersionLoggerListener.log JVM Version:           16+36-2231
15-Jun-2021 15:34:08.487 INFO [main] org.apache.catalina.startup.VersionLoggerListener.log JVM Vendor:            Oracle Corporation
15-Jun-2021 15:34:08.487 INFO [main] org.apache.catalina.startup.VersionLoggerListener.log CATALINA_BASE:         D:\CN Java\projectjava\apache-tomcat-9.0.46
15-Jun-2021 15:34:08.488 INFO [main] org.apache.catalina.startup.VersionLoggerListener.log CATALINA_HOME:         D:\CN Java\projectjava\apache-tomcat-9.0.46
15-Jun-2021 15:34:08.532 INFO [main] org.apache.catalina.startup.VersionLoggerListener.log Command line argument: --add-opens=java.base/java.lang=ALL-UNNAMED
15-Jun-2021 15:34:08.532 INFO [main] org.apache.catalina.startup.VersionLoggerListener.log Command line argument: --add-opens=java.base/java.io=ALL-UNNAMED
15-Jun-2021 15:34:08.532 INFO [main] org.apache.catalina.startup.VersionLoggerListener.log Command line argument: --add-opens=java.base/java.util=ALL-UNNAMED
15-Jun-2021 15:34:08.533 INFO [main] org.apache.catalina.startup.VersionLoggerListener.log Command line argument: --add-opens=java.base/java.util.concurrent=ALL-UNNAMED
15-Jun-2021 15:34:08.533 INFO [main] org.apache.catalina.startup.VersionLoggerListener.log Command line argument: --add-opens=java.rmi/sun.rmi.transport=ALL-UNNAMED
15-Jun-2021 15:34:08.533 INFO [main] org.apache.catalina.startup.VersionLoggerListener.log Command line argument: -Djava.util.logging.config.file=D:\CN Java\projectjava\apache-tomcat-9.0.46\conf\logging.properties
15-Jun-2021 15:34:08.534 INFO [main] org.apache.catalina.startup.VersionLoggerListener.log Command line argument: -Djava.util.logging.manager=org.apache.juli.ClassLoaderLogManager
15-Jun-2021 15:34:08.535 INFO [main] org.apache.catalina.startup.VersionLoggerListener.log Command line argument: -Dhttp.nonProxyHosts=localhost|127.0.0.1|DESKTOP-02OJ6L8
15-Jun-2021 15:34:08.535 INFO [main] org.apache.catalina.startup.VersionLoggerListener.log Command line argument: -Djdk.tls.ephemeralDHKeySize=2048
15-Jun-2021 15:34:08.535 INFO [main] org.apache.catalina.startup.VersionLoggerListener.log Command line argument: -Djava.protocol.handler.pkgs=org.apache.catalina.webresources
15-Jun-2021 15:34:08.536 INFO [main] org.apache.catalina.startup.VersionLoggerListener.log Command line argument: -Dignore.endorsed.dirs=
15-Jun-2021 15:34:08.536 INFO [main] org.apache.catalina.startup.VersionLoggerListener.log Command line argument: -Dcatalina.base=D:\CN Java\projectjava\apache-tomcat-9.0.46
15-Jun-2021 15:34:08.536 INFO [main] org.apache.catalina.startup.VersionLoggerListener.log Command line argument: -Dcatalina.home=D:\CN Java\projectjava\apache-tomcat-9.0.46
15-Jun-2021 15:34:08.536 INFO [main] org.apache.catalina.startup.VersionLoggerListener.log Command line argument: -Djava.io.tmpdir=D:\CN Java\projectjava\apache-tomcat-9.0.46\temp
15-Jun-2021 15:34:08.561 INFO [main] org.apache.catalina.core.AprLifecycleListener.lifecycleEvent The Apache Tomcat Native library which allows using OpenSSL was not found on the java.library.path: [C:\Program Files\Java\jdk-16\bin;C:\WINDOWS\Sun\Java\bin;C:\WINDOWS\system32;C:\WINDOWS;C:\Program Files\Common Files\Oracle\Java\javapath;C:\Program Files (x86)\Common Files\Oracle\Java\javapath;C:\WINDOWS\system32;C:\WINDOWS;C:\WINDOWS\System32\Wbem;C:\WINDOWS\System32\WindowsPowerShell\v1.0\;C:\WINDOWS\System32\OpenSSH\;C:\Program Files\Microsoft SQL Server\Client SDK\ODBC\130\Tools\Binn\;C:\Program Files (x86)\Microsoft SQL Server\140\Tools\Binn\;C:\Program Files\Microsoft SQL Server\140\Tools\Binn\;C:\Program Files\Microsoft SQL Server\140\DTS\Binn\;C:\Program Files (x86)\Microsoft SQL Server\150\DTS\Binn\;C:\cygwin64\bin;C:\Program Files\dotnet\;E:\QT Lite\QTSystem;E:\nodejs\;C:\Program Files\Microsoft SQL Server\130\Tools\Binn\;C:\Program Files\Microsoft SQL Server\Client SDK\ODBC\170\Tools\Binn\;C:\Program Files\Git\cmd;C:\Program Files\MySQL\MySQL Shell 8.0\bin\;C:\Users\Hokichi\AppData\Local\Microsoft\WindowsApps;C:\Users\Hokichi\AppData\Local\Programs\Microsoft VS Code\bin;C:\Users\Hokichi\AppData\Local\GitHubDesktop\bin;C:\Users\Hokichi\AppData\Roaming\npm;C:\Users\Hokichi\spicetify-cli;C:\Users\Hokichi\AppData\Local\Microsoft\WindowsApps;C:\Program Files\Java\jdk-16;C:\Users\Hokichi\.jdks\openjdk-16.0.1;\bin;;E:\IntelliJ IDEA Community Edition 2021.1.1\bin;;E:\IntelliJ IDEA 2020.1\bin;;.]
15-Jun-2021 15:34:09.913 INFO [main] org.apache.coyote.AbstractProtocol.init Initializing ProtocolHandler ["http-nio-8080"]
15-Jun-2021 15:34:10.718 INFO [main] org.apache.catalina.startup.Catalina.load Server initialization in [3621] milliseconds
15-Jun-2021 15:34:10.956 INFO [main] org.apache.catalina.core.StandardService.startInternal Starting service [Catalina]
15-Jun-2021 15:34:10.957 INFO [main] org.apache.catalina.core.StandardEngine.startInternal Starting Servlet engine: [Apache Tomcat/9.0.46]
15-Jun-2021 15:34:10.986 INFO [main] org.apache.catalina.startup.HostConfig.deployDescriptor Deploying deployment descriptor [D:\CN Java\projectjava\apache-tomcat-9.0.46\conf\Catalina\localhost\jsf-app-netbeans-example.xml]
15-Jun-2021 15:34:11.012 WARNING [main] org.apache.catalina.startup.HostConfig.deployDescriptor The path attribute with value [/jsf-app-netbeans-example] in deployment descriptor [D:\CN Java\projectjava\apache-tomcat-9.0.46\conf\Catalina\localhost\jsf-app-netbeans-example.xml] has been ignored
15-Jun-2021 15:34:14.318 INFO [main] com.sun.faces.config.ConfigureListener.contextInitialized Initializing Mojarra 2.3.9 ( 20190401-1936 77894020e94a338c9701619b7ef6e9871c5a9079) for context '/jsf-app-netbeans-example'
15-Jun-2021 15:34:14.684 INFO [main] com.sun.faces.spi.InjectionProviderFactory.createInstance JSF1048: PostConstruct/PreDestroy annotations present.  ManagedBeans methods marked with these annotations will have said annotations processed.
15-Jun-2021 15:34:17.070 INFO [main] org.apache.catalina.startup.HostConfig.deployDescriptor Deployment of deployment descriptor [D:\CN Java\projectjava\apache-tomcat-9.0.46\conf\Catalina\localhost\jsf-app-netbeans-example.xml] has finished in [6,083] ms
15-Jun-2021 15:34:17.070 INFO [main] org.apache.catalina.startup.HostConfig.deployDescriptor Deploying deployment descriptor [D:\CN Java\projectjava\apache-tomcat-9.0.46\conf\Catalina\localhost\projectjava.xml]
15-Jun-2021 15:34:17.072 WARNING [main] org.apache.catalina.startup.HostConfig.deployDescriptor The path attribute with value [/projectjava] in deployment descriptor [D:\CN Java\projectjava\apache-tomcat-9.0.46\conf\Catalina\localhost\projectjava.xml] has been ignored
15-Jun-2021 15:34:24.371 INFO [main] org.apache.jasper.servlet.TldScanner.scanJars At least one JAR was scanned for TLDs yet contained no TLDs. Enable debug logging for this logger for a complete list of JARs that were scanned but no TLDs were found in them. Skipping unneeded JARs during scanning can improve startup time and JSP compilation time.
15-Jun-2021 15:34:24.507 INFO [main] com.sun.faces.config.ConfigureListener.contextInitialized Initializing Mojarra 2.3.9 ( 20190401-1936 77894020e94a338c9701619b7ef6e9871c5a9079) for context '/projectjava'
15-Jun-2021 15:34:24.703 INFO [main] com.sun.faces.spi.InjectionProviderFactory.createInstance JSF1048: PostConstruct/PreDestroy annotations present.  ManagedBeans methods marked with these annotations will have said annotations processed.
15-Jun-2021 15:34:25.303 INFO [main] net.bootsfaces.listeners.AddResourcesListener.<clinit> This application is running on BootsFaces 1.5.0-
15-Jun-2021 15:34:26.583 INFO [main] org.apache.catalina.startup.HostConfig.deployDescriptor Deployment of deployment descriptor [D:\CN Java\projectjava\apache-tomcat-9.0.46\conf\Catalina\localhost\projectjava.xml] has finished in [9,512] ms
15-Jun-2021 15:34:26.584 INFO [main] org.apache.catalina.startup.HostConfig.deployDirectory Deploying web application directory [D:\CN Java\projectjava\apache-tomcat-9.0.46\webapps\docs]
15-Jun-2021 15:34:26.659 INFO [main] org.apache.catalina.startup.HostConfig.deployDirectory Deployment of web application directory [D:\CN Java\projectjava\apache-tomcat-9.0.46\webapps\docs] has finished in [74] ms
15-Jun-2021 15:34:26.659 INFO [main] org.apache.catalina.startup.HostConfig.deployDirectory Deploying web application directory [D:\CN Java\projectjava\apache-tomcat-9.0.46\webapps\examples]
15-Jun-2021 15:34:29.284 INFO [main] org.apache.catalina.startup.HostConfig.deployDirectory Deployment of web application directory [D:\CN Java\projectjava\apache-tomcat-9.0.46\webapps\examples] has finished in [2,624] ms
15-Jun-2021 15:34:29.285 INFO [main] org.apache.catalina.startup.HostConfig.deployDirectory Deploying web application directory [D:\CN Java\projectjava\apache-tomcat-9.0.46\webapps\host-manager]
15-Jun-2021 15:34:29.357 INFO [main] org.apache.catalina.startup.HostConfig.deployDirectory Deployment of web application directory [D:\CN Java\projectjava\apache-tomcat-9.0.46\webapps\host-manager] has finished in [73] ms
15-Jun-2021 15:34:29.358 INFO [main] org.apache.catalina.startup.HostConfig.deployDirectory Deploying web application directory [D:\CN Java\projectjava\apache-tomcat-9.0.46\webapps\manager]
15-Jun-2021 15:34:29.414 INFO [main] org.apache.catalina.startup.HostConfig.deployDirectory Deployment of web application directory [D:\CN Java\projectjava\apache-tomcat-9.0.46\webapps\manager] has finished in [57] ms
15-Jun-2021 15:34:29.415 INFO [main] org.apache.catalina.startup.HostConfig.deployDirectory Deploying web application directory [D:\CN Java\projectjava\apache-tomcat-9.0.46\webapps\ROOT]
15-Jun-2021 15:34:29.453 INFO [main] org.apache.catalina.startup.HostConfig.deployDirectory Deployment of web application directory [D:\CN Java\projectjava\apache-tomcat-9.0.46\webapps\ROOT] has finished in [39] ms
15-Jun-2021 15:34:29.459 INFO [main] org.apache.coyote.AbstractProtocol.start Starting ProtocolHandler ["http-nio-8080"]
15-Jun-2021 15:34:29.492 INFO [main] org.apache.catalina.startup.Catalina.start Server startup in [18773] milliseconds
15-Jun-2021 15:34:34.340 INFO [http-nio-8080-exec-4] com.sun.faces.application.view.ViewScopeManager.<init> CDI @ViewScoped bean functionality unavailable
15-Jun-2021 17:33:56.204 INFO [main] org.apache.catalina.core.StandardServer.await A valid shutdown command was received via the shutdown port. Stopping the Server instance.
15-Jun-2021 17:33:56.209 INFO [main] org.apache.coyote.AbstractProtocol.pause Pausing ProtocolHandler ["http-nio-8080"]
15-Jun-2021 17:33:56.406 INFO [main] org.apache.catalina.core.StandardService.stopInternal Stopping service [Catalina]
15-Jun-2021 17:33:56.873 INFO [main] org.apache.coyote.AbstractProtocol.stop Stopping ProtocolHandler ["http-nio-8080"]
15-Jun-2021 17:33:56.919 INFO [main] org.apache.coyote.AbstractProtocol.destroy Destroying ProtocolHandler ["http-nio-8080"]
15-Jun-2021 22:45:47.671 INFO [main] org.apache.catalina.startup.VersionLoggerListener.log Server version name:   Apache Tomcat/9.0.46
15-Jun-2021 22:45:47.679 INFO [main] org.apache.catalina.startup.VersionLoggerListener.log Server built:          May 8 2021 17:35:52 UTC
15-Jun-2021 22:45:47.679 INFO [main] org.apache.catalina.startup.VersionLoggerListener.log Server version number: 9.0.46.0
15-Jun-2021 22:45:47.679 INFO [main] org.apache.catalina.startup.VersionLoggerListener.log OS Name:               Windows 10
15-Jun-2021 22:45:47.679 INFO [main] org.apache.catalina.startup.VersionLoggerListener.log OS Version:            10.0
15-Jun-2021 22:45:47.679 INFO [main] org.apache.catalina.startup.VersionLoggerListener.log Architecture:          amd64
15-Jun-2021 22:45:47.680 INFO [main] org.apache.catalina.startup.VersionLoggerListener.log Java Home:             C:\Program Files\Java\jdk-16
15-Jun-2021 22:45:47.680 INFO [main] org.apache.catalina.startup.VersionLoggerListener.log JVM Version:           16+36-2231
15-Jun-2021 22:45:47.680 INFO [main] org.apache.catalina.startup.VersionLoggerListener.log JVM Vendor:            Oracle Corporation
15-Jun-2021 22:45:47.680 INFO [main] org.apache.catalina.startup.VersionLoggerListener.log CATALINA_BASE:         D:\CN Java\projectjava\apache-tomcat-9.0.46
15-Jun-2021 22:45:47.680 INFO [main] org.apache.catalina.startup.VersionLoggerListener.log CATALINA_HOME:         D:\CN Java\projectjava\apache-tomcat-9.0.46
15-Jun-2021 22:45:47.762 INFO [main] org.apache.catalina.startup.VersionLoggerListener.log Command line argument: --add-opens=java.base/java.lang=ALL-UNNAMED
15-Jun-2021 22:45:47.762 INFO [main] org.apache.catalina.startup.VersionLoggerListener.log Command line argument: --add-opens=java.base/java.io=ALL-UNNAMED
15-Jun-2021 22:45:47.762 INFO [main] org.apache.catalina.startup.VersionLoggerListener.log Command line argument: --add-opens=java.base/java.util=ALL-UNNAMED
15-Jun-2021 22:45:47.763 INFO [main] org.apache.catalina.startup.VersionLoggerListener.log Command line argument: --add-opens=java.base/java.util.concurrent=ALL-UNNAMED
15-Jun-2021 22:45:47.763 INFO [main] org.apache.catalina.startup.VersionLoggerListener.log Command line argument: --add-opens=java.rmi/sun.rmi.transport=ALL-UNNAMED
15-Jun-2021 22:45:47.763 INFO [main] org.apache.catalina.startup.VersionLoggerListener.log Command line argument: -Djava.util.logging.config.file=D:\CN Java\projectjava\apache-tomcat-9.0.46\conf\logging.properties
15-Jun-2021 22:45:47.763 INFO [main] org.apache.catalina.startup.VersionLoggerListener.log Command line argument: -Djava.util.logging.manager=org.apache.juli.ClassLoaderLogManager
15-Jun-2021 22:45:47.763 INFO [main] org.apache.catalina.startup.VersionLoggerListener.log Command line argument: -Dhttp.nonProxyHosts=localhost|127.0.0.1|DESKTOP-02OJ6L8
15-Jun-2021 22:45:47.763 INFO [main] org.apache.catalina.startup.VersionLoggerListener.log Command line argument: -Djdk.tls.ephemeralDHKeySize=2048
15-Jun-2021 22:45:47.763 INFO [main] org.apache.catalina.startup.VersionLoggerListener.log Command line argument: -Djava.protocol.handler.pkgs=org.apache.catalina.webresources
15-Jun-2021 22:45:47.764 INFO [main] org.apache.catalina.startup.VersionLoggerListener.log Command line argument: -Dignore.endorsed.dirs=
15-Jun-2021 22:45:47.764 INFO [main] org.apache.catalina.startup.VersionLoggerListener.log Command line argument: -Dcatalina.base=D:\CN Java\projectjava\apache-tomcat-9.0.46
15-Jun-2021 22:45:47.764 INFO [main] org.apache.catalina.startup.VersionLoggerListener.log Command line argument: -Dcatalina.home=D:\CN Java\projectjava\apache-tomcat-9.0.46
15-Jun-2021 22:45:47.764 INFO [main] org.apache.catalina.startup.VersionLoggerListener.log Command line argument: -Djava.io.tmpdir=D:\CN Java\projectjava\apache-tomcat-9.0.46\temp
15-Jun-2021 22:45:47.776 INFO [main] org.apache.catalina.core.AprLifecycleListener.lifecycleEvent The Apache Tomcat Native library which allows using OpenSSL was not found on the java.library.path: [C:\Program Files\Java\jdk-16\bin;C:\WINDOWS\Sun\Java\bin;C:\WINDOWS\system32;C:\WINDOWS;C:\Program Files\Common Files\Oracle\Java\javapath;C:\Program Files (x86)\Common Files\Oracle\Java\javapath;C:\WINDOWS\system32;C:\WINDOWS;C:\WINDOWS\System32\Wbem;C:\WINDOWS\System32\WindowsPowerShell\v1.0\;C:\WINDOWS\System32\OpenSSH\;C:\Program Files\Microsoft SQL Server\Client SDK\ODBC\130\Tools\Binn\;C:\Program Files (x86)\Microsoft SQL Server\140\Tools\Binn\;C:\Program Files\Microsoft SQL Server\140\Tools\Binn\;C:\Program Files\Microsoft SQL Server\140\DTS\Binn\;C:\Program Files (x86)\Microsoft SQL Server\150\DTS\Binn\;C:\cygwin64\bin;C:\Program Files\dotnet\;E:\QT Lite\QTSystem;E:\nodejs\;C:\Program Files\Microsoft SQL Server\130\Tools\Binn\;C:\Program Files\Microsoft SQL Server\Client SDK\ODBC\170\Tools\Binn\;C:\Program Files\Git\cmd;C:\Program Files\MySQL\MySQL Shell 8.0\bin\;C:\Users\Hokichi\AppData\Local\Microsoft\WindowsApps;C:\Users\Hokichi\AppData\Local\Programs\Microsoft VS Code\bin;C:\Users\Hokichi\AppData\Local\GitHubDesktop\bin;C:\Users\Hokichi\AppData\Roaming\npm;C:\Users\Hokichi\spicetify-cli;C:\Users\Hokichi\AppData\Local\Microsoft\WindowsApps;C:\Program Files\Java\jdk-16;C:\Users\Hokichi\.jdks\openjdk-16.0.1;\bin;;E:\IntelliJ IDEA Community Edition 2021.1.1\bin;;E:\IntelliJ IDEA 2020.1\bin;;.]
15-Jun-2021 22:45:48.567 INFO [main] org.apache.coyote.AbstractProtocol.init Initializing ProtocolHandler ["http-nio-8080"]
15-Jun-2021 22:45:48.888 INFO [main] org.apache.catalina.startup.Catalina.load Server initialization in [1862] milliseconds
15-Jun-2021 22:45:49.019 INFO [main] org.apache.catalina.core.StandardService.startInternal Starting service [Catalina]
15-Jun-2021 22:45:49.020 INFO [main] org.apache.catalina.core.StandardEngine.startInternal Starting Servlet engine: [Apache Tomcat/9.0.46]
15-Jun-2021 22:45:49.059 INFO [main] org.apache.catalina.startup.HostConfig.deployDescriptor Deploying deployment descriptor [D:\CN Java\projectjava\apache-tomcat-9.0.46\conf\Catalina\localhost\jsf-app-netbeans-example.xml]
15-Jun-2021 22:45:49.136 WARNING [main] org.apache.catalina.startup.HostConfig.deployDescriptor The path attribute with value [/jsf-app-netbeans-example] in deployment descriptor [D:\CN Java\projectjava\apache-tomcat-9.0.46\conf\Catalina\localhost\jsf-app-netbeans-example.xml] has been ignored
15-Jun-2021 22:45:52.545 INFO [main] com.sun.faces.config.ConfigureListener.contextInitialized Initializing Mojarra 2.3.9 ( 20190401-1936 77894020e94a338c9701619b7ef6e9871c5a9079) for context '/jsf-app-netbeans-example'
15-Jun-2021 22:45:53.423 INFO [main] com.sun.faces.spi.InjectionProviderFactory.createInstance JSF1048: PostConstruct/PreDestroy annotations present.  ManagedBeans methods marked with these annotations will have said annotations processed.
15-Jun-2021 22:45:55.492 INFO [main] org.apache.catalina.startup.HostConfig.deployDescriptor Deployment of deployment descriptor [D:\CN Java\projectjava\apache-tomcat-9.0.46\conf\Catalina\localhost\jsf-app-netbeans-example.xml] has finished in [6,432] ms
15-Jun-2021 22:45:55.493 INFO [main] org.apache.catalina.startup.HostConfig.deployDescriptor Deploying deployment descriptor [D:\CN Java\projectjava\apache-tomcat-9.0.46\conf\Catalina\localhost\projectjava.xml]
15-Jun-2021 22:45:55.495 WARNING [main] org.apache.catalina.startup.HostConfig.deployDescriptor The path attribute with value [/projectjava] in deployment descriptor [D:\CN Java\projectjava\apache-tomcat-9.0.46\conf\Catalina\localhost\projectjava.xml] has been ignored
15-Jun-2021 22:46:01.245 INFO [main] org.apache.jasper.servlet.TldScanner.scanJars At least one JAR was scanned for TLDs yet contained no TLDs. Enable debug logging for this logger for a complete list of JARs that were scanned but no TLDs were found in them. Skipping unneeded JARs during scanning can improve startup time and JSP compilation time.
15-Jun-2021 22:46:01.433 INFO [main] com.sun.faces.config.ConfigureListener.contextInitialized Initializing Mojarra 2.3.9 ( 20190401-1936 77894020e94a338c9701619b7ef6e9871c5a9079) for context '/projectjava'
15-Jun-2021 22:46:01.947 INFO [main] com.sun.faces.spi.InjectionProviderFactory.createInstance JSF1048: PostConstruct/PreDestroy annotations present.  ManagedBeans methods marked with these annotations will have said annotations processed.
15-Jun-2021 22:46:02.555 INFO [main] net.bootsfaces.listeners.AddResourcesListener.<clinit> This application is running on BootsFaces 1.5.0-
15-Jun-2021 22:46:05.351 INFO [main] org.apache.catalina.startup.HostConfig.deployDescriptor Deployment of deployment descriptor [D:\CN Java\projectjava\apache-tomcat-9.0.46\conf\Catalina\localhost\projectjava.xml] has finished in [9,858] ms
15-Jun-2021 22:46:05.352 INFO [main] org.apache.catalina.startup.HostConfig.deployDirectory Deploying web application directory [D:\CN Java\projectjava\apache-tomcat-9.0.46\webapps\docs]
15-Jun-2021 22:46:05.535 INFO [main] org.apache.catalina.startup.HostConfig.deployDirectory Deployment of web application directory [D:\CN Java\projectjava\apache-tomcat-9.0.46\webapps\docs] has finished in [183] ms
15-Jun-2021 22:46:05.536 INFO [main] org.apache.catalina.startup.HostConfig.deployDirectory Deploying web application directory [D:\CN Java\projectjava\apache-tomcat-9.0.46\webapps\examples]
15-Jun-2021 22:46:07.990 INFO [main] org.apache.catalina.startup.HostConfig.deployDirectory Deployment of web application directory [D:\CN Java\projectjava\apache-tomcat-9.0.46\webapps\examples] has finished in [2,454] ms
15-Jun-2021 22:46:07.991 INFO [main] org.apache.catalina.startup.HostConfig.deployDirectory Deploying web application directory [D:\CN Java\projectjava\apache-tomcat-9.0.46\webapps\host-manager]
15-Jun-2021 22:46:08.068 INFO [main] org.apache.catalina.startup.HostConfig.deployDirectory Deployment of web application directory [D:\CN Java\projectjava\apache-tomcat-9.0.46\webapps\host-manager] has finished in [77] ms
15-Jun-2021 22:46:08.068 INFO [main] org.apache.catalina.startup.HostConfig.deployDirectory Deploying web application directory [D:\CN Java\projectjava\apache-tomcat-9.0.46\webapps\manager]
15-Jun-2021 22:46:08.137 INFO [main] org.apache.catalina.startup.HostConfig.deployDirectory Deployment of web application directory [D:\CN Java\projectjava\apache-tomcat-9.0.46\webapps\manager] has finished in [68] ms
15-Jun-2021 22:46:08.137 INFO [main] org.apache.catalina.startup.HostConfig.deployDirectory Deploying web application directory [D:\CN Java\projectjava\apache-tomcat-9.0.46\webapps\ROOT]
15-Jun-2021 22:46:08.179 INFO [main] org.apache.catalina.startup.HostConfig.deployDirectory Deployment of web application directory [D:\CN Java\projectjava\apache-tomcat-9.0.46\webapps\ROOT] has finished in [42] ms
15-Jun-2021 22:46:08.186 INFO [main] org.apache.coyote.AbstractProtocol.start Starting ProtocolHandler ["http-nio-8080"]
15-Jun-2021 22:46:08.219 INFO [main] org.apache.catalina.startup.Catalina.start Server startup in [19330] milliseconds
15-Jun-2021 22:46:21.411 INFO [http-nio-8080-exec-4] org.apache.catalina.core.StandardContext.reload Reloading Context with name [/projectjava] has started
15-Jun-2021 22:46:24.323 INFO [http-nio-8080-exec-4] org.apache.jasper.servlet.TldScanner.scanJars At least one JAR was scanned for TLDs yet contained no TLDs. Enable debug logging for this logger for a complete list of JARs that were scanned but no TLDs were found in them. Skipping unneeded JARs during scanning can improve startup time and JSP compilation time.
15-Jun-2021 22:46:24.506 INFO [http-nio-8080-exec-4] com.sun.faces.config.ConfigureListener.contextInitialized Initializing Mojarra 2.3.9 ( 20190401-1936 77894020e94a338c9701619b7ef6e9871c5a9079) for context '/projectjava'
15-Jun-2021 22:46:24.704 INFO [http-nio-8080-exec-4] com.sun.faces.spi.InjectionProviderFactory.createInstance JSF1048: PostConstruct/PreDestroy annotations present.  ManagedBeans methods marked with these annotations will have said annotations processed.
15-Jun-2021 22:46:25.113 INFO [http-nio-8080-exec-4] net.bootsfaces.listeners.AddResourcesListener.<clinit> This application is running on BootsFaces 1.5.0-
15-Jun-2021 22:46:25.451 INFO [http-nio-8080-exec-4] org.apache.catalina.core.StandardContext.reload Reloading Context with name [/projectjava] is completed
15-Jun-2021 22:46:30.504 INFO [http-nio-8080-exec-6] com.sun.faces.application.view.ViewScopeManager.<init> CDI @ViewScoped bean functionality unavailable
15-Jun-2021 22:48:42.595 INFO [main] org.apache.catalina.core.StandardServer.await A valid shutdown command was received via the shutdown port. Stopping the Server instance.
15-Jun-2021 22:48:42.596 INFO [main] org.apache.coyote.AbstractProtocol.pause Pausing ProtocolHandler ["http-nio-8080"]
15-Jun-2021 22:48:42.642 INFO [main] org.apache.catalina.core.StandardService.stopInternal Stopping service [Catalina]
15-Jun-2021 22:48:42.765 INFO [main] org.apache.coyote.AbstractProtocol.stop Stopping ProtocolHandler ["http-nio-8080"]
15-Jun-2021 22:48:42.869 INFO [1] org.apache.coyote.AbstractProtocol.destroy Destroying ProtocolHandler ["http-nio-8080"]
15-Jun-2021 23:13:50.157 INFO [main] org.apache.catalina.startup.VersionLoggerListener.log Server version name:   Apache Tomcat/9.0.46
15-Jun-2021 23:13:50.168 INFO [main] org.apache.catalina.startup.VersionLoggerListener.log Server built:          May 8 2021 17:35:52 UTC
15-Jun-2021 23:13:50.168 INFO [main] org.apache.catalina.startup.VersionLoggerListener.log Server version number: 9.0.46.0
15-Jun-2021 23:13:50.169 INFO [main] org.apache.catalina.startup.VersionLoggerListener.log OS Name:               Windows 10
15-Jun-2021 23:13:50.171 INFO [main] org.apache.catalina.startup.VersionLoggerListener.log OS Version:            10.0
15-Jun-2021 23:13:50.171 INFO [main] org.apache.catalina.startup.VersionLoggerListener.log Architecture:          amd64
15-Jun-2021 23:13:50.171 INFO [main] org.apache.catalina.startup.VersionLoggerListener.log Java Home:             C:\Program Files\Java\jdk-16
15-Jun-2021 23:13:50.171 INFO [main] org.apache.catalina.startup.VersionLoggerListener.log JVM Version:           16+36-2231
15-Jun-2021 23:13:50.171 INFO [main] org.apache.catalina.startup.VersionLoggerListener.log JVM Vendor:            Oracle Corporation
15-Jun-2021 23:13:50.171 INFO [main] org.apache.catalina.startup.VersionLoggerListener.log CATALINA_BASE:         D:\CN Java\projectjava\apache-tomcat-9.0.46
15-Jun-2021 23:13:50.172 INFO [main] org.apache.catalina.startup.VersionLoggerListener.log CATALINA_HOME:         D:\CN Java\projectjava\apache-tomcat-9.0.46
15-Jun-2021 23:13:50.220 INFO [main] org.apache.catalina.startup.VersionLoggerListener.log Command line argument: --add-opens=java.base/java.lang=ALL-UNNAMED
15-Jun-2021 23:13:50.221 INFO [main] org.apache.catalina.startup.VersionLoggerListener.log Command line argument: --add-opens=java.base/java.io=ALL-UNNAMED
15-Jun-2021 23:13:50.221 INFO [main] org.apache.catalina.startup.VersionLoggerListener.log Command line argument: --add-opens=java.base/java.util=ALL-UNNAMED
15-Jun-2021 23:13:50.222 INFO [main] org.apache.catalina.startup.VersionLoggerListener.log Command line argument: --add-opens=java.base/java.util.concurrent=ALL-UNNAMED
15-Jun-2021 23:13:50.222 INFO [main] org.apache.catalina.startup.VersionLoggerListener.log Command line argument: --add-opens=java.rmi/sun.rmi.transport=ALL-UNNAMED
15-Jun-2021 23:13:50.223 INFO [main] org.apache.catalina.startup.VersionLoggerListener.log Command line argument: -Djava.util.logging.config.file=D:\CN Java\projectjava\apache-tomcat-9.0.46\conf\logging.properties
15-Jun-2021 23:13:50.224 INFO [main] org.apache.catalina.startup.VersionLoggerListener.log Command line argument: -Djava.util.logging.manager=org.apache.juli.ClassLoaderLogManager
15-Jun-2021 23:13:50.225 INFO [main] org.apache.catalina.startup.VersionLoggerListener.log Command line argument: -Dhttp.nonProxyHosts=localhost|127.0.0.1|DESKTOP-02OJ6L8
15-Jun-2021 23:13:50.225 INFO [main] org.apache.catalina.startup.VersionLoggerListener.log Command line argument: -Djdk.tls.ephemeralDHKeySize=2048
15-Jun-2021 23:13:50.225 INFO [main] org.apache.catalina.startup.VersionLoggerListener.log Command line argument: -Djava.protocol.handler.pkgs=org.apache.catalina.webresources
15-Jun-2021 23:13:50.225 INFO [main] org.apache.catalina.startup.VersionLoggerListener.log Command line argument: -Dignore.endorsed.dirs=
15-Jun-2021 23:13:50.226 INFO [main] org.apache.catalina.startup.VersionLoggerListener.log Command line argument: -Dcatalina.base=D:\CN Java\projectjava\apache-tomcat-9.0.46
15-Jun-2021 23:13:50.226 INFO [main] org.apache.catalina.startup.VersionLoggerListener.log Command line argument: -Dcatalina.home=D:\CN Java\projectjava\apache-tomcat-9.0.46
15-Jun-2021 23:13:50.226 INFO [main] org.apache.catalina.startup.VersionLoggerListener.log Command line argument: -Djava.io.tmpdir=D:\CN Java\projectjava\apache-tomcat-9.0.46\temp
15-Jun-2021 23:13:50.242 INFO [main] org.apache.catalina.core.AprLifecycleListener.lifecycleEvent The Apache Tomcat Native library which allows using OpenSSL was not found on the java.library.path: [C:\Program Files\Java\jdk-16\bin;C:\WINDOWS\Sun\Java\bin;C:\WINDOWS\system32;C:\WINDOWS;C:\Program Files\Common Files\Oracle\Java\javapath;C:\Program Files (x86)\Common Files\Oracle\Java\javapath;C:\WINDOWS\system32;C:\WINDOWS;C:\WINDOWS\System32\Wbem;C:\WINDOWS\System32\WindowsPowerShell\v1.0\;C:\WINDOWS\System32\OpenSSH\;C:\Program Files\Microsoft SQL Server\Client SDK\ODBC\130\Tools\Binn\;C:\Program Files (x86)\Microsoft SQL Server\140\Tools\Binn\;C:\Program Files\Microsoft SQL Server\140\Tools\Binn\;C:\Program Files\Microsoft SQL Server\140\DTS\Binn\;C:\Program Files (x86)\Microsoft SQL Server\150\DTS\Binn\;C:\cygwin64\bin;C:\Program Files\dotnet\;E:\QT Lite\QTSystem;E:\nodejs\;C:\Program Files\Microsoft SQL Server\130\Tools\Binn\;C:\Program Files\Microsoft SQL Server\Client SDK\ODBC\170\Tools\Binn\;C:\Program Files\Git\cmd;C:\Program Files\MySQL\MySQL Shell 8.0\bin\;C:\Users\Hokichi\AppData\Local\Microsoft\WindowsApps;C:\Users\Hokichi\AppData\Local\Programs\Microsoft VS Code\bin;C:\Users\Hokichi\AppData\Local\GitHubDesktop\bin;C:\Users\Hokichi\AppData\Roaming\npm;C:\Users\Hokichi\spicetify-cli;C:\Users\Hokichi\AppData\Local\Microsoft\WindowsApps;C:\Program Files\Java\jdk-16;C:\Users\Hokichi\.jdks\openjdk-16.0.1;\bin;;E:\IntelliJ IDEA Community Edition 2021.1.1\bin;;E:\IntelliJ IDEA 2020.1\bin;;.]
15-Jun-2021 23:13:50.969 INFO [main] org.apache.coyote.AbstractProtocol.init Initializing ProtocolHandler ["http-nio-8080"]
15-Jun-2021 23:13:51.256 INFO [main] org.apache.catalina.startup.Catalina.load Server initialization in [1751] milliseconds
15-Jun-2021 23:13:51.679 INFO [main] org.apache.catalina.core.StandardService.startInternal Starting service [Catalina]
15-Jun-2021 23:13:51.679 INFO [main] org.apache.catalina.core.StandardEngine.startInternal Starting Servlet engine: [Apache Tomcat/9.0.46]
15-Jun-2021 23:13:51.693 INFO [main] org.apache.catalina.startup.HostConfig.deployDescriptor Deploying deployment descriptor [D:\CN Java\projectjava\apache-tomcat-9.0.46\conf\Catalina\localhost\jsf-app-netbeans-example.xml]
15-Jun-2021 23:13:51.720 WARNING [main] org.apache.catalina.startup.HostConfig.deployDescriptor The path attribute with value [/jsf-app-netbeans-example] in deployment descriptor [D:\CN Java\projectjava\apache-tomcat-9.0.46\conf\Catalina\localhost\jsf-app-netbeans-example.xml] has been ignored
15-Jun-2021 23:13:56.316 INFO [main] com.sun.faces.config.ConfigureListener.contextInitialized Initializing Mojarra 2.3.9 ( 20190401-1936 77894020e94a338c9701619b7ef6e9871c5a9079) for context '/jsf-app-netbeans-example'
15-Jun-2021 23:13:57.227 INFO [main] com.sun.faces.spi.InjectionProviderFactory.createInstance JSF1048: PostConstruct/PreDestroy annotations present.  ManagedBeans methods marked with these annotations will have said annotations processed.
15-Jun-2021 23:13:58.606 INFO [main] org.apache.catalina.startup.HostConfig.deployDescriptor Deployment of deployment descriptor [D:\CN Java\projectjava\apache-tomcat-9.0.46\conf\Catalina\localhost\jsf-app-netbeans-example.xml] has finished in [6,912] ms
15-Jun-2021 23:13:58.607 INFO [main] org.apache.catalina.startup.HostConfig.deployDescriptor Deploying deployment descriptor [D:\CN Java\projectjava\apache-tomcat-9.0.46\conf\Catalina\localhost\projectjava.xml]
15-Jun-2021 23:13:58.608 WARNING [main] org.apache.catalina.startup.HostConfig.deployDescriptor The path attribute with value [/projectjava] in deployment descriptor [D:\CN Java\projectjava\apache-tomcat-9.0.46\conf\Catalina\localhost\projectjava.xml] has been ignored
15-Jun-2021 23:14:03.948 INFO [main] org.apache.jasper.servlet.TldScanner.scanJars At least one JAR was scanned for TLDs yet contained no TLDs. Enable debug logging for this logger for a complete list of JARs that were scanned but no TLDs were found in them. Skipping unneeded JARs during scanning can improve startup time and JSP compilation time.
15-Jun-2021 23:14:04.053 INFO [main] com.sun.faces.config.ConfigureListener.contextInitialized Initializing Mojarra 2.3.9 ( 20190401-1936 77894020e94a338c9701619b7ef6e9871c5a9079) for context '/projectjava'
15-Jun-2021 23:14:04.212 INFO [main] com.sun.faces.spi.InjectionProviderFactory.createInstance JSF1048: PostConstruct/PreDestroy annotations present.  ManagedBeans methods marked with these annotations will have said annotations processed.
15-Jun-2021 23:14:04.690 INFO [main] net.bootsfaces.listeners.AddResourcesListener.<clinit> This application is running on BootsFaces 1.5.0-
15-Jun-2021 23:14:05.464 INFO [main] org.apache.catalina.startup.HostConfig.deployDescriptor Deployment of deployment descriptor [D:\CN Java\projectjava\apache-tomcat-9.0.46\conf\Catalina\localhost\projectjava.xml] has finished in [6,857] ms
15-Jun-2021 23:14:05.465 INFO [main] org.apache.catalina.startup.HostConfig.deployDirectory Deploying web application directory [D:\CN Java\projectjava\apache-tomcat-9.0.46\webapps\docs]
15-Jun-2021 23:14:05.591 INFO [main] org.apache.catalina.startup.HostConfig.deployDirectory Deployment of web application directory [D:\CN Java\projectjava\apache-tomcat-9.0.46\webapps\docs] has finished in [126] ms
15-Jun-2021 23:14:05.592 INFO [main] org.apache.catalina.startup.HostConfig.deployDirectory Deploying web application directory [D:\CN Java\projectjava\apache-tomcat-9.0.46\webapps\examples]
15-Jun-2021 23:14:08.516 INFO [main] org.apache.catalina.startup.HostConfig.deployDirectory Deployment of web application directory [D:\CN Java\projectjava\apache-tomcat-9.0.46\webapps\examples] has finished in [2,923] ms
15-Jun-2021 23:14:08.517 INFO [main] org.apache.catalina.startup.HostConfig.deployDirectory Deploying web application directory [D:\CN Java\projectjava\apache-tomcat-9.0.46\webapps\host-manager]
15-Jun-2021 23:14:08.697 INFO [main] org.apache.catalina.startup.HostConfig.deployDirectory Deployment of web application directory [D:\CN Java\projectjava\apache-tomcat-9.0.46\webapps\host-manager] has finished in [179] ms
15-Jun-2021 23:14:08.697 INFO [main] org.apache.catalina.startup.HostConfig.deployDirectory Deploying web application directory [D:\CN Java\projectjava\apache-tomcat-9.0.46\webapps\manager]
15-Jun-2021 23:14:08.823 INFO [main] org.apache.catalina.startup.HostConfig.deployDirectory Deployment of web application directory [D:\CN Java\projectjava\apache-tomcat-9.0.46\webapps\manager] has finished in [126] ms
15-Jun-2021 23:14:08.824 INFO [main] org.apache.catalina.startup.HostConfig.deployDirectory Deploying web application directory [D:\CN Java\projectjava\apache-tomcat-9.0.46\webapps\ROOT]
15-Jun-2021 23:14:08.875 INFO [main] org.apache.catalina.startup.HostConfig.deployDirectory Deployment of web application directory [D:\CN Java\projectjava\apache-tomcat-9.0.46\webapps\ROOT] has finished in [51] ms
15-Jun-2021 23:14:08.882 INFO [main] org.apache.coyote.AbstractProtocol.start Starting ProtocolHandler ["http-nio-8080"]
15-Jun-2021 23:14:08.898 INFO [main] org.apache.catalina.startup.Catalina.start Server startup in [17641] milliseconds
15-Jun-2021 23:14:13.799 INFO [http-nio-8080-exec-2] org.apache.catalina.startup.HostConfig.undeploy Undeploying context [/projectjava]
15-Jun-2021 23:14:13.824 INFO [http-nio-8080-exec-3] org.apache.catalina.startup.HostConfig.deployDescriptor Deploying deployment descriptor [D:\CN Java\projectjava\apache-tomcat-9.0.46\conf\Catalina\localhost\projectjava.xml]
15-Jun-2021 23:14:13.826 WARNING [http-nio-8080-exec-3] org.apache.catalina.startup.HostConfig.deployDescriptor The path attribute with value [/projectjava] in deployment descriptor [D:\CN Java\projectjava\apache-tomcat-9.0.46\conf\Catalina\localhost\projectjava.xml] has been ignored
15-Jun-2021 23:14:16.724 INFO [http-nio-8080-exec-3] org.apache.jasper.servlet.TldScanner.scanJars At least one JAR was scanned for TLDs yet contained no TLDs. Enable debug logging for this logger for a complete list of JARs that were scanned but no TLDs were found in them. Skipping unneeded JARs during scanning can improve startup time and JSP compilation time.
15-Jun-2021 23:14:16.841 INFO [http-nio-8080-exec-3] com.sun.faces.config.ConfigureListener.contextInitialized Initializing Mojarra 2.3.9 ( 20190401-1936 77894020e94a338c9701619b7ef6e9871c5a9079) for context '/projectjava'
15-Jun-2021 23:14:17.007 INFO [http-nio-8080-exec-3] com.sun.faces.spi.InjectionProviderFactory.createInstance JSF1048: PostConstruct/PreDestroy annotations present.  ManagedBeans methods marked with these annotations will have said annotations processed.
15-Jun-2021 23:14:18.362 INFO [http-nio-8080-exec-3] net.bootsfaces.listeners.AddResourcesListener.<clinit> This application is running on BootsFaces 1.5.0-
15-Jun-2021 23:14:19.136 INFO [http-nio-8080-exec-3] org.apache.catalina.startup.HostConfig.deployDescriptor Deployment of deployment descriptor [D:\CN Java\projectjava\apache-tomcat-9.0.46\conf\Catalina\localhost\projectjava.xml] has finished in [5,311] ms
15-Jun-2021 23:14:22.525 INFO [http-nio-8080-exec-10] com.sun.faces.application.view.ViewScopeManager.<init> CDI @ViewScoped bean functionality unavailable
15-Jun-2021 23:44:53.010 INFO [Catalina-utility-1] org.apache.catalina.startup.HostConfig.undeploy Undeploying context [/jsf-app-netbeans-example]
15-Jun-2021 23:44:53.093 SEVERE [Catalina-utility-1] com.sun.faces.config.ConfigureListener.contextDestroyed Unexpected exception when attempting to tear down the Mojarra runtime
	java.lang.IllegalStateException: java.io.IOException: java.lang.reflect.InvocationTargetException
		at org.apache.catalina.webresources.AbstractSingleArchiveResourceSet.getArchiveEntry(AbstractSingleArchiveResourceSet.java:101)
		at org.apache.catalina.webresources.AbstractArchiveResourceSet.getResource(AbstractArchiveResourceSet.java:263)
		at org.apache.catalina.webresources.StandardRoot.getResourceInternal(StandardRoot.java:281)
		at org.apache.catalina.webresources.Cache.getResource(Cache.java:62)
		at org.apache.catalina.webresources.StandardRoot.getResource(StandardRoot.java:216)
		at org.apache.catalina.webresources.StandardRoot.getClassLoaderResource(StandardRoot.java:225)
		at org.apache.catalina.loader.WebappClassLoaderBase.findClassInternal(WebappClassLoaderBase.java:2316)
		at org.apache.catalina.loader.WebappClassLoaderBase.findClass(WebappClassLoaderBase.java:864)
		at org.apache.catalina.loader.WebappClassLoaderBase.loadClass(WebappClassLoaderBase.java:1333)
		at org.apache.catalina.loader.WebappClassLoaderBase.loadClass(WebappClassLoaderBase.java:1187)
		at com.sun.faces.config.ConfigureListener.contextDestroyed(ConfigureListener.java:376)
		at org.apache.catalina.core.StandardContext.listenerStop(StandardContext.java:4760)
		at org.apache.catalina.core.StandardContext.stopInternal(StandardContext.java:5418)
		at org.apache.catalina.util.LifecycleBase.stop(LifecycleBase.java:257)
		at org.apache.catalina.core.ContainerBase.removeChild(ContainerBase.java:805)
		at org.apache.catalina.startup.HostConfig.undeploy(HostConfig.java:1460)
		at org.apache.catalina.startup.HostConfig.checkResources(HostConfig.java:1387)
		at org.apache.catalina.startup.HostConfig.check(HostConfig.java:1647)
		at org.apache.catalina.startup.HostConfig.lifecycleEvent(HostConfig.java:315)
		at org.apache.catalina.util.LifecycleBase.fireLifecycleEvent(LifecycleBase.java:123)
		at org.apache.catalina.core.ContainerBase.backgroundProcess(ContainerBase.java:1151)
		at org.apache.catalina.core.ContainerBase$ContainerBackgroundProcessor.processChildren(ContainerBase.java:1353)
		at org.apache.catalina.core.ContainerBase$ContainerBackgroundProcessor.processChildren(ContainerBase.java:1357)
		at org.apache.catalina.core.ContainerBase$ContainerBackgroundProcessor.run(ContainerBase.java:1335)
		at java.base/java.util.concurrent.Executors$RunnableAdapter.call(Executors.java:515)
		at java.base/java.util.concurrent.FutureTask.runAndReset(FutureTask.java:305)
		at java.base/java.util.concurrent.ScheduledThreadPoolExecutor$ScheduledFutureTask.run(ScheduledThreadPoolExecutor.java:305)
		at java.base/java.util.concurrent.ThreadPoolExecutor.runWorker(ThreadPoolExecutor.java:1130)
		at java.base/java.util.concurrent.ThreadPoolExecutor$Worker.run(ThreadPoolExecutor.java:630)
		at org.apache.tomcat.util.threads.TaskThread$WrappingRunnable.run(TaskThread.java:61)
		at java.base/java.lang.Thread.run(Thread.java:831)
	Caused by: java.io.IOException: java.lang.reflect.InvocationTargetException
		at org.apache.tomcat.util.compat.Jre9Compat.jarFileNewInstance(Jre9Compat.java:209)
		at org.apache.tomcat.util.compat.JreCompat.jarFileNewInstance(JreCompat.java:226)
		at org.apache.catalina.webresources.AbstractArchiveResourceSet.openJarFile(AbstractArchiveResourceSet.java:314)
		at org.apache.catalina.webresources.AbstractSingleArchiveResourceSet.getArchiveEntry(AbstractSingleArchiveResourceSet.java:97)
		... 30 more
	Caused by: java.lang.reflect.InvocationTargetException
		at java.base/jdk.internal.reflect.GeneratedConstructorAccessor8.newInstance(Unknown Source)
		at java.base/jdk.internal.reflect.DelegatingConstructorAccessorImpl.newInstance(DelegatingConstructorAccessorImpl.java:45)
		at java.base/java.lang.reflect.Constructor.newInstanceWithCaller(Constructor.java:499)
		at java.base/java.lang.reflect.Constructor.newInstance(Constructor.java:480)
		at org.apache.tomcat.util.compat.Jre9Compat.jarFileNewInstance(Jre9Compat.java:206)
		... 33 more
	Caused by: java.nio.file.NoSuchFileException: H:\Download\CN Java\jsf-app-netbeans-example\build\web\WEB-INF\lib\javax.faces.jar
		at java.base/sun.nio.fs.WindowsException.translateToIOException(WindowsException.java:85)
		at java.base/sun.nio.fs.WindowsException.rethrowAsIOException(WindowsException.java:103)
		at java.base/sun.nio.fs.WindowsException.rethrowAsIOException(WindowsException.java:108)
		at java.base/sun.nio.fs.WindowsFileAttributeViews$Basic.readAttributes(WindowsFileAttributeViews.java:53)
		at java.base/sun.nio.fs.WindowsFileAttributeViews$Basic.readAttributes(WindowsFileAttributeViews.java:38)
		at java.base/sun.nio.fs.WindowsFileSystemProvider.readAttributes(WindowsFileSystemProvider.java:199)
		at java.base/java.nio.file.Files.readAttributes(Files.java:1843)
		at java.base/java.util.zip.ZipFile$Source.get(ZipFile.java:1212)
		at java.base/java.util.zip.ZipFile$CleanableResource.<init>(ZipFile.java:706)
		at java.base/java.util.zip.ZipFile.<init>(ZipFile.java:240)
		at java.base/java.util.zip.ZipFile.<init>(ZipFile.java:171)
		at java.base/java.util.jar.JarFile.<init>(JarFile.java:349)
		... 38 more
15-Jun-2021 23:44:53.322 INFO [Catalina-utility-1] org.apache.catalina.startup.HostConfig.deployDescriptor Deploying deployment descriptor [D:\CN Java\projectjava\apache-tomcat-9.0.46\conf\Catalina\localhost\jsf-app-netbeans-example.xml]
15-Jun-2021 23:44:53.335 WARNING [Catalina-utility-1] org.apache.catalina.startup.HostConfig.deployDescriptor The path attribute with value [/jsf-app-netbeans-example] in deployment descriptor [D:\CN Java\projectjava\apache-tomcat-9.0.46\conf\Catalina\localhost\jsf-app-netbeans-example.xml] has been ignored
15-Jun-2021 23:44:53.362 SEVERE [Catalina-utility-1] org.apache.catalina.startup.HostConfig.deployDescriptor Error deploying deployment descriptor [D:\CN Java\projectjava\apache-tomcat-9.0.46\conf\Catalina\localhost\jsf-app-netbeans-example.xml]
	java.lang.IllegalStateException: Error starting child
		at org.apache.catalina.core.ContainerBase.addChildInternal(ContainerBase.java:720)
		at org.apache.catalina.core.ContainerBase.addChild(ContainerBase.java:690)
		at org.apache.catalina.core.StandardHost.addChild(StandardHost.java:692)
		at org.apache.catalina.startup.HostConfig.deployDescriptor(HostConfig.java:689)
		at org.apache.catalina.startup.HostConfig$DeployDescriptor.run(HostConfig.java:1881)
		at java.base/java.util.concurrent.Executors$RunnableAdapter.call(Executors.java:515)
		at java.base/java.util.concurrent.FutureTask.run(FutureTask.java:264)
		at org.apache.tomcat.util.threads.InlineExecutorService.execute(InlineExecutorService.java:75)
		at java.base/java.util.concurrent.AbstractExecutorService.submit(AbstractExecutorService.java:123)
		at org.apache.catalina.startup.HostConfig.deployDescriptors(HostConfig.java:582)
		at org.apache.catalina.startup.HostConfig.deployApps(HostConfig.java:472)
		at org.apache.catalina.startup.HostConfig.check(HostConfig.java:1660)
		at org.apache.catalina.startup.HostConfig.lifecycleEvent(HostConfig.java:315)
		at org.apache.catalina.util.LifecycleBase.fireLifecycleEvent(LifecycleBase.java:123)
		at org.apache.catalina.core.ContainerBase.backgroundProcess(ContainerBase.java:1151)
		at org.apache.catalina.core.ContainerBase$ContainerBackgroundProcessor.processChildren(ContainerBase.java:1353)
		at org.apache.catalina.core.ContainerBase$ContainerBackgroundProcessor.processChildren(ContainerBase.java:1357)
		at org.apache.catalina.core.ContainerBase$ContainerBackgroundProcessor.run(ContainerBase.java:1335)
		at java.base/java.util.concurrent.Executors$RunnableAdapter.call(Executors.java:515)
		at java.base/java.util.concurrent.FutureTask.runAndReset(FutureTask.java:305)
		at java.base/java.util.concurrent.ScheduledThreadPoolExecutor$ScheduledFutureTask.run(ScheduledThreadPoolExecutor.java:305)
		at java.base/java.util.concurrent.ThreadPoolExecutor.runWorker(ThreadPoolExecutor.java:1130)
		at java.base/java.util.concurrent.ThreadPoolExecutor$Worker.run(ThreadPoolExecutor.java:630)
		at org.apache.tomcat.util.threads.TaskThread$WrappingRunnable.run(TaskThread.java:61)
		at java.base/java.lang.Thread.run(Thread.java:831)
	Caused by: org.apache.catalina.LifecycleException: Failed to start component [org.apache.catalina.webresources.StandardRoot@475e40be]
		at org.apache.catalina.util.LifecycleBase.handleSubClassException(LifecycleBase.java:440)
		at org.apache.catalina.util.LifecycleBase.start(LifecycleBase.java:198)
		at org.apache.catalina.core.StandardContext.resourcesStart(StandardContext.java:4830)
		at org.apache.catalina.core.StandardContext.startInternal(StandardContext.java:4966)
		at org.apache.catalina.util.LifecycleBase.start(LifecycleBase.java:183)
		at org.apache.catalina.core.ContainerBase.addChildInternal(ContainerBase.java:717)
		... 24 more
	Caused by: java.lang.IllegalArgumentException: The main resource set specified [H:\Download\CN Java\jsf-app-netbeans-example\build\web] is not valid
		at org.apache.catalina.webresources.StandardRoot.createMainResourceSet(StandardRoot.java:751)
		at org.apache.catalina.webresources.StandardRoot.startInternal(StandardRoot.java:708)
		at org.apache.catalina.util.LifecycleBase.start(LifecycleBase.java:183)
		... 28 more
15-Jun-2021 23:44:53.583 INFO [Catalina-utility-1] org.apache.catalina.startup.HostConfig.deployDescriptor Deployment of deployment descriptor [D:\CN Java\projectjava\apache-tomcat-9.0.46\conf\Catalina\localhost\jsf-app-netbeans-example.xml] has finished in [259] ms
15-Jun-2021 23:48:18.490 INFO [http-nio-8080-exec-21] org.apache.catalina.core.StandardContext.reload Reloading Context with name [/projectjava] has started
15-Jun-2021 23:48:21.666 INFO [http-nio-8080-exec-21] org.apache.jasper.servlet.TldScanner.scanJars At least one JAR was scanned for TLDs yet contained no TLDs. Enable debug logging for this logger for a complete list of JARs that were scanned but no TLDs were found in them. Skipping unneeded JARs during scanning can improve startup time and JSP compilation time.
15-Jun-2021 23:48:21.850 INFO [http-nio-8080-exec-21] com.sun.faces.config.ConfigureListener.contextInitialized Initializing Mojarra 2.3.9 ( 20190401-1936 77894020e94a338c9701619b7ef6e9871c5a9079) for context '/projectjava'
15-Jun-2021 23:48:22.133 INFO [http-nio-8080-exec-21] com.sun.faces.spi.InjectionProviderFactory.createInstance JSF1048: PostConstruct/PreDestroy annotations present.  ManagedBeans methods marked with these annotations will have said annotations processed.
15-Jun-2021 23:48:22.783 INFO [http-nio-8080-exec-21] net.bootsfaces.listeners.AddResourcesListener.<clinit> This application is running on BootsFaces 1.5.0-
15-Jun-2021 23:48:23.840 INFO [http-nio-8080-exec-21] org.apache.catalina.core.StandardContext.reload Reloading Context with name [/projectjava] is completed
15-Jun-2021 23:53:30.334 INFO [http-nio-8080-exec-25] org.apache.catalina.core.StandardContext.reload Reloading Context with name [/projectjava] has started
15-Jun-2021 23:53:33.896 INFO [http-nio-8080-exec-25] org.apache.jasper.servlet.TldScanner.scanJars At least one JAR was scanned for TLDs yet contained no TLDs. Enable debug logging for this logger for a complete list of JARs that were scanned but no TLDs were found in them. Skipping unneeded JARs during scanning can improve startup time and JSP compilation time.
15-Jun-2021 23:53:33.985 INFO [http-nio-8080-exec-25] com.sun.faces.config.ConfigureListener.contextInitialized Initializing Mojarra 2.3.9 ( 20190401-1936 77894020e94a338c9701619b7ef6e9871c5a9079) for context '/projectjava'
15-Jun-2021 23:53:34.157 INFO [http-nio-8080-exec-25] com.sun.faces.spi.InjectionProviderFactory.createInstance JSF1048: PostConstruct/PreDestroy annotations present.  ManagedBeans methods marked with these annotations will have said annotations processed.
15-Jun-2021 23:53:34.735 INFO [http-nio-8080-exec-25] net.bootsfaces.listeners.AddResourcesListener.<clinit> This application is running on BootsFaces 1.5.0-
15-Jun-2021 23:53:35.316 INFO [http-nio-8080-exec-25] org.apache.catalina.core.StandardContext.reload Reloading Context with name [/projectjava] is completed
15-Jun-2021 23:53:41.800 INFO [http-nio-8080-exec-30] org.apache.catalina.core.StandardContext.reload Reloading Context with name [/projectjava] has started
15-Jun-2021 23:53:44.777 INFO [http-nio-8080-exec-30] org.apache.jasper.servlet.TldScanner.scanJars At least one JAR was scanned for TLDs yet contained no TLDs. Enable debug logging for this logger for a complete list of JARs that were scanned but no TLDs were found in them. Skipping unneeded JARs during scanning can improve startup time and JSP compilation time.
15-Jun-2021 23:53:45.080 INFO [http-nio-8080-exec-30] com.sun.faces.config.ConfigureListener.contextInitialized Initializing Mojarra 2.3.9 ( 20190401-1936 77894020e94a338c9701619b7ef6e9871c5a9079) for context '/projectjava'
15-Jun-2021 23:53:45.665 INFO [http-nio-8080-exec-30] com.sun.faces.spi.InjectionProviderFactory.createInstance JSF1048: PostConstruct/PreDestroy annotations present.  ManagedBeans methods marked with these annotations will have said annotations processed.
15-Jun-2021 23:53:46.277 INFO [http-nio-8080-exec-30] net.bootsfaces.listeners.AddResourcesListener.<clinit> This application is running on BootsFaces 1.5.0-
15-Jun-2021 23:53:47.132 INFO [53] org.apache.catalina.core.StandardContext.reload Reloading Context with name [/projectjava] is completed
15-Jun-2021 23:53:47.536 INFO [http-nio-8080-exec-31] org.apache.catalina.core.StandardContext.reload Reloading Context with name [/projectjava] has started
15-Jun-2021 23:53:49.710 INFO [http-nio-8080-exec-31] org.apache.jasper.servlet.TldScanner.scanJars At least one JAR was scanned for TLDs yet contained no TLDs. Enable debug logging for this logger for a complete list of JARs that were scanned but no TLDs were found in them. Skipping unneeded JARs during scanning can improve startup time and JSP compilation time.
15-Jun-2021 23:53:49.797 INFO [http-nio-8080-exec-31] com.sun.faces.config.ConfigureListener.contextInitialized Initializing Mojarra 2.3.9 ( 20190401-1936 77894020e94a338c9701619b7ef6e9871c5a9079) for context '/projectjava'
15-Jun-2021 23:53:49.905 INFO [http-nio-8080-exec-31] com.sun.faces.spi.InjectionProviderFactory.createInstance JSF1048: PostConstruct/PreDestroy annotations present.  ManagedBeans methods marked with these annotations will have said annotations processed.
15-Jun-2021 23:53:50.346 INFO [http-nio-8080-exec-31] net.bootsfaces.listeners.AddResourcesListener.<clinit> This application is running on BootsFaces 1.5.0-
15-Jun-2021 23:53:50.800 INFO [http-nio-8080-exec-31] org.apache.catalina.core.StandardContext.reload Reloading Context with name [/projectjava] is completed
