20-Jun-2021 00:08:40.386 SEVERE [http-nio-8080-exec-53] org.apache.catalina.core.StandardContext.listenerStart Exception sending context initialized event to listener instance of class [com.sun.faces.config.ConfigureListener]
	java.lang.RuntimeException: java.lang.NoClassDefFoundError: com/projectjava/service/CateServices
		at com.sun.faces.config.ConfigureListener.contextInitialized(ConfigureListener.java:315)
		at org.apache.catalina.core.StandardContext.listenerStart(StandardContext.java:4714)
		at org.apache.catalina.core.StandardContext.startInternal(StandardContext.java:5172)
		at org.apache.catalina.util.LifecycleBase.start(LifecycleBase.java:183)
		at org.apache.catalina.core.StandardContext.reload(StandardContext.java:3792)
		at org.apache.catalina.manager.ManagerServlet.reload(ManagerServlet.java:1124)
		at org.apache.catalina.manager.ManagerServlet.doGet(ManagerServlet.java:366)
		at javax.servlet.http.HttpServlet.service(HttpServlet.java:626)
		at javax.servlet.http.HttpServlet.service(HttpServlet.java:733)
		at org.apache.catalina.core.ApplicationFilterChain.internalDoFilter(ApplicationFilterChain.java:227)
		at org.apache.catalina.core.ApplicationFilterChain.doFilter(ApplicationFilterChain.java:162)
		at org.apache.tomcat.websocket.server.WsFilter.doFilter(WsFilter.java:53)
		at org.apache.catalina.core.ApplicationFilterChain.internalDoFilter(ApplicationFilterChain.java:189)
		at org.apache.catalina.core.ApplicationFilterChain.doFilter(ApplicationFilterChain.java:162)
		at org.apache.catalina.filters.HttpHeaderSecurityFilter.doFilter(HttpHeaderSecurityFilter.java:126)
		at org.apache.catalina.core.ApplicationFilterChain.internalDoFilter(ApplicationFilterChain.java:189)
		at org.apache.catalina.core.ApplicationFilterChain.doFilter(ApplicationFilterChain.java:162)
		at org.apache.catalina.core.StandardWrapperValve.invoke(StandardWrapperValve.java:202)
		at org.apache.catalina.core.StandardContextValve.invoke(StandardContextValve.java:97)
		at org.apache.catalina.authenticator.AuthenticatorBase.invoke(AuthenticatorBase.java:667)
		at org.apache.catalina.valves.RequestFilterValve.process(RequestFilterValve.java:378)
		at org.apache.catalina.valves.RemoteAddrValve.invoke(RemoteAddrValve.java:56)
		at org.apache.catalina.core.StandardHostValve.invoke(StandardHostValve.java:143)
		at org.apache.catalina.valves.ErrorReportValve.invoke(ErrorReportValve.java:92)
		at org.apache.catalina.valves.AbstractAccessLogValve.invoke(AbstractAccessLogValve.java:687)
		at org.apache.catalina.core.StandardEngineValve.invoke(StandardEngineValve.java:78)
		at org.apache.catalina.connector.CoyoteAdapter.service(CoyoteAdapter.java:357)
		at org.apache.coyote.http11.Http11Processor.service(Http11Processor.java:374)
		at org.apache.coyote.AbstractProcessorLight.process(AbstractProcessorLight.java:65)
		at org.apache.coyote.AbstractProtocol$ConnectionHandler.process(AbstractProtocol.java:893)
		at org.apache.tomcat.util.net.NioEndpoint$SocketProcessor.doRun(NioEndpoint.java:1707)
		at org.apache.tomcat.util.net.SocketProcessorBase.run(SocketProcessorBase.java:49)
		at java.base/java.util.concurrent.ThreadPoolExecutor.runWorker(ThreadPoolExecutor.java:1130)
		at java.base/java.util.concurrent.ThreadPoolExecutor$Worker.run(ThreadPoolExecutor.java:630)
		at org.apache.tomcat.util.threads.TaskThread$WrappingRunnable.run(TaskThread.java:61)
		at java.base/java.lang.Thread.run(Thread.java:831)
	Caused by: java.lang.NoClassDefFoundError: com/projectjava/service/CateServices
		at java.base/java.lang.Class.getDeclaredFields0(Native Method)
		at java.base/java.lang.Class.privateGetDeclaredFields(Class.java:3229)
		at java.base/java.lang.Class.getDeclaredFields(Class.java:2335)
		at com.sun.faces.application.annotation.ManagedBeanConfigHandler.collectAnnotatedFields(ManagedBeanConfigHandler.java:245)
		at com.sun.faces.application.annotation.ManagedBeanConfigHandler.getBeanInfo(ManagedBeanConfigHandler.java:154)
		at com.sun.faces.application.annotation.ManagedBeanConfigHandler.process(ManagedBeanConfigHandler.java:140)
		at com.sun.faces.application.annotation.ManagedBeanConfigHandler.push(ManagedBeanConfigHandler.java:126)
		at com.sun.faces.application.annotation.AnnotationManager.applyConfigAnnotations(AnnotationManager.java:234)
		at com.sun.faces.config.processor.AbstractConfigProcessor.processAnnotations(AbstractConfigProcessor.java:449)
		at com.sun.faces.config.processor.ManagedBeanConfigProcessor.process(ManagedBeanConfigProcessor.java:245)
		at com.sun.faces.config.processor.AbstractConfigProcessor.invokeNext(AbstractConfigProcessor.java:155)
		at com.sun.faces.config.processor.ValidatorConfigProcessor.process(ValidatorConfigProcessor.java:121)
		at com.sun.faces.config.processor.AbstractConfigProcessor.invokeNext(AbstractConfigProcessor.java:155)
		at com.sun.faces.config.processor.ConverterConfigProcessor.process(ConverterConfigProcessor.java:127)
		at com.sun.faces.config.processor.AbstractConfigProcessor.invokeNext(AbstractConfigProcessor.java:155)
		at com.sun.faces.config.processor.ComponentConfigProcessor.process(ComponentConfigProcessor.java:118)
		at com.sun.faces.config.processor.AbstractConfigProcessor.invokeNext(AbstractConfigProcessor.java:155)
		at com.sun.faces.config.processor.ApplicationConfigProcessor.process(ApplicationConfigProcessor.java:403)
		at com.sun.faces.config.processor.AbstractConfigProcessor.invokeNext(AbstractConfigProcessor.java:155)
		at com.sun.faces.config.processor.LifecycleConfigProcessor.process(LifecycleConfigProcessor.java:138)
		at com.sun.faces.config.processor.AbstractConfigProcessor.invokeNext(AbstractConfigProcessor.java:155)
		at com.sun.faces.config.processor.FactoryConfigProcessor.process(FactoryConfigProcessor.java:246)
		at com.sun.faces.config.ConfigManager.initialize(ConfigManager.java:443)
		at com.sun.faces.config.ConfigureListener.contextInitialized(ConfigureListener.java:237)
		... 35 more
	Caused by: java.lang.ClassNotFoundException: com.projectjava.service.CateServices
		at org.apache.catalina.loader.WebappClassLoaderBase.loadClass(WebappClassLoaderBase.java:1364)
		at org.apache.catalina.loader.WebappClassLoaderBase.loadClass(WebappClassLoaderBase.java:1187)
		... 59 more
20-Jun-2021 09:44:28.104 INFO [main] org.apache.catalina.core.ApplicationContext.log SessionListener: contextDestroyed()
20-Jun-2021 09:44:28.104 INFO [main] org.apache.catalina.core.ApplicationContext.log ContextListener: contextDestroyed()
