27-Jun-2021 00:16:24.825 WARNING [main] org.apache.catalina.session.StandardSession.doReadObject Cannot deserialize session attribute [com.sun.faces.application.view.activeViewMaps] for session [E2E4E9E3435A7DBA5CB2DA49FA596588]
27-Jun-2021 00:16:27.327 INFO [main] org.apache.catalina.core.ApplicationContext.log ContextListener: contextInitialized()
27-Jun-2021 00:16:27.327 INFO [main] org.apache.catalina.core.ApplicationContext.log SessionListener: contextInitialized()
27-Jun-2021 00:16:27.330 INFO [main] org.apache.catalina.core.ApplicationContext.log ContextListener: attributeAdded('StockTicker', 'async.Stockticker@76312df9')
27-Jun-2021 00:17:58.366 WARNING [http-nio-8080-exec-14] org.apache.catalina.session.StandardSession.doWriteObject Cannot serialize session attribute [com.sun.faces.application.view.activeViewMaps] for session [E2E4E9E3435A7DBA5CB2DA49FA596588]
	java.io.NotSerializableException: com.projectjava.bean.UserBean
		at java.base/java.io.ObjectOutputStream.writeObject0(ObjectOutputStream.java:1192)
		at java.base/java.io.ObjectOutputStream.writeObject(ObjectOutputStream.java:352)
		at java.base/java.util.HashMap.internalWriteEntries(HashMap.java:1931)
		at java.base/java.util.HashMap.writeObject(HashMap.java:1501)
		at java.base/jdk.internal.reflect.GeneratedMethodAccessor56.invoke(Unknown Source)
		at java.base/jdk.internal.reflect.DelegatingMethodAccessorImpl.invoke(DelegatingMethodAccessorImpl.java:43)
		at java.base/java.lang.reflect.Method.invoke(Method.java:567)
		at java.base/java.io.ObjectStreamClass.invokeWriteObject(ObjectStreamClass.java:1194)
		at java.base/java.io.ObjectOutputStream.writeSerialData(ObjectOutputStream.java:1521)
		at java.base/java.io.ObjectOutputStream.writeOrdinaryObject(ObjectOutputStream.java:1443)
		at java.base/java.io.ObjectOutputStream.writeObject0(ObjectOutputStream.java:1186)
		at java.base/java.io.ObjectOutputStream.writeObject(ObjectOutputStream.java:352)
		at java.base/java.util.LinkedHashMap.internalWriteEntries(LinkedHashMap.java:334)
		at java.base/java.util.HashMap.writeObject(HashMap.java:1501)
		at java.base/jdk.internal.reflect.GeneratedMethodAccessor56.invoke(Unknown Source)
		at java.base/jdk.internal.reflect.DelegatingMethodAccessorImpl.invoke(DelegatingMethodAccessorImpl.java:43)
		at java.base/java.lang.reflect.Method.invoke(Method.java:567)
		at java.base/java.io.ObjectStreamClass.invokeWriteObject(ObjectStreamClass.java:1194)
		at java.base/java.io.ObjectOutputStream.writeSerialData(ObjectOutputStream.java:1521)
		at java.base/java.io.ObjectOutputStream.writeOrdinaryObject(ObjectOutputStream.java:1443)
		at java.base/java.io.ObjectOutputStream.writeObject0(ObjectOutputStream.java:1186)
		at java.base/java.io.ObjectOutputStream.defaultWriteFields(ObjectOutputStream.java:1577)
		at java.base/java.io.ObjectOutputStream.defaultWriteObject(ObjectOutputStream.java:445)
		at java.base/java.util.Collections$SynchronizedMap.writeObject(Collections.java:2742)
		at java.base/jdk.internal.reflect.NativeMethodAccessorImpl.invoke0(Native Method)
		at java.base/jdk.internal.reflect.NativeMethodAccessorImpl.invoke(NativeMethodAccessorImpl.java:78)
		at java.base/jdk.internal.reflect.DelegatingMethodAccessorImpl.invoke(DelegatingMethodAccessorImpl.java:43)
		at java.base/java.lang.reflect.Method.invoke(Method.java:567)
		at java.base/java.io.ObjectStreamClass.invokeWriteObject(ObjectStreamClass.java:1194)
		at java.base/java.io.ObjectOutputStream.writeSerialData(ObjectOutputStream.java:1521)
		at java.base/java.io.ObjectOutputStream.writeOrdinaryObject(ObjectOutputStream.java:1443)
		at java.base/java.io.ObjectOutputStream.writeObject0(ObjectOutputStream.java:1186)
		at java.base/java.io.ObjectOutputStream.writeObject(ObjectOutputStream.java:352)
		at org.apache.catalina.session.StandardSession.doWriteObject(StandardSession.java:1702)
		at org.apache.catalina.session.StandardSession.writeObjectData(StandardSession.java:1057)
		at org.apache.catalina.session.StandardManager.doUnload(StandardManager.java:315)
		at org.apache.catalina.session.StandardManager.unload(StandardManager.java:267)
		at org.apache.catalina.session.StandardManager.stopInternal(StandardManager.java:382)
		at org.apache.catalina.util.LifecycleBase.stop(LifecycleBase.java:257)
		at org.apache.catalina.core.StandardContext.stopInternal(StandardContext.java:5414)
		at org.apache.catalina.util.LifecycleBase.stop(LifecycleBase.java:257)
		at org.apache.catalina.core.StandardContext.reload(StandardContext.java:3785)
		at org.apache.catalina.manager.ManagerServlet.reload(ManagerServlet.java:1124)
		at org.apache.catalina.manager.ManagerServlet.doGet(ManagerServlet.java:366)
		at javax.servlet.http.HttpServlet.service(HttpServlet.java:626)
		at javax.servlet.http.HttpServlet.service(HttpServlet.java:733)
		at org.apache.catalina.core.ApplicationFilterChain.internalDoFilter(ApplicationFilterChain.java:227)
		at org.apache.catalina.core.ApplicationFilterChain.doFilter(ApplicationFilterChain.java:162)
		at org.apache.tomcat.websocket.server.WsFilter.doFilter(WsFilter.java:53)
		at org.apache.catalina.core.ApplicationFilterChain.internalDoFilter(ApplicationFilterChain.java:189)
		at org.apache.catalina.core.ApplicationFilterChain.doFilter(ApplicationFilterChain.java:162)
		at org.apache.catalina.filters.HttpHeaderSecurityFilter.doFilter(HttpHeaderSecurityFilter.java:126)
		at org.apache.catalina.core.ApplicationFilterChain.internalDoFilter(ApplicationFilterChain.java:189)
		at org.apache.catalina.core.ApplicationFilterChain.doFilter(ApplicationFilterChain.java:162)
		at org.apache.catalina.core.StandardWrapperValve.invoke(StandardWrapperValve.java:202)
		at org.apache.catalina.core.StandardContextValve.invoke(StandardContextValve.java:97)
		at org.apache.catalina.authenticator.AuthenticatorBase.invoke(AuthenticatorBase.java:667)
		at org.apache.catalina.valves.RequestFilterValve.process(RequestFilterValve.java:378)
		at org.apache.catalina.valves.RemoteAddrValve.invoke(RemoteAddrValve.java:56)
		at org.apache.catalina.core.StandardHostValve.invoke(StandardHostValve.java:143)
		at org.apache.catalina.valves.ErrorReportValve.invoke(ErrorReportValve.java:92)
		at org.apache.catalina.valves.AbstractAccessLogValve.invoke(AbstractAccessLogValve.java:687)
		at org.apache.catalina.core.StandardEngineValve.invoke(StandardEngineValve.java:78)
		at org.apache.catalina.connector.CoyoteAdapter.service(CoyoteAdapter.java:357)
		at org.apache.coyote.http11.Http11Processor.service(Http11Processor.java:374)
		at org.apache.coyote.AbstractProcessorLight.process(AbstractProcessorLight.java:65)
		at org.apache.coyote.AbstractProtocol$ConnectionHandler.process(AbstractProtocol.java:893)
		at org.apache.tomcat.util.net.NioEndpoint$SocketProcessor.doRun(NioEndpoint.java:1707)
		at org.apache.tomcat.util.net.SocketProcessorBase.run(SocketProcessorBase.java:49)
		at java.base/java.util.concurrent.ThreadPoolExecutor.runWorker(ThreadPoolExecutor.java:1130)
		at java.base/java.util.concurrent.ThreadPoolExecutor$Worker.run(ThreadPoolExecutor.java:630)
		at org.apache.tomcat.util.threads.TaskThread$WrappingRunnable.run(TaskThread.java:61)
		at java.base/java.lang.Thread.run(Thread.java:831)
27-Jun-2021 00:18:05.780 WARNING [http-nio-8080-exec-14] org.apache.catalina.session.StandardSession.doReadObject Cannot deserialize session attribute [com.sun.faces.application.view.activeViewMaps] for session [E2E4E9E3435A7DBA5CB2DA49FA596588]
27-Jun-2021 09:46:53.315 INFO [main] org.apache.catalina.core.ApplicationContext.log SessionListener: contextDestroyed()
27-Jun-2021 09:46:53.315 INFO [main] org.apache.catalina.core.ApplicationContext.log ContextListener: contextDestroyed()
27-Jun-2021 14:05:02.358 INFO [main] org.apache.catalina.core.ApplicationContext.log ContextListener: contextInitialized()
27-Jun-2021 14:05:02.358 INFO [main] org.apache.catalina.core.ApplicationContext.log SessionListener: contextInitialized()
27-Jun-2021 14:05:02.374 INFO [main] org.apache.catalina.core.ApplicationContext.log ContextListener: attributeAdded('StockTicker', 'async.Stockticker@4b330722')
27-Jun-2021 19:12:10.882 INFO [main] org.apache.catalina.core.ApplicationContext.log SessionListener: contextDestroyed()
27-Jun-2021 19:12:10.883 INFO [main] org.apache.catalina.core.ApplicationContext.log ContextListener: contextDestroyed()
27-Jun-2021 19:56:23.880 INFO [main] org.apache.catalina.core.ApplicationContext.log ContextListener: contextInitialized()
27-Jun-2021 19:56:23.881 INFO [main] org.apache.catalina.core.ApplicationContext.log SessionListener: contextInitialized()
27-Jun-2021 19:56:23.885 INFO [main] org.apache.catalina.core.ApplicationContext.log ContextListener: attributeAdded('StockTicker', 'async.Stockticker@227051e6')
