28-Jun-2021 00:30:54.119 INFO [main] org.apache.catalina.core.ApplicationContext.log SessionListener: contextDestroyed()
28-Jun-2021 00:30:54.119 INFO [main] org.apache.catalina.core.ApplicationContext.log ContextListener: contextDestroyed()
28-Jun-2021 00:31:14.631 INFO [main] org.apache.catalina.core.ApplicationContext.log ContextListener: contextInitialized()
28-Jun-2021 00:31:14.631 INFO [main] org.apache.catalina.core.ApplicationContext.log SessionListener: contextInitialized()
28-Jun-2021 00:31:14.636 INFO [main] org.apache.catalina.core.ApplicationContext.log ContextListener: attributeAdded('StockTicker', 'async.Stockticker@6f50f047')
28-Jun-2021 10:07:29.617 WARNING [Catalina-utility-1] org.apache.catalina.session.StandardSession.doWriteObject Cannot serialize session attribute [com.sun.faces.application.view.activeViewMaps] for session [ECB6E0AB45C824F92D98F467772B2078]
	java.io.NotSerializableException: com.projectjava.bean.UserBean
		at java.base/java.io.ObjectOutputStream.writeObject0(ObjectOutputStream.java:1192)
		at java.base/java.io.ObjectOutputStream.writeObject(ObjectOutputStream.java:352)
		at java.base/java.util.HashMap.internalWriteEntries(HashMap.java:1931)
		at java.base/java.util.HashMap.writeObject(HashMap.java:1501)
		at java.base/jdk.internal.reflect.GeneratedMethodAccessor1080.invoke(Unknown Source)
		at java.base/jdk.internal.reflect.DelegatingMethodAccessorImpl.invoke(DelegatingMethodAccessorImpl.java:43)
		at java.base/java.lang.reflect.Method.invoke(Method.java:567)
		at java.base/java.io.ObjectStreamClass.invokeWriteObject(ObjectStreamClass.java:1194)
		at java.base/java.io.ObjectOutputStream.writeSerialData(ObjectOutputStream.java:1521)
		at java.base/java.io.ObjectOutputStream.writeOrdinaryObject(ObjectOutputStream.java:1443)
		at java.base/java.io.ObjectOutputStream.writeObject0(ObjectOutputStream.java:1186)
		at java.base/java.io.ObjectOutputStream.writeObject(ObjectOutputStream.java:352)
		at java.base/java.util.LinkedHashMap.internalWriteEntries(LinkedHashMap.java:334)
		at java.base/java.util.HashMap.writeObject(HashMap.java:1501)
		at java.base/jdk.internal.reflect.GeneratedMethodAccessor1080.invoke(Unknown Source)
		at java.base/jdk.internal.reflect.DelegatingMethodAccessorImpl.invoke(DelegatingMethodAccessorImpl.java:43)
		at java.base/java.lang.reflect.Method.invoke(Method.java:567)
		at java.base/java.io.ObjectStreamClass.invokeWriteObject(ObjectStreamClass.java:1194)
		at java.base/java.io.ObjectOutputStream.writeSerialData(ObjectOutputStream.java:1521)
		at java.base/java.io.ObjectOutputStream.writeOrdinaryObject(ObjectOutputStream.java:1443)
		at java.base/java.io.ObjectOutputStream.writeObject0(ObjectOutputStream.java:1186)
		at java.base/java.io.ObjectOutputStream.defaultWriteFields(ObjectOutputStream.java:1577)
		at java.base/java.io.ObjectOutputStream.defaultWriteObject(ObjectOutputStream.java:445)
		at java.base/java.util.Collections$SynchronizedMap.writeObject(Collections.java:2742)
		at java.base/jdk.internal.reflect.GeneratedMethodAccessor1089.invoke(Unknown Source)
		at java.base/jdk.internal.reflect.DelegatingMethodAccessorImpl.invoke(DelegatingMethodAccessorImpl.java:43)
		at java.base/java.lang.reflect.Method.invoke(Method.java:567)
		at java.base/java.io.ObjectStreamClass.invokeWriteObject(ObjectStreamClass.java:1194)
		at java.base/java.io.ObjectOutputStream.writeSerialData(ObjectOutputStream.java:1521)
		at java.base/java.io.ObjectOutputStream.writeOrdinaryObject(ObjectOutputStream.java:1443)
		at java.base/java.io.ObjectOutputStream.writeObject0(ObjectOutputStream.java:1186)
		at java.base/java.io.ObjectOutputStream.writeObject(ObjectOutputStream.java:352)
		at org.apache.catalina.session.StandardSession.doWriteObject(StandardSession.java:1702)
		at org.apache.catalina.session.StandardSession.writeObjectData(StandardSession.java:1057)
		at org.apache.catalina.session.StandardManager.doUnload(StandardManager.java:315)
		at org.apache.catalina.session.StandardManager.unload(StandardManager.java:267)
		at org.apache.catalina.session.StandardManager.stopInternal(StandardManager.java:382)
		at org.apache.catalina.util.LifecycleBase.stop(LifecycleBase.java:257)
		at org.apache.catalina.core.StandardContext.stopInternal(StandardContext.java:5414)
		at org.apache.catalina.util.LifecycleBase.stop(LifecycleBase.java:257)
		at org.apache.catalina.core.StandardContext.reload(StandardContext.java:3785)
		at org.apache.catalina.startup.HostConfig.reload(HostConfig.java:1438)
		at org.apache.catalina.startup.HostConfig.checkResources(HostConfig.java:1411)
		at org.apache.catalina.startup.HostConfig.check(HostConfig.java:1647)
		at org.apache.catalina.startup.HostConfig.lifecycleEvent(HostConfig.java:315)
		at org.apache.catalina.util.LifecycleBase.fireLifecycleEvent(LifecycleBase.java:123)
		at org.apache.catalina.core.ContainerBase.backgroundProcess(ContainerBase.java:1151)
		at org.apache.catalina.core.ContainerBase$ContainerBackgroundProcessor.processChildren(ContainerBase.java:1353)
		at org.apache.catalina.core.ContainerBase$ContainerBackgroundProcessor.processChildren(ContainerBase.java:1357)
		at org.apache.catalina.core.ContainerBase$ContainerBackgroundProcessor.run(ContainerBase.java:1335)
		at java.base/java.util.concurrent.Executors$RunnableAdapter.call(Executors.java:515)
		at java.base/java.util.concurrent.FutureTask.runAndReset(FutureTask.java:305)
		at java.base/java.util.concurrent.ScheduledThreadPoolExecutor$ScheduledFutureTask.run(ScheduledThreadPoolExecutor.java:305)
		at java.base/java.util.concurrent.ThreadPoolExecutor.runWorker(ThreadPoolExecutor.java:1130)
		at java.base/java.util.concurrent.ThreadPoolExecutor$Worker.run(ThreadPoolExecutor.java:630)
		at org.apache.tomcat.util.threads.TaskThread$WrappingRunnable.run(TaskThread.java:61)
		at java.base/java.lang.Thread.run(Thread.java:831)
28-Jun-2021 10:08:01.529 WARNING [Catalina-utility-1] org.apache.catalina.session.StandardSession.doReadObject Cannot deserialize session attribute [com.sun.faces.application.view.activeViewMaps] for session [ECB6E0AB45C824F92D98F467772B2078]
28-Jun-2021 10:10:06.011 INFO [main] org.apache.catalina.core.ApplicationContext.log SessionListener: contextDestroyed()
28-Jun-2021 10:10:06.011 INFO [main] org.apache.catalina.core.ApplicationContext.log ContextListener: contextDestroyed()
28-Jun-2021 10:10:36.526 INFO [main] org.apache.catalina.core.ApplicationContext.log ContextListener: contextInitialized()
28-Jun-2021 10:10:36.526 INFO [main] org.apache.catalina.core.ApplicationContext.log SessionListener: contextInitialized()
28-Jun-2021 10:10:36.532 INFO [main] org.apache.catalina.core.ApplicationContext.log ContextListener: attributeAdded('StockTicker', 'async.Stockticker@4dcaa972')
28-Jun-2021 10:29:50.177 WARNING [http-nio-8080-exec-13] org.apache.catalina.session.StandardSession.doWriteObject Cannot serialize session attribute [com.sun.faces.application.view.activeViewMaps] for session [8C21F6C53390CC0C0F437A427B86B717]
	java.io.NotSerializableException: com.projectjava.bean.UserBean
		at java.base/java.io.ObjectOutputStream.writeObject0(ObjectOutputStream.java:1192)
		at java.base/java.io.ObjectOutputStream.writeObject(ObjectOutputStream.java:352)
		at java.base/java.util.HashMap.internalWriteEntries(HashMap.java:1931)
		at java.base/java.util.HashMap.writeObject(HashMap.java:1501)
		at java.base/jdk.internal.reflect.GeneratedMethodAccessor320.invoke(Unknown Source)
		at java.base/jdk.internal.reflect.DelegatingMethodAccessorImpl.invoke(DelegatingMethodAccessorImpl.java:43)
		at java.base/java.lang.reflect.Method.invoke(Method.java:567)
		at java.base/java.io.ObjectStreamClass.invokeWriteObject(ObjectStreamClass.java:1194)
		at java.base/java.io.ObjectOutputStream.writeSerialData(ObjectOutputStream.java:1521)
		at java.base/java.io.ObjectOutputStream.writeOrdinaryObject(ObjectOutputStream.java:1443)
		at java.base/java.io.ObjectOutputStream.writeObject0(ObjectOutputStream.java:1186)
		at java.base/java.io.ObjectOutputStream.writeObject(ObjectOutputStream.java:352)
		at java.base/java.util.LinkedHashMap.internalWriteEntries(LinkedHashMap.java:334)
		at java.base/java.util.HashMap.writeObject(HashMap.java:1501)
		at java.base/jdk.internal.reflect.GeneratedMethodAccessor320.invoke(Unknown Source)
		at java.base/jdk.internal.reflect.DelegatingMethodAccessorImpl.invoke(DelegatingMethodAccessorImpl.java:43)
		at java.base/java.lang.reflect.Method.invoke(Method.java:567)
		at java.base/java.io.ObjectStreamClass.invokeWriteObject(ObjectStreamClass.java:1194)
		at java.base/java.io.ObjectOutputStream.writeSerialData(ObjectOutputStream.java:1521)
		at java.base/java.io.ObjectOutputStream.writeOrdinaryObject(ObjectOutputStream.java:1443)
		at java.base/java.io.ObjectOutputStream.writeObject0(ObjectOutputStream.java:1186)
		at java.base/java.io.ObjectOutputStream.defaultWriteFields(ObjectOutputStream.java:1577)
		at java.base/java.io.ObjectOutputStream.defaultWriteObject(ObjectOutputStream.java:445)
		at java.base/java.util.Collections$SynchronizedMap.writeObject(Collections.java:2742)
		at java.base/jdk.internal.reflect.NativeMethodAccessorImpl.invoke0(Native Method)
		at java.base/jdk.internal.reflect.NativeMethodAccessorImpl.invoke(NativeMethodAccessorImpl.java:78)
		at java.base/jdk.internal.reflect.DelegatingMethodAccessorImpl.invoke(DelegatingMethodAccessorImpl.java:43)
		at java.base/java.lang.reflect.Method.invoke(Method.java:567)
		at java.base/java.io.ObjectStreamClass.invokeWriteObject(ObjectStreamClass.java:1194)
		at java.base/java.io.ObjectOutputStream.writeSerialData(ObjectOutputStream.java:1521)
		at java.base/java.io.ObjectOutputStream.writeOrdinaryObject(ObjectOutputStream.java:1443)
		at java.base/java.io.ObjectOutputStream.writeObject0(ObjectOutputStream.java:1186)
		at java.base/java.io.ObjectOutputStream.writeObject(ObjectOutputStream.java:352)
		at org.apache.catalina.session.StandardSession.doWriteObject(StandardSession.java:1702)
		at org.apache.catalina.session.StandardSession.writeObjectData(StandardSession.java:1057)
		at org.apache.catalina.session.StandardManager.doUnload(StandardManager.java:315)
		at org.apache.catalina.session.StandardManager.unload(StandardManager.java:267)
		at org.apache.catalina.session.StandardManager.stopInternal(StandardManager.java:382)
		at org.apache.catalina.util.LifecycleBase.stop(LifecycleBase.java:257)
		at org.apache.catalina.core.StandardContext.stopInternal(StandardContext.java:5414)
		at org.apache.catalina.util.LifecycleBase.stop(LifecycleBase.java:257)
		at org.apache.catalina.core.StandardContext.reload(StandardContext.java:3785)
		at org.apache.catalina.manager.ManagerServlet.reload(ManagerServlet.java:1124)
		at org.apache.catalina.manager.ManagerServlet.doGet(ManagerServlet.java:366)
		at javax.servlet.http.HttpServlet.service(HttpServlet.java:626)
		at javax.servlet.http.HttpServlet.service(HttpServlet.java:733)
		at org.apache.catalina.core.ApplicationFilterChain.internalDoFilter(ApplicationFilterChain.java:227)
		at org.apache.catalina.core.ApplicationFilterChain.doFilter(ApplicationFilterChain.java:162)
		at org.apache.tomcat.websocket.server.WsFilter.doFilter(WsFilter.java:53)
		at org.apache.catalina.core.ApplicationFilterChain.internalDoFilter(ApplicationFilterChain.java:189)
		at org.apache.catalina.core.ApplicationFilterChain.doFilter(ApplicationFilterChain.java:162)
		at org.apache.catalina.filters.HttpHeaderSecurityFilter.doFilter(HttpHeaderSecurityFilter.java:126)
		at org.apache.catalina.core.ApplicationFilterChain.internalDoFilter(ApplicationFilterChain.java:189)
		at org.apache.catalina.core.ApplicationFilterChain.doFilter(ApplicationFilterChain.java:162)
		at org.apache.catalina.core.StandardWrapperValve.invoke(StandardWrapperValve.java:202)
		at org.apache.catalina.core.StandardContextValve.invoke(StandardContextValve.java:97)
		at org.apache.catalina.authenticator.AuthenticatorBase.invoke(AuthenticatorBase.java:667)
		at org.apache.catalina.valves.RequestFilterValve.process(RequestFilterValve.java:378)
		at org.apache.catalina.valves.RemoteAddrValve.invoke(RemoteAddrValve.java:56)
		at org.apache.catalina.core.StandardHostValve.invoke(StandardHostValve.java:143)
		at org.apache.catalina.valves.ErrorReportValve.invoke(ErrorReportValve.java:92)
		at org.apache.catalina.valves.AbstractAccessLogValve.invoke(AbstractAccessLogValve.java:687)
		at org.apache.catalina.core.StandardEngineValve.invoke(StandardEngineValve.java:78)
		at org.apache.catalina.connector.CoyoteAdapter.service(CoyoteAdapter.java:357)
		at org.apache.coyote.http11.Http11Processor.service(Http11Processor.java:374)
		at org.apache.coyote.AbstractProcessorLight.process(AbstractProcessorLight.java:65)
		at org.apache.coyote.AbstractProtocol$ConnectionHandler.process(AbstractProtocol.java:893)
		at org.apache.tomcat.util.net.NioEndpoint$SocketProcessor.doRun(NioEndpoint.java:1707)
		at org.apache.tomcat.util.net.SocketProcessorBase.run(SocketProcessorBase.java:49)
		at java.base/java.util.concurrent.ThreadPoolExecutor.runWorker(ThreadPoolExecutor.java:1130)
		at java.base/java.util.concurrent.ThreadPoolExecutor$Worker.run(ThreadPoolExecutor.java:630)
		at org.apache.tomcat.util.threads.TaskThread$WrappingRunnable.run(TaskThread.java:61)
		at java.base/java.lang.Thread.run(Thread.java:831)
28-Jun-2021 10:30:06.420 WARNING [http-nio-8080-exec-13] org.apache.catalina.session.StandardSession.doReadObject Cannot deserialize session attribute [com.sun.faces.application.view.activeViewMaps] for session [8C21F6C53390CC0C0F437A427B86B717]
28-Jun-2021 10:37:42.054 WARNING [http-nio-8080-exec-37] org.apache.catalina.session.StandardSession.doWriteObject Cannot serialize session attribute [com.sun.faces.application.view.activeViewMaps] for session [8C21F6C53390CC0C0F437A427B86B717]
	java.io.NotSerializableException: com.projectjava.bean.UserBean
		at java.base/java.io.ObjectOutputStream.writeObject0(ObjectOutputStream.java:1192)
		at java.base/java.io.ObjectOutputStream.writeObject(ObjectOutputStream.java:352)
		at java.base/java.util.HashMap.internalWriteEntries(HashMap.java:1931)
		at java.base/java.util.HashMap.writeObject(HashMap.java:1501)
		at java.base/jdk.internal.reflect.GeneratedMethodAccessor320.invoke(Unknown Source)
		at java.base/jdk.internal.reflect.DelegatingMethodAccessorImpl.invoke(DelegatingMethodAccessorImpl.java:43)
		at java.base/java.lang.reflect.Method.invoke(Method.java:567)
		at java.base/java.io.ObjectStreamClass.invokeWriteObject(ObjectStreamClass.java:1194)
		at java.base/java.io.ObjectOutputStream.writeSerialData(ObjectOutputStream.java:1521)
		at java.base/java.io.ObjectOutputStream.writeOrdinaryObject(ObjectOutputStream.java:1443)
		at java.base/java.io.ObjectOutputStream.writeObject0(ObjectOutputStream.java:1186)
		at java.base/java.io.ObjectOutputStream.writeObject(ObjectOutputStream.java:352)
		at java.base/java.util.LinkedHashMap.internalWriteEntries(LinkedHashMap.java:334)
		at java.base/java.util.HashMap.writeObject(HashMap.java:1501)
		at java.base/jdk.internal.reflect.GeneratedMethodAccessor320.invoke(Unknown Source)
		at java.base/jdk.internal.reflect.DelegatingMethodAccessorImpl.invoke(DelegatingMethodAccessorImpl.java:43)
		at java.base/java.lang.reflect.Method.invoke(Method.java:567)
		at java.base/java.io.ObjectStreamClass.invokeWriteObject(ObjectStreamClass.java:1194)
		at java.base/java.io.ObjectOutputStream.writeSerialData(ObjectOutputStream.java:1521)
		at java.base/java.io.ObjectOutputStream.writeOrdinaryObject(ObjectOutputStream.java:1443)
		at java.base/java.io.ObjectOutputStream.writeObject0(ObjectOutputStream.java:1186)
		at java.base/java.io.ObjectOutputStream.defaultWriteFields(ObjectOutputStream.java:1577)
		at java.base/java.io.ObjectOutputStream.defaultWriteObject(ObjectOutputStream.java:445)
		at java.base/java.util.Collections$SynchronizedMap.writeObject(Collections.java:2742)
		at java.base/jdk.internal.reflect.NativeMethodAccessorImpl.invoke0(Native Method)
		at java.base/jdk.internal.reflect.NativeMethodAccessorImpl.invoke(NativeMethodAccessorImpl.java:78)
		at java.base/jdk.internal.reflect.DelegatingMethodAccessorImpl.invoke(DelegatingMethodAccessorImpl.java:43)
		at java.base/java.lang.reflect.Method.invoke(Method.java:567)
		at java.base/java.io.ObjectStreamClass.invokeWriteObject(ObjectStreamClass.java:1194)
		at java.base/java.io.ObjectOutputStream.writeSerialData(ObjectOutputStream.java:1521)
		at java.base/java.io.ObjectOutputStream.writeOrdinaryObject(ObjectOutputStream.java:1443)
		at java.base/java.io.ObjectOutputStream.writeObject0(ObjectOutputStream.java:1186)
		at java.base/java.io.ObjectOutputStream.writeObject(ObjectOutputStream.java:352)
		at org.apache.catalina.session.StandardSession.doWriteObject(StandardSession.java:1702)
		at org.apache.catalina.session.StandardSession.writeObjectData(StandardSession.java:1057)
		at org.apache.catalina.session.StandardManager.doUnload(StandardManager.java:315)
		at org.apache.catalina.session.StandardManager.unload(StandardManager.java:267)
		at org.apache.catalina.session.StandardManager.stopInternal(StandardManager.java:382)
		at org.apache.catalina.util.LifecycleBase.stop(LifecycleBase.java:257)
		at org.apache.catalina.core.StandardContext.stopInternal(StandardContext.java:5414)
		at org.apache.catalina.util.LifecycleBase.stop(LifecycleBase.java:257)
		at org.apache.catalina.core.StandardContext.reload(StandardContext.java:3785)
		at org.apache.catalina.manager.ManagerServlet.reload(ManagerServlet.java:1124)
		at org.apache.catalina.manager.ManagerServlet.doGet(ManagerServlet.java:366)
		at javax.servlet.http.HttpServlet.service(HttpServlet.java:626)
		at javax.servlet.http.HttpServlet.service(HttpServlet.java:733)
		at org.apache.catalina.core.ApplicationFilterChain.internalDoFilter(ApplicationFilterChain.java:227)
		at org.apache.catalina.core.ApplicationFilterChain.doFilter(ApplicationFilterChain.java:162)
		at org.apache.tomcat.websocket.server.WsFilter.doFilter(WsFilter.java:53)
		at org.apache.catalina.core.ApplicationFilterChain.internalDoFilter(ApplicationFilterChain.java:189)
		at org.apache.catalina.core.ApplicationFilterChain.doFilter(ApplicationFilterChain.java:162)
		at org.apache.catalina.filters.HttpHeaderSecurityFilter.doFilter(HttpHeaderSecurityFilter.java:126)
		at org.apache.catalina.core.ApplicationFilterChain.internalDoFilter(ApplicationFilterChain.java:189)
		at org.apache.catalina.core.ApplicationFilterChain.doFilter(ApplicationFilterChain.java:162)
		at org.apache.catalina.core.StandardWrapperValve.invoke(StandardWrapperValve.java:202)
		at org.apache.catalina.core.StandardContextValve.invoke(StandardContextValve.java:97)
		at org.apache.catalina.authenticator.AuthenticatorBase.invoke(AuthenticatorBase.java:667)
		at org.apache.catalina.valves.RequestFilterValve.process(RequestFilterValve.java:378)
		at org.apache.catalina.valves.RemoteAddrValve.invoke(RemoteAddrValve.java:56)
		at org.apache.catalina.core.StandardHostValve.invoke(StandardHostValve.java:143)
		at org.apache.catalina.valves.ErrorReportValve.invoke(ErrorReportValve.java:92)
		at org.apache.catalina.valves.AbstractAccessLogValve.invoke(AbstractAccessLogValve.java:687)
		at org.apache.catalina.core.StandardEngineValve.invoke(StandardEngineValve.java:78)
		at org.apache.catalina.connector.CoyoteAdapter.service(CoyoteAdapter.java:357)
		at org.apache.coyote.http11.Http11Processor.service(Http11Processor.java:374)
		at org.apache.coyote.AbstractProcessorLight.process(AbstractProcessorLight.java:65)
		at org.apache.coyote.AbstractProtocol$ConnectionHandler.process(AbstractProtocol.java:893)
		at org.apache.tomcat.util.net.NioEndpoint$SocketProcessor.doRun(NioEndpoint.java:1707)
		at org.apache.tomcat.util.net.SocketProcessorBase.run(SocketProcessorBase.java:49)
		at java.base/java.util.concurrent.ThreadPoolExecutor.runWorker(ThreadPoolExecutor.java:1130)
		at java.base/java.util.concurrent.ThreadPoolExecutor$Worker.run(ThreadPoolExecutor.java:630)
		at org.apache.tomcat.util.threads.TaskThread$WrappingRunnable.run(TaskThread.java:61)
		at java.base/java.lang.Thread.run(Thread.java:831)
28-Jun-2021 10:37:48.220 WARNING [http-nio-8080-exec-37] org.apache.catalina.session.StandardSession.doReadObject Cannot deserialize session attribute [com.sun.faces.application.view.activeViewMaps] for session [8C21F6C53390CC0C0F437A427B86B717]
28-Jun-2021 10:38:08.014 WARNING [http-nio-8080-exec-44] org.apache.catalina.session.StandardSession.doWriteObject Cannot serialize session attribute [com.sun.faces.application.view.activeViewMaps] for session [8C21F6C53390CC0C0F437A427B86B717]
	java.io.NotSerializableException: com.projectjava.bean.UserBean
		at java.base/java.io.ObjectOutputStream.writeObject0(ObjectOutputStream.java:1192)
		at java.base/java.io.ObjectOutputStream.writeObject(ObjectOutputStream.java:352)
		at java.base/java.util.HashMap.internalWriteEntries(HashMap.java:1931)
		at java.base/java.util.HashMap.writeObject(HashMap.java:1501)
		at java.base/jdk.internal.reflect.GeneratedMethodAccessor320.invoke(Unknown Source)
		at java.base/jdk.internal.reflect.DelegatingMethodAccessorImpl.invoke(DelegatingMethodAccessorImpl.java:43)
		at java.base/java.lang.reflect.Method.invoke(Method.java:567)
		at java.base/java.io.ObjectStreamClass.invokeWriteObject(ObjectStreamClass.java:1194)
		at java.base/java.io.ObjectOutputStream.writeSerialData(ObjectOutputStream.java:1521)
		at java.base/java.io.ObjectOutputStream.writeOrdinaryObject(ObjectOutputStream.java:1443)
		at java.base/java.io.ObjectOutputStream.writeObject0(ObjectOutputStream.java:1186)
		at java.base/java.io.ObjectOutputStream.writeObject(ObjectOutputStream.java:352)
		at java.base/java.util.LinkedHashMap.internalWriteEntries(LinkedHashMap.java:334)
		at java.base/java.util.HashMap.writeObject(HashMap.java:1501)
		at java.base/jdk.internal.reflect.GeneratedMethodAccessor320.invoke(Unknown Source)
		at java.base/jdk.internal.reflect.DelegatingMethodAccessorImpl.invoke(DelegatingMethodAccessorImpl.java:43)
		at java.base/java.lang.reflect.Method.invoke(Method.java:567)
		at java.base/java.io.ObjectStreamClass.invokeWriteObject(ObjectStreamClass.java:1194)
		at java.base/java.io.ObjectOutputStream.writeSerialData(ObjectOutputStream.java:1521)
		at java.base/java.io.ObjectOutputStream.writeOrdinaryObject(ObjectOutputStream.java:1443)
		at java.base/java.io.ObjectOutputStream.writeObject0(ObjectOutputStream.java:1186)
		at java.base/java.io.ObjectOutputStream.defaultWriteFields(ObjectOutputStream.java:1577)
		at java.base/java.io.ObjectOutputStream.defaultWriteObject(ObjectOutputStream.java:445)
		at java.base/java.util.Collections$SynchronizedMap.writeObject(Collections.java:2742)
		at java.base/jdk.internal.reflect.NativeMethodAccessorImpl.invoke0(Native Method)
		at java.base/jdk.internal.reflect.NativeMethodAccessorImpl.invoke(NativeMethodAccessorImpl.java:78)
		at java.base/jdk.internal.reflect.DelegatingMethodAccessorImpl.invoke(DelegatingMethodAccessorImpl.java:43)
		at java.base/java.lang.reflect.Method.invoke(Method.java:567)
		at java.base/java.io.ObjectStreamClass.invokeWriteObject(ObjectStreamClass.java:1194)
		at java.base/java.io.ObjectOutputStream.writeSerialData(ObjectOutputStream.java:1521)
		at java.base/java.io.ObjectOutputStream.writeOrdinaryObject(ObjectOutputStream.java:1443)
		at java.base/java.io.ObjectOutputStream.writeObject0(ObjectOutputStream.java:1186)
		at java.base/java.io.ObjectOutputStream.writeObject(ObjectOutputStream.java:352)
		at org.apache.catalina.session.StandardSession.doWriteObject(StandardSession.java:1702)
		at org.apache.catalina.session.StandardSession.writeObjectData(StandardSession.java:1057)
		at org.apache.catalina.session.StandardManager.doUnload(StandardManager.java:315)
		at org.apache.catalina.session.StandardManager.unload(StandardManager.java:267)
		at org.apache.catalina.session.StandardManager.stopInternal(StandardManager.java:382)
		at org.apache.catalina.util.LifecycleBase.stop(LifecycleBase.java:257)
		at org.apache.catalina.core.StandardContext.stopInternal(StandardContext.java:5414)
		at org.apache.catalina.util.LifecycleBase.stop(LifecycleBase.java:257)
		at org.apache.catalina.core.StandardContext.reload(StandardContext.java:3785)
		at org.apache.catalina.manager.ManagerServlet.reload(ManagerServlet.java:1124)
		at org.apache.catalina.manager.ManagerServlet.doGet(ManagerServlet.java:366)
		at javax.servlet.http.HttpServlet.service(HttpServlet.java:626)
		at javax.servlet.http.HttpServlet.service(HttpServlet.java:733)
		at org.apache.catalina.core.ApplicationFilterChain.internalDoFilter(ApplicationFilterChain.java:227)
		at org.apache.catalina.core.ApplicationFilterChain.doFilter(ApplicationFilterChain.java:162)
		at org.apache.tomcat.websocket.server.WsFilter.doFilter(WsFilter.java:53)
		at org.apache.catalina.core.ApplicationFilterChain.internalDoFilter(ApplicationFilterChain.java:189)
		at org.apache.catalina.core.ApplicationFilterChain.doFilter(ApplicationFilterChain.java:162)
		at org.apache.catalina.filters.HttpHeaderSecurityFilter.doFilter(HttpHeaderSecurityFilter.java:126)
		at org.apache.catalina.core.ApplicationFilterChain.internalDoFilter(ApplicationFilterChain.java:189)
		at org.apache.catalina.core.ApplicationFilterChain.doFilter(ApplicationFilterChain.java:162)
		at org.apache.catalina.core.StandardWrapperValve.invoke(StandardWrapperValve.java:202)
		at org.apache.catalina.core.StandardContextValve.invoke(StandardContextValve.java:97)
		at org.apache.catalina.authenticator.AuthenticatorBase.invoke(AuthenticatorBase.java:667)
		at org.apache.catalina.valves.RequestFilterValve.process(RequestFilterValve.java:378)
		at org.apache.catalina.valves.RemoteAddrValve.invoke(RemoteAddrValve.java:56)
		at org.apache.catalina.core.StandardHostValve.invoke(StandardHostValve.java:143)
		at org.apache.catalina.valves.ErrorReportValve.invoke(ErrorReportValve.java:92)
		at org.apache.catalina.valves.AbstractAccessLogValve.invoke(AbstractAccessLogValve.java:687)
		at org.apache.catalina.core.StandardEngineValve.invoke(StandardEngineValve.java:78)
		at org.apache.catalina.connector.CoyoteAdapter.service(CoyoteAdapter.java:357)
		at org.apache.coyote.http11.Http11Processor.service(Http11Processor.java:374)
		at org.apache.coyote.AbstractProcessorLight.process(AbstractProcessorLight.java:65)
		at org.apache.coyote.AbstractProtocol$ConnectionHandler.process(AbstractProtocol.java:893)
		at org.apache.tomcat.util.net.NioEndpoint$SocketProcessor.doRun(NioEndpoint.java:1707)
		at org.apache.tomcat.util.net.SocketProcessorBase.run(SocketProcessorBase.java:49)
		at java.base/java.util.concurrent.ThreadPoolExecutor.runWorker(ThreadPoolExecutor.java:1130)
		at java.base/java.util.concurrent.ThreadPoolExecutor$Worker.run(ThreadPoolExecutor.java:630)
		at org.apache.tomcat.util.threads.TaskThread$WrappingRunnable.run(TaskThread.java:61)
		at java.base/java.lang.Thread.run(Thread.java:831)
28-Jun-2021 10:38:13.776 WARNING [http-nio-8080-exec-44] org.apache.catalina.session.StandardSession.doReadObject Cannot deserialize session attribute [com.sun.faces.application.view.activeViewMaps] for session [8C21F6C53390CC0C0F437A427B86B717]
28-Jun-2021 10:42:10.254 WARNING [http-nio-8080-exec-59] org.apache.catalina.session.StandardSession.doWriteObject Cannot serialize session attribute [com.sun.faces.application.view.activeViewMaps] for session [8C21F6C53390CC0C0F437A427B86B717]
	java.io.NotSerializableException: com.projectjava.bean.UserBean
		at java.base/java.io.ObjectOutputStream.writeObject0(ObjectOutputStream.java:1192)
		at java.base/java.io.ObjectOutputStream.writeObject(ObjectOutputStream.java:352)
		at java.base/java.util.HashMap.internalWriteEntries(HashMap.java:1931)
		at java.base/java.util.HashMap.writeObject(HashMap.java:1501)
		at java.base/jdk.internal.reflect.GeneratedMethodAccessor320.invoke(Unknown Source)
		at java.base/jdk.internal.reflect.DelegatingMethodAccessorImpl.invoke(DelegatingMethodAccessorImpl.java:43)
		at java.base/java.lang.reflect.Method.invoke(Method.java:567)
		at java.base/java.io.ObjectStreamClass.invokeWriteObject(ObjectStreamClass.java:1194)
		at java.base/java.io.ObjectOutputStream.writeSerialData(ObjectOutputStream.java:1521)
		at java.base/java.io.ObjectOutputStream.writeOrdinaryObject(ObjectOutputStream.java:1443)
		at java.base/java.io.ObjectOutputStream.writeObject0(ObjectOutputStream.java:1186)
		at java.base/java.io.ObjectOutputStream.writeObject(ObjectOutputStream.java:352)
		at java.base/java.util.LinkedHashMap.internalWriteEntries(LinkedHashMap.java:334)
		at java.base/java.util.HashMap.writeObject(HashMap.java:1501)
		at java.base/jdk.internal.reflect.GeneratedMethodAccessor320.invoke(Unknown Source)
		at java.base/jdk.internal.reflect.DelegatingMethodAccessorImpl.invoke(DelegatingMethodAccessorImpl.java:43)
		at java.base/java.lang.reflect.Method.invoke(Method.java:567)
		at java.base/java.io.ObjectStreamClass.invokeWriteObject(ObjectStreamClass.java:1194)
		at java.base/java.io.ObjectOutputStream.writeSerialData(ObjectOutputStream.java:1521)
		at java.base/java.io.ObjectOutputStream.writeOrdinaryObject(ObjectOutputStream.java:1443)
		at java.base/java.io.ObjectOutputStream.writeObject0(ObjectOutputStream.java:1186)
		at java.base/java.io.ObjectOutputStream.defaultWriteFields(ObjectOutputStream.java:1577)
		at java.base/java.io.ObjectOutputStream.defaultWriteObject(ObjectOutputStream.java:445)
		at java.base/java.util.Collections$SynchronizedMap.writeObject(Collections.java:2742)
		at java.base/jdk.internal.reflect.GeneratedMethodAccessor358.invoke(Unknown Source)
		at java.base/jdk.internal.reflect.DelegatingMethodAccessorImpl.invoke(DelegatingMethodAccessorImpl.java:43)
		at java.base/java.lang.reflect.Method.invoke(Method.java:567)
		at java.base/java.io.ObjectStreamClass.invokeWriteObject(ObjectStreamClass.java:1194)
		at java.base/java.io.ObjectOutputStream.writeSerialData(ObjectOutputStream.java:1521)
		at java.base/java.io.ObjectOutputStream.writeOrdinaryObject(ObjectOutputStream.java:1443)
		at java.base/java.io.ObjectOutputStream.writeObject0(ObjectOutputStream.java:1186)
		at java.base/java.io.ObjectOutputStream.writeObject(ObjectOutputStream.java:352)
		at org.apache.catalina.session.StandardSession.doWriteObject(StandardSession.java:1702)
		at org.apache.catalina.session.StandardSession.writeObjectData(StandardSession.java:1057)
		at org.apache.catalina.session.StandardManager.doUnload(StandardManager.java:315)
		at org.apache.catalina.session.StandardManager.unload(StandardManager.java:267)
		at org.apache.catalina.session.StandardManager.stopInternal(StandardManager.java:382)
		at org.apache.catalina.util.LifecycleBase.stop(LifecycleBase.java:257)
		at org.apache.catalina.core.StandardContext.stopInternal(StandardContext.java:5414)
		at org.apache.catalina.util.LifecycleBase.stop(LifecycleBase.java:257)
		at org.apache.catalina.core.StandardContext.reload(StandardContext.java:3785)
		at org.apache.catalina.manager.ManagerServlet.reload(ManagerServlet.java:1124)
		at org.apache.catalina.manager.ManagerServlet.doGet(ManagerServlet.java:366)
		at javax.servlet.http.HttpServlet.service(HttpServlet.java:626)
		at javax.servlet.http.HttpServlet.service(HttpServlet.java:733)
		at org.apache.catalina.core.ApplicationFilterChain.internalDoFilter(ApplicationFilterChain.java:227)
		at org.apache.catalina.core.ApplicationFilterChain.doFilter(ApplicationFilterChain.java:162)
		at org.apache.tomcat.websocket.server.WsFilter.doFilter(WsFilter.java:53)
		at org.apache.catalina.core.ApplicationFilterChain.internalDoFilter(ApplicationFilterChain.java:189)
		at org.apache.catalina.core.ApplicationFilterChain.doFilter(ApplicationFilterChain.java:162)
		at org.apache.catalina.filters.HttpHeaderSecurityFilter.doFilter(HttpHeaderSecurityFilter.java:126)
		at org.apache.catalina.core.ApplicationFilterChain.internalDoFilter(ApplicationFilterChain.java:189)
		at org.apache.catalina.core.ApplicationFilterChain.doFilter(ApplicationFilterChain.java:162)
		at org.apache.catalina.core.StandardWrapperValve.invoke(StandardWrapperValve.java:202)
		at org.apache.catalina.core.StandardContextValve.invoke(StandardContextValve.java:97)
		at org.apache.catalina.authenticator.AuthenticatorBase.invoke(AuthenticatorBase.java:667)
		at org.apache.catalina.valves.RequestFilterValve.process(RequestFilterValve.java:378)
		at org.apache.catalina.valves.RemoteAddrValve.invoke(RemoteAddrValve.java:56)
		at org.apache.catalina.core.StandardHostValve.invoke(StandardHostValve.java:143)
		at org.apache.catalina.valves.ErrorReportValve.invoke(ErrorReportValve.java:92)
		at org.apache.catalina.valves.AbstractAccessLogValve.invoke(AbstractAccessLogValve.java:687)
		at org.apache.catalina.core.StandardEngineValve.invoke(StandardEngineValve.java:78)
		at org.apache.catalina.connector.CoyoteAdapter.service(CoyoteAdapter.java:357)
		at org.apache.coyote.http11.Http11Processor.service(Http11Processor.java:374)
		at org.apache.coyote.AbstractProcessorLight.process(AbstractProcessorLight.java:65)
		at org.apache.coyote.AbstractProtocol$ConnectionHandler.process(AbstractProtocol.java:893)
		at org.apache.tomcat.util.net.NioEndpoint$SocketProcessor.doRun(NioEndpoint.java:1707)
		at org.apache.tomcat.util.net.SocketProcessorBase.run(SocketProcessorBase.java:49)
		at java.base/java.util.concurrent.ThreadPoolExecutor.runWorker(ThreadPoolExecutor.java:1130)
		at java.base/java.util.concurrent.ThreadPoolExecutor$Worker.run(ThreadPoolExecutor.java:630)
		at org.apache.tomcat.util.threads.TaskThread$WrappingRunnable.run(TaskThread.java:61)
		at java.base/java.lang.Thread.run(Thread.java:831)
28-Jun-2021 10:42:17.682 WARNING [http-nio-8080-exec-59] org.apache.catalina.session.StandardSession.doReadObject Cannot deserialize session attribute [com.sun.faces.application.view.activeViewMaps] for session [8C21F6C53390CC0C0F437A427B86B717]
28-Jun-2021 12:39:50.562 INFO [main] org.apache.catalina.core.ApplicationContext.log SessionListener: contextDestroyed()
28-Jun-2021 12:39:50.562 INFO [main] org.apache.catalina.core.ApplicationContext.log ContextListener: contextDestroyed()
28-Jun-2021 14:17:30.394 INFO [main] org.apache.catalina.core.ApplicationContext.log ContextListener: contextInitialized()
28-Jun-2021 14:17:30.394 INFO [main] org.apache.catalina.core.ApplicationContext.log SessionListener: contextInitialized()
28-Jun-2021 14:17:30.397 INFO [main] org.apache.catalina.core.ApplicationContext.log ContextListener: attributeAdded('StockTicker', 'async.Stockticker@1bcb2501')
28-Jun-2021 15:41:35.542 INFO [main] org.apache.catalina.core.ApplicationContext.log SessionListener: contextDestroyed()
28-Jun-2021 15:41:35.543 INFO [main] org.apache.catalina.core.ApplicationContext.log ContextListener: contextDestroyed()
28-Jun-2021 15:42:21.872 INFO [main] org.apache.catalina.core.ApplicationContext.log ContextListener: contextInitialized()
28-Jun-2021 15:42:21.872 INFO [main] org.apache.catalina.core.ApplicationContext.log SessionListener: contextInitialized()
28-Jun-2021 15:42:21.875 INFO [main] org.apache.catalina.core.ApplicationContext.log ContextListener: attributeAdded('StockTicker', 'async.Stockticker@6330c0a2')
28-Jun-2021 15:59:34.346 INFO [main] org.apache.catalina.core.ApplicationContext.log SessionListener: contextDestroyed()
28-Jun-2021 15:59:34.346 INFO [main] org.apache.catalina.core.ApplicationContext.log ContextListener: contextDestroyed()
28-Jun-2021 16:03:12.125 INFO [main] org.apache.catalina.core.ApplicationContext.log ContextListener: contextInitialized()
28-Jun-2021 16:03:12.125 INFO [main] org.apache.catalina.core.ApplicationContext.log SessionListener: contextInitialized()
28-Jun-2021 16:03:12.128 INFO [main] org.apache.catalina.core.ApplicationContext.log ContextListener: attributeAdded('StockTicker', 'async.Stockticker@e6f7638')
28-Jun-2021 16:05:12.075 INFO [main] org.apache.catalina.core.ApplicationContext.log SessionListener: contextDestroyed()
28-Jun-2021 16:05:12.076 INFO [main] org.apache.catalina.core.ApplicationContext.log ContextListener: contextDestroyed()
28-Jun-2021 16:05:45.155 INFO [main] org.apache.catalina.core.ApplicationContext.log ContextListener: contextInitialized()
28-Jun-2021 16:05:45.156 INFO [main] org.apache.catalina.core.ApplicationContext.log SessionListener: contextInitialized()
28-Jun-2021 16:05:45.179 INFO [main] org.apache.catalina.core.ApplicationContext.log ContextListener: attributeAdded('StockTicker', 'async.Stockticker@6cf737db')
28-Jun-2021 17:13:42.905 INFO [main] org.apache.catalina.core.ApplicationContext.log SessionListener: contextDestroyed()
28-Jun-2021 17:13:42.906 INFO [main] org.apache.catalina.core.ApplicationContext.log ContextListener: contextDestroyed()
28-Jun-2021 20:45:06.301 INFO [main] org.apache.catalina.core.ApplicationContext.log ContextListener: contextInitialized()
28-Jun-2021 20:45:06.301 INFO [main] org.apache.catalina.core.ApplicationContext.log SessionListener: contextInitialized()
28-Jun-2021 20:45:06.305 INFO [main] org.apache.catalina.core.ApplicationContext.log ContextListener: attributeAdded('StockTicker', 'async.Stockticker@7726d80d')
28-Jun-2021 20:57:01.956 INFO [main] org.apache.catalina.core.ApplicationContext.log SessionListener: contextDestroyed()
28-Jun-2021 20:57:01.956 INFO [main] org.apache.catalina.core.ApplicationContext.log ContextListener: contextDestroyed()
28-Jun-2021 20:57:33.615 INFO [main] org.apache.catalina.core.ApplicationContext.log ContextListener: contextInitialized()
28-Jun-2021 20:57:33.615 INFO [main] org.apache.catalina.core.ApplicationContext.log SessionListener: contextInitialized()
28-Jun-2021 20:57:33.618 INFO [main] org.apache.catalina.core.ApplicationContext.log ContextListener: attributeAdded('StockTicker', 'async.Stockticker@7d12c4dd')
28-Jun-2021 21:14:03.746 INFO [main] org.apache.catalina.core.ApplicationContext.log SessionListener: contextDestroyed()
28-Jun-2021 21:14:03.746 INFO [main] org.apache.catalina.core.ApplicationContext.log ContextListener: contextDestroyed()
28-Jun-2021 21:19:44.796 INFO [main] org.apache.catalina.core.ApplicationContext.log ContextListener: contextInitialized()
28-Jun-2021 21:19:44.796 INFO [main] org.apache.catalina.core.ApplicationContext.log SessionListener: contextInitialized()
28-Jun-2021 21:19:44.799 INFO [main] org.apache.catalina.core.ApplicationContext.log ContextListener: attributeAdded('StockTicker', 'async.Stockticker@36e73413')
28-Jun-2021 21:23:01.423 INFO [main] org.apache.catalina.core.ApplicationContext.log SessionListener: contextDestroyed()
28-Jun-2021 21:23:01.423 INFO [main] org.apache.catalina.core.ApplicationContext.log ContextListener: contextDestroyed()
28-Jun-2021 21:23:38.459 INFO [main] org.apache.catalina.core.ApplicationContext.log ContextListener: contextInitialized()
28-Jun-2021 21:23:38.459 INFO [main] org.apache.catalina.core.ApplicationContext.log SessionListener: contextInitialized()
28-Jun-2021 21:23:38.462 INFO [main] org.apache.catalina.core.ApplicationContext.log ContextListener: attributeAdded('StockTicker', 'async.Stockticker@4aaa6e62')
28-Jun-2021 21:29:27.994 INFO [main] org.apache.catalina.core.ApplicationContext.log SessionListener: contextDestroyed()
28-Jun-2021 21:29:27.995 INFO [main] org.apache.catalina.core.ApplicationContext.log ContextListener: contextDestroyed()
28-Jun-2021 21:30:28.773 INFO [main] org.apache.catalina.core.ApplicationContext.log ContextListener: contextInitialized()
28-Jun-2021 21:30:28.774 INFO [main] org.apache.catalina.core.ApplicationContext.log SessionListener: contextInitialized()
28-Jun-2021 21:30:28.776 INFO [main] org.apache.catalina.core.ApplicationContext.log ContextListener: attributeAdded('StockTicker', 'async.Stockticker@6a4b956f')
28-Jun-2021 21:30:58.375 INFO [main] org.apache.catalina.core.ApplicationContext.log SessionListener: contextDestroyed()
28-Jun-2021 21:30:58.375 INFO [main] org.apache.catalina.core.ApplicationContext.log ContextListener: contextDestroyed()
28-Jun-2021 21:33:27.338 INFO [main] org.apache.catalina.core.ApplicationContext.log ContextListener: contextInitialized()
28-Jun-2021 21:33:27.338 INFO [main] org.apache.catalina.core.ApplicationContext.log SessionListener: contextInitialized()
28-Jun-2021 21:33:27.341 INFO [main] org.apache.catalina.core.ApplicationContext.log ContextListener: attributeAdded('StockTicker', 'async.Stockticker@e7283dd')
