07-Jun-2021 14:58:42.181 INFO [main] org.apache.catalina.core.ApplicationContext.log ContextListener: contextInitialized()
07-Jun-2021 14:58:42.181 INFO [main] org.apache.catalina.core.ApplicationContext.log SessionListener: contextInitialized()
07-Jun-2021 14:58:42.191 INFO [main] org.apache.catalina.core.ApplicationContext.log ContextListener: attributeAdded('StockTicker', 'async.Stockticker@34a75079')
07-Jun-2021 18:04:28.501 INFO [main] org.apache.catalina.core.ApplicationContext.log SessionListener: contextDestroyed()
07-Jun-2021 18:04:28.501 INFO [main] org.apache.catalina.core.ApplicationContext.log ContextListener: contextDestroyed()
07-Jun-2021 18:04:53.951 INFO [main] org.apache.catalina.core.ApplicationContext.log ContextListener: contextInitialized()
07-Jun-2021 18:04:53.951 INFO [main] org.apache.catalina.core.ApplicationContext.log SessionListener: contextInitialized()
07-Jun-2021 18:04:53.953 INFO [main] org.apache.catalina.core.ApplicationContext.log ContextListener: attributeAdded('StockTicker', 'async.Stockticker@1a1ccaaf')
07-Jun-2021 18:10:07.731 SEVERE [http-nio-8080-exec-20] org.apache.catalina.core.StandardContext.listenerStart Exception sending context initialized event to listener instance of class [com.sun.faces.config.ConfigureListener]
	java.lang.RuntimeException: java.lang.NoClassDefFoundError: javax/enterprise/context/spi/Contextual
		at com.sun.faces.config.ConfigureListener.contextInitialized(ConfigureListener.java:315)
		at org.apache.catalina.core.StandardContext.listenerStart(StandardContext.java:4714)
		at org.apache.catalina.core.StandardContext.startInternal(StandardContext.java:5172)
		at org.apache.catalina.util.LifecycleBase.start(LifecycleBase.java:183)
		at org.apache.catalina.core.StandardContext.reload(StandardContext.java:3792)
		at org.apache.catalina.manager.ManagerServlet.reload(ManagerServlet.java:1124)
		at org.apache.catalina.manager.ManagerServlet.doGet(ManagerServlet.java:366)
		at javax.servlet.http.HttpServlet.service(HttpServlet.java:626)
		at javax.servlet.http.HttpServlet.service(HttpServlet.java:733)
		at org.apache.catalina.core.ApplicationFilterChain.internalDoFilter(ApplicationFilterChain.java:227)
		at org.apache.catalina.core.ApplicationFilterChain.doFilter(ApplicationFilterChain.java:162)
		at org.apache.tomcat.websocket.server.WsFilter.doFilter(WsFilter.java:53)
		at org.apache.catalina.core.ApplicationFilterChain.internalDoFilter(ApplicationFilterChain.java:189)
		at org.apache.catalina.core.ApplicationFilterChain.doFilter(ApplicationFilterChain.java:162)
		at org.apache.catalina.filters.HttpHeaderSecurityFilter.doFilter(HttpHeaderSecurityFilter.java:126)
		at org.apache.catalina.core.ApplicationFilterChain.internalDoFilter(ApplicationFilterChain.java:189)
		at org.apache.catalina.core.ApplicationFilterChain.doFilter(ApplicationFilterChain.java:162)
		at org.apache.catalina.core.StandardWrapperValve.invoke(StandardWrapperValve.java:202)
		at org.apache.catalina.core.StandardContextValve.invoke(StandardContextValve.java:97)
		at org.apache.catalina.authenticator.AuthenticatorBase.invoke(AuthenticatorBase.java:667)
		at org.apache.catalina.valves.RequestFilterValve.process(RequestFilterValve.java:378)
		at org.apache.catalina.valves.RemoteAddrValve.invoke(RemoteAddrValve.java:56)
		at org.apache.catalina.core.StandardHostValve.invoke(StandardHostValve.java:143)
		at org.apache.catalina.valves.ErrorReportValve.invoke(ErrorReportValve.java:92)
		at org.apache.catalina.valves.AbstractAccessLogValve.invoke(AbstractAccessLogValve.java:687)
		at org.apache.catalina.core.StandardEngineValve.invoke(StandardEngineValve.java:78)
		at org.apache.catalina.connector.CoyoteAdapter.service(CoyoteAdapter.java:357)
		at org.apache.coyote.http11.Http11Processor.service(Http11Processor.java:374)
		at org.apache.coyote.AbstractProcessorLight.process(AbstractProcessorLight.java:65)
		at org.apache.coyote.AbstractProtocol$ConnectionHandler.process(AbstractProtocol.java:893)
		at org.apache.tomcat.util.net.NioEndpoint$SocketProcessor.doRun(NioEndpoint.java:1707)
		at org.apache.tomcat.util.net.SocketProcessorBase.run(SocketProcessorBase.java:49)
		at java.base/java.util.concurrent.ThreadPoolExecutor.runWorker(ThreadPoolExecutor.java:1130)
		at java.base/java.util.concurrent.ThreadPoolExecutor$Worker.run(ThreadPoolExecutor.java:630)
		at org.apache.tomcat.util.threads.TaskThread$WrappingRunnable.run(TaskThread.java:61)
		at java.base/java.lang.Thread.run(Thread.java:831)
	Caused by: java.lang.NoClassDefFoundError: javax/enterprise/context/spi/Contextual
		at java.base/java.lang.Class.forName0(Native Method)
		at java.base/java.lang.Class.forName(Class.java:466)
		at com.sun.faces.util.Util.loadClass(Util.java:333)
		at com.sun.faces.config.processor.ApplicationConfigProcessor.addSystemEventListener(ApplicationConfigProcessor.java:1032)
		at com.sun.faces.config.processor.ApplicationConfigProcessor.process(ApplicationConfigProcessor.java:370)
		at com.sun.faces.config.processor.AbstractConfigProcessor.invokeNext(AbstractConfigProcessor.java:155)
		at com.sun.faces.config.processor.LifecycleConfigProcessor.process(LifecycleConfigProcessor.java:138)
		at com.sun.faces.config.processor.AbstractConfigProcessor.invokeNext(AbstractConfigProcessor.java:155)
		at com.sun.faces.config.processor.FactoryConfigProcessor.process(FactoryConfigProcessor.java:246)
		at com.sun.faces.config.ConfigManager.initialize(ConfigManager.java:443)
		at com.sun.faces.config.ConfigureListener.contextInitialized(ConfigureListener.java:237)
		... 35 more
	Caused by: java.lang.ClassNotFoundException: javax.enterprise.context.spi.Contextual
		at org.apache.catalina.loader.WebappClassLoaderBase.loadClass(WebappClassLoaderBase.java:1364)
		at org.apache.catalina.loader.WebappClassLoaderBase.loadClass(WebappClassLoaderBase.java:1187)
		... 46 more
07-Jun-2021 18:11:26.356 INFO [main] org.apache.catalina.core.ApplicationContext.log SessionListener: contextDestroyed()
07-Jun-2021 18:11:26.356 INFO [main] org.apache.catalina.core.ApplicationContext.log ContextListener: contextDestroyed()
07-Jun-2021 18:11:39.936 INFO [main] org.apache.catalina.core.ApplicationContext.log ContextListener: contextInitialized()
07-Jun-2021 18:11:39.937 INFO [main] org.apache.catalina.core.ApplicationContext.log SessionListener: contextInitialized()
07-Jun-2021 18:11:39.939 INFO [main] org.apache.catalina.core.ApplicationContext.log ContextListener: attributeAdded('StockTicker', 'async.Stockticker@2b44d6d0')
07-Jun-2021 19:30:41.460 INFO [main] org.apache.catalina.core.ApplicationContext.log SessionListener: contextDestroyed()
07-Jun-2021 19:30:41.461 INFO [main] org.apache.catalina.core.ApplicationContext.log ContextListener: contextDestroyed()
07-Jun-2021 20:00:25.704 INFO [main] org.apache.catalina.core.ApplicationContext.log ContextListener: contextInitialized()
07-Jun-2021 20:00:25.704 INFO [main] org.apache.catalina.core.ApplicationContext.log SessionListener: contextInitialized()
07-Jun-2021 20:00:25.707 INFO [main] org.apache.catalina.core.ApplicationContext.log ContextListener: attributeAdded('StockTicker', 'async.Stockticker@7dee835')
07-Jun-2021 21:29:38.870 INFO [main] org.apache.catalina.core.ApplicationContext.log SessionListener: contextDestroyed()
07-Jun-2021 21:29:38.870 INFO [main] org.apache.catalina.core.ApplicationContext.log ContextListener: contextDestroyed()
