22-Jun-2021 09:38:34.148 INFO [main] org.apache.catalina.core.ApplicationContext.log SessionListener: contextDestroyed()
22-Jun-2021 09:38:34.149 INFO [main] org.apache.catalina.core.ApplicationContext.log ContextListener: contextDestroyed()
22-Jun-2021 16:23:07.339 INFO [main] org.apache.catalina.core.ApplicationContext.log ContextListener: contextInitialized()
22-Jun-2021 16:23:07.340 INFO [main] org.apache.catalina.core.ApplicationContext.log SessionListener: contextInitialized()
22-Jun-2021 16:23:07.343 INFO [main] org.apache.catalina.core.ApplicationContext.log ContextListener: attributeAdded('StockTicker', 'async.Stockticker@113366e7')
22-Jun-2021 20:02:51.877 INFO [main] org.apache.catalina.core.ApplicationContext.log SessionListener: contextDestroyed()
22-Jun-2021 20:02:51.877 INFO [main] org.apache.catalina.core.ApplicationContext.log ContextListener: contextDestroyed()
22-Jun-2021 20:03:19.197 INFO [main] org.apache.catalina.core.ApplicationContext.log ContextListener: contextInitialized()
22-Jun-2021 20:03:19.197 INFO [main] org.apache.catalina.core.ApplicationContext.log SessionListener: contextInitialized()
22-Jun-2021 20:03:19.200 INFO [main] org.apache.catalina.core.ApplicationContext.log ContextListener: attributeAdded('StockTicker', 'async.Stockticker@e2448b4')
22-Jun-2021 20:13:25.648 INFO [main] org.apache.catalina.core.ApplicationContext.log SessionListener: contextDestroyed()
22-Jun-2021 20:13:25.649 INFO [main] org.apache.catalina.core.ApplicationContext.log ContextListener: contextDestroyed()
22-Jun-2021 20:16:09.924 INFO [main] org.apache.catalina.core.ApplicationContext.log ContextListener: contextInitialized()
22-Jun-2021 20:16:09.924 INFO [main] org.apache.catalina.core.ApplicationContext.log SessionListener: contextInitialized()
22-Jun-2021 20:16:09.932 INFO [main] org.apache.catalina.core.ApplicationContext.log ContextListener: attributeAdded('StockTicker', 'async.Stockticker@10f535a6')
22-Jun-2021 22:04:23.791 INFO [main] org.apache.catalina.core.ApplicationContext.log SessionListener: contextDestroyed()
22-Jun-2021 22:04:23.792 INFO [main] org.apache.catalina.core.ApplicationContext.log ContextListener: contextDestroyed()
22-Jun-2021 22:04:45.984 INFO [main] org.apache.catalina.core.ApplicationContext.log ContextListener: contextInitialized()
22-Jun-2021 22:04:45.984 INFO [main] org.apache.catalina.core.ApplicationContext.log SessionListener: contextInitialized()
22-Jun-2021 22:04:45.987 INFO [main] org.apache.catalina.core.ApplicationContext.log ContextListener: attributeAdded('StockTicker', 'async.Stockticker@4613274d')
22-Jun-2021 22:39:28.123 INFO [main] org.apache.catalina.core.ApplicationContext.log SessionListener: contextDestroyed()
22-Jun-2021 22:39:28.124 INFO [main] org.apache.catalina.core.ApplicationContext.log ContextListener: contextDestroyed()
22-Jun-2021 22:43:37.996 INFO [main] org.apache.catalina.core.ApplicationContext.log ContextListener: contextInitialized()
22-Jun-2021 22:43:37.996 INFO [main] org.apache.catalina.core.ApplicationContext.log SessionListener: contextInitialized()
22-Jun-2021 22:43:37.998 INFO [main] org.apache.catalina.core.ApplicationContext.log ContextListener: attributeAdded('StockTicker', 'async.Stockticker@7d40f584')
