18-Jun-2021 16:08:04.795 INFO [main] org.apache.catalina.core.ApplicationContext.log ContextListener: contextInitialized()
18-Jun-2021 16:08:04.795 INFO [main] org.apache.catalina.core.ApplicationContext.log SessionListener: contextInitialized()
18-Jun-2021 16:08:04.800 INFO [main] org.apache.catalina.core.ApplicationContext.log ContextListener: attributeAdded('StockTicker', 'async.Stockticker@419a20a6')
18-Jun-2021 16:19:48.599 SEVERE [http-nio-8080-exec-14] org.apache.catalina.core.StandardContext.listenerStart Exception sending context initialized event to listener instance of class [com.sun.faces.config.ConfigureListener]
	java.lang.RuntimeException: com.sun.faces.config.ConfigurationException: CONFIGURATION FAILED! javax.faces.component.search.SearchExpressionContextFactory
		at com.sun.faces.config.ConfigureListener.contextInitialized(ConfigureListener.java:315)
		at org.apache.catalina.core.StandardContext.listenerStart(StandardContext.java:4714)
		at org.apache.catalina.core.StandardContext.startInternal(StandardContext.java:5172)
		at org.apache.catalina.util.LifecycleBase.start(LifecycleBase.java:183)
		at org.apache.catalina.core.StandardContext.reload(StandardContext.java:3792)
		at org.apache.catalina.manager.ManagerServlet.reload(ManagerServlet.java:1124)
		at org.apache.catalina.manager.ManagerServlet.doGet(ManagerServlet.java:366)
		at javax.servlet.http.HttpServlet.service(HttpServlet.java:626)
		at javax.servlet.http.HttpServlet.service(HttpServlet.java:733)
		at org.apache.catalina.core.ApplicationFilterChain.internalDoFilter(ApplicationFilterChain.java:227)
		at org.apache.catalina.core.ApplicationFilterChain.doFilter(ApplicationFilterChain.java:162)
		at org.apache.tomcat.websocket.server.WsFilter.doFilter(WsFilter.java:53)
		at org.apache.catalina.core.ApplicationFilterChain.internalDoFilter(ApplicationFilterChain.java:189)
		at org.apache.catalina.core.ApplicationFilterChain.doFilter(ApplicationFilterChain.java:162)
		at org.apache.catalina.filters.HttpHeaderSecurityFilter.doFilter(HttpHeaderSecurityFilter.java:126)
		at org.apache.catalina.core.ApplicationFilterChain.internalDoFilter(ApplicationFilterChain.java:189)
		at org.apache.catalina.core.ApplicationFilterChain.doFilter(ApplicationFilterChain.java:162)
		at org.apache.catalina.core.StandardWrapperValve.invoke(StandardWrapperValve.java:202)
		at org.apache.catalina.core.StandardContextValve.invoke(StandardContextValve.java:97)
		at org.apache.catalina.authenticator.AuthenticatorBase.invoke(AuthenticatorBase.java:667)
		at org.apache.catalina.valves.RequestFilterValve.process(RequestFilterValve.java:378)
		at org.apache.catalina.valves.RemoteAddrValve.invoke(RemoteAddrValve.java:56)
		at org.apache.catalina.core.StandardHostValve.invoke(StandardHostValve.java:143)
		at org.apache.catalina.valves.ErrorReportValve.invoke(ErrorReportValve.java:92)
		at org.apache.catalina.valves.AbstractAccessLogValve.invoke(AbstractAccessLogValve.java:687)
		at org.apache.catalina.core.StandardEngineValve.invoke(StandardEngineValve.java:78)
		at org.apache.catalina.connector.CoyoteAdapter.service(CoyoteAdapter.java:357)
		at org.apache.coyote.http11.Http11Processor.service(Http11Processor.java:374)
		at org.apache.coyote.AbstractProcessorLight.process(AbstractProcessorLight.java:65)
		at org.apache.coyote.AbstractProtocol$ConnectionHandler.process(AbstractProtocol.java:893)
		at org.apache.tomcat.util.net.NioEndpoint$SocketProcessor.doRun(NioEndpoint.java:1707)
		at org.apache.tomcat.util.net.SocketProcessorBase.run(SocketProcessorBase.java:49)
		at java.base/java.util.concurrent.ThreadPoolExecutor.runWorker(ThreadPoolExecutor.java:1130)
		at java.base/java.util.concurrent.ThreadPoolExecutor$Worker.run(ThreadPoolExecutor.java:630)
		at org.apache.tomcat.util.threads.TaskThread$WrappingRunnable.run(TaskThread.java:61)
		at java.base/java.lang.Thread.run(Thread.java:831)
	Caused by: com.sun.faces.config.ConfigurationException: CONFIGURATION FAILED! javax.faces.component.search.SearchExpressionContextFactory
		at com.sun.faces.config.ConfigManager.initialize(ConfigManager.java:457)
		at com.sun.faces.config.ConfigureListener.contextInitialized(ConfigureListener.java:237)
		... 35 more
	Caused by: java.lang.IllegalArgumentException: javax.faces.component.search.SearchExpressionContextFactory
		at javax.faces.FactoryFinder.validateFactoryName(FactoryFinder.java:751)
		at javax.faces.FactoryFinder.setFactory(FactoryFinder.java:404)
		at com.sun.faces.config.processor.FactoryConfigProcessor.setFactory(FactoryConfigProcessor.java:343)
		at com.sun.faces.config.processor.FactoryConfigProcessor.processFactories(FactoryConfigProcessor.java:324)
		at com.sun.faces.config.processor.FactoryConfigProcessor.process(FactoryConfigProcessor.java:223)
		at com.sun.faces.config.ConfigManager.initialize(ConfigManager.java:443)
		... 36 more
18-Jun-2021 19:15:30.339 INFO [main] org.apache.catalina.core.ApplicationContext.log SessionListener: contextDestroyed()
18-Jun-2021 19:15:30.339 INFO [main] org.apache.catalina.core.ApplicationContext.log ContextListener: contextDestroyed()
