29-Jun-2021 11:11:37.572 INFO [main] org.apache.catalina.core.ApplicationContext.log ContextListener: contextInitialized()
29-Jun-2021 11:11:37.572 INFO [main] org.apache.catalina.core.ApplicationContext.log SessionListener: contextInitialized()
29-Jun-2021 11:11:37.575 INFO [main] org.apache.catalina.core.ApplicationContext.log ContextListener: attributeAdded('StockTicker', 'async.Stockticker@57d5dd0')
29-Jun-2021 13:10:07.197 INFO [main] org.apache.catalina.core.ApplicationContext.log SessionListener: contextDestroyed()
29-Jun-2021 13:10:07.198 INFO [main] org.apache.catalina.core.ApplicationContext.log ContextListener: contextDestroyed()
29-Jun-2021 13:10:31.832 INFO [main] org.apache.catalina.core.ApplicationContext.log ContextListener: contextInitialized()
29-Jun-2021 13:10:31.832 INFO [main] org.apache.catalina.core.ApplicationContext.log SessionListener: contextInitialized()
29-Jun-2021 13:10:31.835 INFO [main] org.apache.catalina.core.ApplicationContext.log ContextListener: attributeAdded('StockTicker', 'async.Stockticker@64010508')
29-Jun-2021 13:39:15.782 INFO [main] org.apache.catalina.core.ApplicationContext.log SessionListener: contextDestroyed()
29-Jun-2021 13:39:15.782 INFO [main] org.apache.catalina.core.ApplicationContext.log ContextListener: contextDestroyed()
29-Jun-2021 13:39:34.794 INFO [main] org.apache.catalina.core.ApplicationContext.log ContextListener: contextInitialized()
29-Jun-2021 13:39:34.795 INFO [main] org.apache.catalina.core.ApplicationContext.log SessionListener: contextInitialized()
29-Jun-2021 13:39:34.799 INFO [main] org.apache.catalina.core.ApplicationContext.log ContextListener: attributeAdded('StockTicker', 'async.Stockticker@5dd52021')
29-Jun-2021 15:36:51.344 INFO [main] org.apache.catalina.core.ApplicationContext.log SessionListener: contextDestroyed()
29-Jun-2021 15:36:51.344 INFO [main] org.apache.catalina.core.ApplicationContext.log ContextListener: contextDestroyed()
29-Jun-2021 15:37:14.839 INFO [main] org.apache.catalina.core.ApplicationContext.log ContextListener: contextInitialized()
29-Jun-2021 15:37:14.840 INFO [main] org.apache.catalina.core.ApplicationContext.log SessionListener: contextInitialized()
29-Jun-2021 15:37:14.843 INFO [main] org.apache.catalina.core.ApplicationContext.log ContextListener: attributeAdded('StockTicker', 'async.Stockticker@10f535a6')
29-Jun-2021 17:34:29.987 INFO [main] org.apache.catalina.core.ApplicationContext.log SessionListener: contextDestroyed()
29-Jun-2021 17:34:29.987 INFO [main] org.apache.catalina.core.ApplicationContext.log ContextListener: contextDestroyed()
29-Jun-2021 17:34:54.070 INFO [main] org.apache.catalina.core.ApplicationContext.log ContextListener: contextInitialized()
29-Jun-2021 17:34:54.070 INFO [main] org.apache.catalina.core.ApplicationContext.log SessionListener: contextInitialized()
29-Jun-2021 17:34:54.074 INFO [main] org.apache.catalina.core.ApplicationContext.log ContextListener: attributeAdded('StockTicker', 'async.Stockticker@3a2227e8')
29-Jun-2021 20:17:59.191 INFO [main] org.apache.catalina.core.ApplicationContext.log SessionListener: contextDestroyed()
29-Jun-2021 20:17:59.191 INFO [main] org.apache.catalina.core.ApplicationContext.log ContextListener: contextDestroyed()
29-Jun-2021 20:18:33.161 INFO [main] org.apache.catalina.core.ApplicationContext.log ContextListener: contextInitialized()
29-Jun-2021 20:18:33.161 INFO [main] org.apache.catalina.core.ApplicationContext.log SessionListener: contextInitialized()
29-Jun-2021 20:18:33.164 INFO [main] org.apache.catalina.core.ApplicationContext.log ContextListener: attributeAdded('StockTicker', 'async.Stockticker@4e683bb8')
29-Jun-2021 23:31:55.882 INFO [main] org.apache.catalina.core.ApplicationContext.log SessionListener: contextDestroyed()
29-Jun-2021 23:31:55.882 INFO [main] org.apache.catalina.core.ApplicationContext.log ContextListener: contextDestroyed()
