09-Jun-2021 00:11:42.142 INFO [main] org.apache.catalina.core.ApplicationContext.log SessionListener: contextDestroyed()
09-Jun-2021 00:11:42.143 INFO [main] org.apache.catalina.core.ApplicationContext.log ContextListener: contextDestroyed()
09-Jun-2021 00:49:51.472 INFO [main] org.apache.catalina.core.ApplicationContext.log ContextListener: contextInitialized()
09-Jun-2021 00:49:51.473 INFO [main] org.apache.catalina.core.ApplicationContext.log SessionListener: contextInitialized()
09-Jun-2021 00:49:51.476 INFO [main] org.apache.catalina.core.ApplicationContext.log ContextListener: attributeAdded('StockTicker', 'async.Stockticker@620572db')
09-Jun-2021 07:40:48.959 INFO [main] org.apache.catalina.core.ApplicationContext.log SessionListener: contextDestroyed()
09-Jun-2021 07:40:49.049 INFO [main] org.apache.catalina.core.ApplicationContext.log ContextListener: contextDestroyed()
09-Jun-2021 07:53:43.359 INFO [main] org.apache.catalina.core.ApplicationContext.log ContextListener: contextInitialized()
09-Jun-2021 07:53:43.360 INFO [main] org.apache.catalina.core.ApplicationContext.log SessionListener: contextInitialized()
09-Jun-2021 07:53:43.364 INFO [main] org.apache.catalina.core.ApplicationContext.log ContextListener: attributeAdded('StockTicker', 'async.Stockticker@67a38')
09-Jun-2021 11:28:08.791 INFO [main] org.apache.catalina.core.ApplicationContext.log SessionListener: contextDestroyed()
09-Jun-2021 11:28:08.791 INFO [main] org.apache.catalina.core.ApplicationContext.log ContextListener: contextDestroyed()
09-Jun-2021 11:28:33.921 INFO [main] org.apache.catalina.core.ApplicationContext.log ContextListener: contextInitialized()
09-Jun-2021 11:28:33.923 INFO [main] org.apache.catalina.core.ApplicationContext.log SessionListener: contextInitialized()
09-Jun-2021 11:28:33.926 INFO [main] org.apache.catalina.core.ApplicationContext.log ContextListener: attributeAdded('StockTicker', 'async.Stockticker@24ac87a')
09-Jun-2021 11:29:48.259 INFO [main] org.apache.catalina.core.ApplicationContext.log SessionListener: contextDestroyed()
09-Jun-2021 11:29:48.260 INFO [main] org.apache.catalina.core.ApplicationContext.log ContextListener: contextDestroyed()
09-Jun-2021 11:30:08.663 SEVERE [http-nio-8080-exec-4] org.apache.catalina.core.StandardContext.listenerStart Exception sending context initialized event to listener instance of class [com.sun.faces.config.ConfigureListener]
	java.lang.RuntimeException: com.sun.faces.config.ConfigurationException: java.util.concurrent.ExecutionException: javax.faces.FacesException: java.io.FileNotFoundException: JAR entry META-INF/ not found in D:\CN Java\projectjava\build\web\WEB-INF\lib\antlr-2.7.7.jar
		at com.sun.faces.config.ConfigureListener.contextInitialized(ConfigureListener.java:315)
		at org.apache.catalina.core.StandardContext.listenerStart(StandardContext.java:4714)
		at org.apache.catalina.core.StandardContext.startInternal(StandardContext.java:5172)
		at org.apache.catalina.util.LifecycleBase.start(LifecycleBase.java:183)
		at org.apache.catalina.core.ContainerBase.addChildInternal(ContainerBase.java:717)
		at org.apache.catalina.core.ContainerBase.addChild(ContainerBase.java:690)
		at org.apache.catalina.core.StandardHost.addChild(StandardHost.java:692)
		at org.apache.catalina.startup.HostConfig.deployDescriptor(HostConfig.java:689)
		at org.apache.catalina.startup.HostConfig.deployApps(HostConfig.java:537)
		at org.apache.catalina.startup.HostConfig.check(HostConfig.java:1683)
		at java.base/jdk.internal.reflect.NativeMethodAccessorImpl.invoke0(Native Method)
		at java.base/jdk.internal.reflect.NativeMethodAccessorImpl.invoke(NativeMethodAccessorImpl.java:78)
		at java.base/jdk.internal.reflect.DelegatingMethodAccessorImpl.invoke(DelegatingMethodAccessorImpl.java:43)
		at java.base/java.lang.reflect.Method.invoke(Method.java:567)
		at org.apache.tomcat.util.modeler.BaseModelMBean.invoke(BaseModelMBean.java:288)
		at java.management/com.sun.jmx.interceptor.DefaultMBeanServerInterceptor.invoke(DefaultMBeanServerInterceptor.java:809)
		at java.management/com.sun.jmx.mbeanserver.JmxMBeanServer.invoke(JmxMBeanServer.java:801)
		at org.apache.catalina.manager.ManagerServlet.check(ManagerServlet.java:1592)
		at org.apache.catalina.manager.ManagerServlet.deploy(ManagerServlet.java:1021)
		at org.apache.catalina.manager.ManagerServlet.doGet(ManagerServlet.java:356)
		at javax.servlet.http.HttpServlet.service(HttpServlet.java:626)
		at javax.servlet.http.HttpServlet.service(HttpServlet.java:733)
		at org.apache.catalina.core.ApplicationFilterChain.internalDoFilter(ApplicationFilterChain.java:227)
		at org.apache.catalina.core.ApplicationFilterChain.doFilter(ApplicationFilterChain.java:162)
		at org.apache.tomcat.websocket.server.WsFilter.doFilter(WsFilter.java:53)
		at org.apache.catalina.core.ApplicationFilterChain.internalDoFilter(ApplicationFilterChain.java:189)
		at org.apache.catalina.core.ApplicationFilterChain.doFilter(ApplicationFilterChain.java:162)
		at org.apache.catalina.filters.HttpHeaderSecurityFilter.doFilter(HttpHeaderSecurityFilter.java:126)
		at org.apache.catalina.core.ApplicationFilterChain.internalDoFilter(ApplicationFilterChain.java:189)
		at org.apache.catalina.core.ApplicationFilterChain.doFilter(ApplicationFilterChain.java:162)
		at org.apache.catalina.core.StandardWrapperValve.invoke(StandardWrapperValve.java:202)
		at org.apache.catalina.core.StandardContextValve.invoke(StandardContextValve.java:97)
		at org.apache.catalina.authenticator.AuthenticatorBase.invoke(AuthenticatorBase.java:667)
		at org.apache.catalina.valves.RequestFilterValve.process(RequestFilterValve.java:378)
		at org.apache.catalina.valves.RemoteAddrValve.invoke(RemoteAddrValve.java:56)
		at org.apache.catalina.core.StandardHostValve.invoke(StandardHostValve.java:143)
		at org.apache.catalina.valves.ErrorReportValve.invoke(ErrorReportValve.java:92)
		at org.apache.catalina.valves.AbstractAccessLogValve.invoke(AbstractAccessLogValve.java:687)
		at org.apache.catalina.core.StandardEngineValve.invoke(StandardEngineValve.java:78)
		at org.apache.catalina.connector.CoyoteAdapter.service(CoyoteAdapter.java:357)
		at org.apache.coyote.http11.Http11Processor.service(Http11Processor.java:374)
		at org.apache.coyote.AbstractProcessorLight.process(AbstractProcessorLight.java:65)
		at org.apache.coyote.AbstractProtocol$ConnectionHandler.process(AbstractProtocol.java:893)
		at org.apache.tomcat.util.net.NioEndpoint$SocketProcessor.doRun(NioEndpoint.java:1707)
		at org.apache.tomcat.util.net.SocketProcessorBase.run(SocketProcessorBase.java:49)
		at java.base/java.util.concurrent.ThreadPoolExecutor.runWorker(ThreadPoolExecutor.java:1130)
		at java.base/java.util.concurrent.ThreadPoolExecutor$Worker.run(ThreadPoolExecutor.java:630)
		at org.apache.tomcat.util.threads.TaskThread$WrappingRunnable.run(TaskThread.java:61)
		at java.base/java.lang.Thread.run(Thread.java:831)
	Caused by: com.sun.faces.config.ConfigurationException: java.util.concurrent.ExecutionException: javax.faces.FacesException: java.io.FileNotFoundException: JAR entry META-INF/ not found in D:\CN Java\projectjava\build\web\WEB-INF\lib\antlr-2.7.7.jar
		at com.sun.faces.config.ConfigManager.getConfigDocuments(ConfigManager.java:769)
		at com.sun.faces.config.ConfigManager.initialize(ConfigManager.java:355)
		at com.sun.faces.config.ConfigureListener.contextInitialized(ConfigureListener.java:237)
		... 48 more
	Caused by: java.util.concurrent.ExecutionException: javax.faces.FacesException: java.io.FileNotFoundException: JAR entry META-INF/ not found in D:\CN Java\projectjava\build\web\WEB-INF\lib\antlr-2.7.7.jar
		at java.base/java.util.concurrent.FutureTask.report(FutureTask.java:122)
		at java.base/java.util.concurrent.FutureTask.get(FutureTask.java:191)
		at com.sun.faces.config.ConfigManager.getConfigDocuments(ConfigManager.java:756)
		... 50 more
	Caused by: javax.faces.FacesException: java.io.FileNotFoundException: JAR entry META-INF/ not found in D:\CN Java\projectjava\build\web\WEB-INF\lib\antlr-2.7.7.jar
		at com.sun.faces.config.configprovider.MetaInfFacesConfigResourceProvider.getResources(MetaInfFacesConfigResourceProvider.java:138)
		at com.sun.faces.config.ConfigManager$URITask.call(ConfigManager.java:1390)
		at com.sun.faces.config.ConfigManager$URITask.call(ConfigManager.java:1358)
		at java.base/java.util.concurrent.FutureTask.run(FutureTask.java:264)
		at com.sun.faces.config.ConfigManager.getConfigDocuments(ConfigManager.java:747)
		... 50 more
	Caused by: java.io.FileNotFoundException: JAR entry META-INF/ not found in D:\CN Java\projectjava\build\web\WEB-INF\lib\antlr-2.7.7.jar
		at java.base/sun.net.www.protocol.jar.JarURLConnection.connect(JarURLConnection.java:147)
		at java.base/sun.net.www.protocol.jar.JarURLConnection.getJarFile(JarURLConnection.java:92)
		at com.sun.faces.facelets.util.Classpath.search(Classpath.java:146)
		at com.sun.faces.facelets.util.Classpath.search(Classpath.java:110)
		at com.sun.faces.config.configprovider.MetaInfFacesConfigResourceProvider.loadURLs(MetaInfFacesConfigResourceProvider.java:167)
		at com.sun.faces.config.configprovider.MetaInfFacesConfigResourceProvider.getResources(MetaInfFacesConfigResourceProvider.java:111)
		... 54 more
09-Jun-2021 11:30:33.330 INFO [main] org.apache.catalina.core.ApplicationContext.log ContextListener: contextInitialized()
09-Jun-2021 11:30:33.332 INFO [main] org.apache.catalina.core.ApplicationContext.log SessionListener: contextInitialized()
09-Jun-2021 11:30:33.337 INFO [main] org.apache.catalina.core.ApplicationContext.log ContextListener: attributeAdded('StockTicker', 'async.Stockticker@4d664323')
09-Jun-2021 11:31:52.988 INFO [main] org.apache.catalina.core.ApplicationContext.log SessionListener: contextDestroyed()
09-Jun-2021 11:31:52.988 INFO [main] org.apache.catalina.core.ApplicationContext.log ContextListener: contextDestroyed()
09-Jun-2021 11:32:12.390 INFO [main] org.apache.catalina.core.ApplicationContext.log ContextListener: contextInitialized()
09-Jun-2021 11:32:12.391 INFO [main] org.apache.catalina.core.ApplicationContext.log SessionListener: contextInitialized()
09-Jun-2021 11:32:12.394 INFO [main] org.apache.catalina.core.ApplicationContext.log ContextListener: attributeAdded('StockTicker', 'async.Stockticker@54387873')
09-Jun-2021 11:43:19.194 INFO [main] org.apache.catalina.core.ApplicationContext.log SessionListener: contextDestroyed()
09-Jun-2021 11:43:19.203 INFO [main] org.apache.catalina.core.ApplicationContext.log ContextListener: contextDestroyed()
09-Jun-2021 11:43:31.376 INFO [main] org.apache.catalina.core.ApplicationContext.log ContextListener: contextInitialized()
09-Jun-2021 11:43:31.377 INFO [main] org.apache.catalina.core.ApplicationContext.log SessionListener: contextInitialized()
09-Jun-2021 11:43:31.379 INFO [main] org.apache.catalina.core.ApplicationContext.log ContextListener: attributeAdded('StockTicker', 'async.Stockticker@4d634127')
09-Jun-2021 11:43:49.143 INFO [main] org.apache.catalina.core.ApplicationContext.log SessionListener: contextDestroyed()
09-Jun-2021 11:43:49.143 INFO [main] org.apache.catalina.core.ApplicationContext.log ContextListener: contextDestroyed()
09-Jun-2021 11:44:04.287 INFO [main] org.apache.catalina.core.ApplicationContext.log ContextListener: contextInitialized()
09-Jun-2021 11:44:04.288 INFO [main] org.apache.catalina.core.ApplicationContext.log SessionListener: contextInitialized()
09-Jun-2021 11:44:04.290 INFO [main] org.apache.catalina.core.ApplicationContext.log ContextListener: attributeAdded('StockTicker', 'async.Stockticker@1682c08c')
09-Jun-2021 11:53:16.633 INFO [main] org.apache.catalina.core.ApplicationContext.log SessionListener: contextDestroyed()
09-Jun-2021 11:53:16.633 INFO [main] org.apache.catalina.core.ApplicationContext.log ContextListener: contextDestroyed()
09-Jun-2021 12:03:48.051 INFO [main] org.apache.catalina.core.ApplicationContext.log ContextListener: contextInitialized()
09-Jun-2021 12:03:48.051 INFO [main] org.apache.catalina.core.ApplicationContext.log SessionListener: contextInitialized()
09-Jun-2021 12:03:48.056 INFO [main] org.apache.catalina.core.ApplicationContext.log ContextListener: attributeAdded('StockTicker', 'async.Stockticker@528f5b7f')
09-Jun-2021 13:41:04.978 INFO [main] org.apache.catalina.core.ApplicationContext.log SessionListener: contextDestroyed()
09-Jun-2021 13:41:04.978 INFO [main] org.apache.catalina.core.ApplicationContext.log ContextListener: contextDestroyed()
09-Jun-2021 13:52:32.265 INFO [main] org.apache.catalina.core.ApplicationContext.log ContextListener: contextInitialized()
09-Jun-2021 13:52:32.266 INFO [main] org.apache.catalina.core.ApplicationContext.log SessionListener: contextInitialized()
09-Jun-2021 13:52:32.279 INFO [main] org.apache.catalina.core.ApplicationContext.log ContextListener: attributeAdded('StockTicker', 'async.Stockticker@5b5dce5c')
09-Jun-2021 14:21:20.127 INFO [main] org.apache.catalina.core.ApplicationContext.log SessionListener: contextDestroyed()
09-Jun-2021 14:21:20.127 INFO [main] org.apache.catalina.core.ApplicationContext.log ContextListener: contextDestroyed()
