20-Jun-2021 00:05:57.406 INFO [http-nio-8080-exec-50] org.apache.catalina.core.ApplicationContext.log Manager: list: Listing contexts for virtual host 'localhost'
20-Jun-2021 00:05:57.430 INFO [http-nio-8080-exec-42] org.apache.catalina.core.ApplicationContext.log Manager: restart: Reloading web application '/projectjava'
20-Jun-2021 00:06:02.871 INFO [http-nio-8080-exec-50] org.apache.catalina.core.ApplicationContext.log Manager: list: Listing contexts for virtual host 'localhost'
20-Jun-2021 00:06:02.886 INFO [http-nio-8080-exec-41] org.apache.catalina.core.ApplicationContext.log Manager: restart: Reloading web application '/projectjava'
20-Jun-2021 00:06:08.516 INFO [http-nio-8080-exec-51] org.apache.catalina.core.ApplicationContext.log Manager: list: Listing contexts for virtual host 'localhost'
20-Jun-2021 00:06:10.606 INFO [http-nio-8080-exec-46] org.apache.catalina.core.ApplicationContext.log Manager: list: Listing contexts for virtual host 'localhost'
20-Jun-2021 00:06:10.613 INFO [http-nio-8080-exec-52] org.apache.catalina.core.ApplicationContext.log Manager: restart: Reloading web application '/projectjava'
20-Jun-2021 00:06:17.519 INFO [http-nio-8080-exec-53] org.apache.catalina.core.ApplicationContext.log Manager: list: Listing contexts for virtual host 'localhost'
20-Jun-2021 00:06:17.527 INFO [http-nio-8080-exec-43] org.apache.catalina.core.ApplicationContext.log Manager: restart: Reloading web application '/projectjava'
20-Jun-2021 00:06:23.818 INFO [http-nio-8080-exec-50] org.apache.catalina.core.ApplicationContext.log Manager: list: Listing contexts for virtual host 'localhost'
20-Jun-2021 00:06:23.837 INFO [http-nio-8080-exec-51] org.apache.catalina.core.ApplicationContext.log Manager: restart: Reloading web application '/projectjava'
20-Jun-2021 00:06:58.758 INFO [http-nio-8080-exec-47] org.apache.catalina.core.ApplicationContext.log Manager: list: Listing contexts for virtual host 'localhost'
20-Jun-2021 00:06:58.767 INFO [http-nio-8080-exec-45] org.apache.catalina.core.ApplicationContext.log Manager: restart: Reloading web application '/projectjava'
20-Jun-2021 00:08:14.995 INFO [http-nio-8080-exec-53] org.apache.catalina.core.ApplicationContext.log Manager: list: Listing contexts for virtual host 'localhost'
20-Jun-2021 00:08:15.002 INFO [http-nio-8080-exec-54] org.apache.catalina.core.ApplicationContext.log Manager: restart: Reloading web application '/projectjava'
20-Jun-2021 00:08:19.477 INFO [http-nio-8080-exec-44] org.apache.catalina.core.ApplicationContext.log Manager: list: Listing contexts for virtual host 'localhost'
20-Jun-2021 00:08:19.483 INFO [http-nio-8080-exec-61] org.apache.catalina.core.ApplicationContext.log Manager: restart: Reloading web application '/projectjava'
20-Jun-2021 00:08:24.232 INFO [http-nio-8080-exec-64] org.apache.catalina.core.ApplicationContext.log Manager: list: Listing contexts for virtual host 'localhost'
20-Jun-2021 00:08:24.244 INFO [http-nio-8080-exec-62] org.apache.catalina.core.ApplicationContext.log Manager: restart: Reloading web application '/projectjava'
20-Jun-2021 00:08:36.315 INFO [http-nio-8080-exec-47] org.apache.catalina.core.ApplicationContext.log Manager: list: Listing contexts for virtual host 'localhost'
20-Jun-2021 00:08:36.325 INFO [http-nio-8080-exec-53] org.apache.catalina.core.ApplicationContext.log Manager: restart: Reloading web application '/projectjava'
20-Jun-2021 00:08:41.017 INFO [http-nio-8080-exec-44] org.apache.catalina.core.ApplicationContext.log Manager: list: Listing contexts for virtual host 'localhost'
20-Jun-2021 00:08:41.782 INFO [http-nio-8080-exec-67] org.apache.catalina.core.ApplicationContext.log Manager: list: Listing contexts for virtual host 'localhost'
20-Jun-2021 00:08:41.790 INFO [http-nio-8080-exec-50] org.apache.catalina.core.ApplicationContext.log Manager: restart: Reloading web application '/projectjava'
20-Jun-2021 00:08:41.790 SEVERE [http-nio-8080-exec-50] org.apache.catalina.core.ApplicationContext.log Manager: Error reloading [/projectjava]
	java.lang.IllegalStateException: Context with name [/projectjava] has not yet been started
		at org.apache.catalina.core.StandardContext.reload(StandardContext.java:3775)
		at org.apache.catalina.manager.ManagerServlet.reload(ManagerServlet.java:1124)
		at org.apache.catalina.manager.ManagerServlet.doGet(ManagerServlet.java:366)
		at javax.servlet.http.HttpServlet.service(HttpServlet.java:626)
		at javax.servlet.http.HttpServlet.service(HttpServlet.java:733)
		at org.apache.catalina.core.ApplicationFilterChain.internalDoFilter(ApplicationFilterChain.java:227)
		at org.apache.catalina.core.ApplicationFilterChain.doFilter(ApplicationFilterChain.java:162)
		at org.apache.tomcat.websocket.server.WsFilter.doFilter(WsFilter.java:53)
		at org.apache.catalina.core.ApplicationFilterChain.internalDoFilter(ApplicationFilterChain.java:189)
		at org.apache.catalina.core.ApplicationFilterChain.doFilter(ApplicationFilterChain.java:162)
		at org.apache.catalina.filters.HttpHeaderSecurityFilter.doFilter(HttpHeaderSecurityFilter.java:126)
		at org.apache.catalina.core.ApplicationFilterChain.internalDoFilter(ApplicationFilterChain.java:189)
		at org.apache.catalina.core.ApplicationFilterChain.doFilter(ApplicationFilterChain.java:162)
		at org.apache.catalina.core.StandardWrapperValve.invoke(StandardWrapperValve.java:202)
		at org.apache.catalina.core.StandardContextValve.invoke(StandardContextValve.java:97)
		at org.apache.catalina.authenticator.AuthenticatorBase.invoke(AuthenticatorBase.java:667)
		at org.apache.catalina.valves.RequestFilterValve.process(RequestFilterValve.java:378)
		at org.apache.catalina.valves.RemoteAddrValve.invoke(RemoteAddrValve.java:56)
		at org.apache.catalina.core.StandardHostValve.invoke(StandardHostValve.java:143)
		at org.apache.catalina.valves.ErrorReportValve.invoke(ErrorReportValve.java:92)
		at org.apache.catalina.valves.AbstractAccessLogValve.invoke(AbstractAccessLogValve.java:687)
		at org.apache.catalina.core.StandardEngineValve.invoke(StandardEngineValve.java:78)
		at org.apache.catalina.connector.CoyoteAdapter.service(CoyoteAdapter.java:357)
		at org.apache.coyote.http11.Http11Processor.service(Http11Processor.java:374)
		at org.apache.coyote.AbstractProcessorLight.process(AbstractProcessorLight.java:65)
		at org.apache.coyote.AbstractProtocol$ConnectionHandler.process(AbstractProtocol.java:893)
		at org.apache.tomcat.util.net.NioEndpoint$SocketProcessor.doRun(NioEndpoint.java:1707)
		at org.apache.tomcat.util.net.SocketProcessorBase.run(SocketProcessorBase.java:49)
		at java.base/java.util.concurrent.ThreadPoolExecutor.runWorker(ThreadPoolExecutor.java:1130)
		at java.base/java.util.concurrent.ThreadPoolExecutor$Worker.run(ThreadPoolExecutor.java:630)
		at org.apache.tomcat.util.threads.TaskThread$WrappingRunnable.run(TaskThread.java:61)
		at java.base/java.lang.Thread.run(Thread.java:831)
20-Jun-2021 00:08:48.884 INFO [http-nio-8080-exec-63] org.apache.catalina.core.ApplicationContext.log Manager: list: Listing contexts for virtual host 'localhost'
20-Jun-2021 00:08:48.887 INFO [http-nio-8080-exec-44] org.apache.catalina.core.ApplicationContext.log Manager: list: Listing contexts for virtual host 'localhost'
20-Jun-2021 00:08:48.931 INFO [http-nio-8080-exec-67] org.apache.catalina.core.ApplicationContext.log Manager: undeploy: Undeploying web application at '/projectjava'
20-Jun-2021 00:08:49.453 INFO [http-nio-8080-exec-50] org.apache.catalina.core.ApplicationContext.log Manager: install: Installing context configuration at 'file:/C:/Users/Hokichi/AppData/Local/Temp/context11485981364175474178.xml'
20-Jun-2021 00:08:53.377 INFO [http-nio-8080-exec-69] org.apache.catalina.core.ApplicationContext.log Manager: start: Starting web application '/projectjava'
20-Jun-2021 00:09:07.451 INFO [http-nio-8080-exec-63] org.apache.catalina.core.ApplicationContext.log Manager: list: Listing contexts for virtual host 'localhost'
20-Jun-2021 00:09:07.458 INFO [http-nio-8080-exec-44] org.apache.catalina.core.ApplicationContext.log Manager: restart: Reloading web application '/projectjava'
20-Jun-2021 00:09:14.062 INFO [http-nio-8080-exec-68] org.apache.catalina.core.ApplicationContext.log Manager: list: Listing contexts for virtual host 'localhost'
20-Jun-2021 00:09:14.069 INFO [http-nio-8080-exec-60] org.apache.catalina.core.ApplicationContext.log Manager: restart: Reloading web application '/projectjava'
20-Jun-2021 00:09:20.624 INFO [http-nio-8080-exec-65] org.apache.catalina.core.ApplicationContext.log Manager: list: Listing contexts for virtual host 'localhost'
20-Jun-2021 00:09:20.633 INFO [http-nio-8080-exec-74] org.apache.catalina.core.ApplicationContext.log Manager: restart: Reloading web application '/projectjava'
20-Jun-2021 00:10:38.723 INFO [http-nio-8080-exec-67] org.apache.catalina.core.ApplicationContext.log Manager: list: Listing contexts for virtual host 'localhost'
20-Jun-2021 00:11:02.001 INFO [http-nio-8080-exec-65] org.apache.catalina.core.ApplicationContext.log Manager: list: Listing contexts for virtual host 'localhost'
20-Jun-2021 00:11:19.386 INFO [http-nio-8080-exec-78] org.apache.catalina.core.ApplicationContext.log Manager: list: Listing contexts for virtual host 'localhost'
20-Jun-2021 00:11:19.399 INFO [http-nio-8080-exec-76] org.apache.catalina.core.ApplicationContext.log Manager: restart: Reloading web application '/projectjava'
20-Jun-2021 00:11:25.355 INFO [http-nio-8080-exec-79] org.apache.catalina.core.ApplicationContext.log Manager: list: Listing contexts for virtual host 'localhost'
20-Jun-2021 00:11:25.364 INFO [http-nio-8080-exec-80] org.apache.catalina.core.ApplicationContext.log Manager: restart: Reloading web application '/projectjava'
20-Jun-2021 00:12:01.414 INFO [http-nio-8080-exec-71] org.apache.catalina.core.ApplicationContext.log Manager: list: Listing contexts for virtual host 'localhost'
20-Jun-2021 00:12:01.422 INFO [http-nio-8080-exec-78] org.apache.catalina.core.ApplicationContext.log Manager: restart: Reloading web application '/projectjava'
20-Jun-2021 00:17:18.239 INFO [http-nio-8080-exec-87] org.apache.catalina.core.ApplicationContext.log Manager: list: Listing contexts for virtual host 'localhost'
20-Jun-2021 00:17:18.248 INFO [http-nio-8080-exec-88] org.apache.catalina.core.ApplicationContext.log Manager: restart: Reloading web application '/projectjava'
20-Jun-2021 00:17:23.810 INFO [http-nio-8080-exec-96] org.apache.catalina.core.ApplicationContext.log Manager: list: Listing contexts for virtual host 'localhost'
20-Jun-2021 00:17:23.819 INFO [http-nio-8080-exec-90] org.apache.catalina.core.ApplicationContext.log Manager: restart: Reloading web application '/projectjava'
20-Jun-2021 00:17:33.547 INFO [http-nio-8080-exec-91] org.apache.catalina.core.ApplicationContext.log Manager: list: Listing contexts for virtual host 'localhost'
20-Jun-2021 00:17:33.554 INFO [http-nio-8080-exec-97] org.apache.catalina.core.ApplicationContext.log Manager: restart: Reloading web application '/projectjava'
20-Jun-2021 00:18:15.115 INFO [http-nio-8080-exec-98] org.apache.catalina.core.ApplicationContext.log Manager: list: Listing contexts for virtual host 'localhost'
20-Jun-2021 00:18:15.124 INFO [http-nio-8080-exec-94] org.apache.catalina.core.ApplicationContext.log Manager: restart: Reloading web application '/projectjava'
20-Jun-2021 00:18:50.188 INFO [http-nio-8080-exec-100] org.apache.catalina.core.ApplicationContext.log Manager: list: Listing contexts for virtual host 'localhost'
20-Jun-2021 00:18:50.195 INFO [http-nio-8080-exec-98] org.apache.catalina.core.ApplicationContext.log Manager: restart: Reloading web application '/projectjava'
20-Jun-2021 00:19:43.760 INFO [http-nio-8080-exec-91] org.apache.catalina.core.ApplicationContext.log Manager: list: Listing contexts for virtual host 'localhost'
20-Jun-2021 00:19:43.768 INFO [http-nio-8080-exec-93] org.apache.catalina.core.ApplicationContext.log Manager: restart: Reloading web application '/projectjava'
20-Jun-2021 00:20:03.939 INFO [http-nio-8080-exec-100] org.apache.catalina.core.ApplicationContext.log Manager: list: Listing contexts for virtual host 'localhost'
20-Jun-2021 00:20:03.949 INFO [http-nio-8080-exec-91] org.apache.catalina.core.ApplicationContext.log Manager: restart: Reloading web application '/projectjava'
20-Jun-2021 00:23:40.649 INFO [http-nio-8080-exec-109] org.apache.catalina.core.ApplicationContext.log Manager: list: Listing contexts for virtual host 'localhost'
20-Jun-2021 00:24:52.217 INFO [http-nio-8080-exec-108] org.apache.catalina.core.ApplicationContext.log Manager: list: Listing contexts for virtual host 'localhost'
20-Jun-2021 00:24:52.225 INFO [http-nio-8080-exec-109] org.apache.catalina.core.ApplicationContext.log Manager: restart: Reloading web application '/projectjava'
20-Jun-2021 00:25:35.385 INFO [http-nio-8080-exec-108] org.apache.catalina.core.ApplicationContext.log Manager: list: Listing contexts for virtual host 'localhost'
20-Jun-2021 00:25:42.157 INFO [http-nio-8080-exec-118] org.apache.catalina.core.ApplicationContext.log Manager: list: Listing contexts for virtual host 'localhost'
20-Jun-2021 00:26:23.283 INFO [http-nio-8080-exec-121] org.apache.catalina.core.ApplicationContext.log Manager: list: Listing contexts for virtual host 'localhost'
20-Jun-2021 00:26:33.305 INFO [http-nio-8080-exec-125] org.apache.catalina.core.ApplicationContext.log Manager: list: Listing contexts for virtual host 'localhost'
20-Jun-2021 00:28:49.007 INFO [http-nio-8080-exec-119] org.apache.catalina.core.ApplicationContext.log Manager: list: Listing contexts for virtual host 'localhost'
20-Jun-2021 00:32:38.342 INFO [http-nio-8080-exec-120] org.apache.catalina.core.ApplicationContext.log Manager: list: Listing contexts for virtual host 'localhost'
20-Jun-2021 00:32:38.349 INFO [http-nio-8080-exec-125] org.apache.catalina.core.ApplicationContext.log Manager: restart: Reloading web application '/projectjava'
20-Jun-2021 00:32:45.007 INFO [http-nio-8080-exec-124] org.apache.catalina.core.ApplicationContext.log Manager: list: Listing contexts for virtual host 'localhost'
20-Jun-2021 00:32:45.015 INFO [http-nio-8080-exec-126] org.apache.catalina.core.ApplicationContext.log Manager: restart: Reloading web application '/projectjava'
20-Jun-2021 00:33:42.240 INFO [http-nio-8080-exec-127] org.apache.catalina.core.ApplicationContext.log Manager: list: Listing contexts for virtual host 'localhost'
20-Jun-2021 00:33:42.249 INFO [http-nio-8080-exec-128] org.apache.catalina.core.ApplicationContext.log Manager: restart: Reloading web application '/projectjava'
20-Jun-2021 00:35:09.649 INFO [http-nio-8080-exec-131] org.apache.catalina.core.ApplicationContext.log Manager: list: Listing contexts for virtual host 'localhost'
20-Jun-2021 00:35:09.658 INFO [http-nio-8080-exec-121] org.apache.catalina.core.ApplicationContext.log Manager: restart: Reloading web application '/projectjava'
20-Jun-2021 00:35:36.674 INFO [http-nio-8080-exec-118] org.apache.catalina.core.ApplicationContext.log Manager: list: Listing contexts for virtual host 'localhost'
20-Jun-2021 00:37:38.092 INFO [http-nio-8080-exec-135] org.apache.catalina.core.ApplicationContext.log Manager: list: Listing contexts for virtual host 'localhost'
20-Jun-2021 00:37:55.645 INFO [http-nio-8080-exec-140] org.apache.catalina.core.ApplicationContext.log Manager: list: Listing contexts for virtual host 'localhost'
20-Jun-2021 00:41:21.394 INFO [http-nio-8080-exec-138] org.apache.catalina.core.ApplicationContext.log Manager: list: Listing contexts for virtual host 'localhost'
20-Jun-2021 00:43:41.279 INFO [http-nio-8080-exec-138] org.apache.catalina.core.ApplicationContext.log Manager: list: Listing contexts for virtual host 'localhost'
20-Jun-2021 00:44:46.544 INFO [http-nio-8080-exec-138] org.apache.catalina.core.ApplicationContext.log Manager: list: Listing contexts for virtual host 'localhost'
20-Jun-2021 00:46:28.979 INFO [http-nio-8080-exec-136] org.apache.catalina.core.ApplicationContext.log Manager: list: Listing contexts for virtual host 'localhost'
20-Jun-2021 00:46:42.675 INFO [http-nio-8080-exec-138] org.apache.catalina.core.ApplicationContext.log Manager: list: Listing contexts for virtual host 'localhost'
20-Jun-2021 00:47:00.651 INFO [http-nio-8080-exec-143] org.apache.catalina.core.ApplicationContext.log Manager: list: Listing contexts for virtual host 'localhost'
20-Jun-2021 00:47:07.704 INFO [http-nio-8080-exec-140] org.apache.catalina.core.ApplicationContext.log Manager: list: Listing contexts for virtual host 'localhost'
20-Jun-2021 00:47:28.799 INFO [http-nio-8080-exec-138] org.apache.catalina.core.ApplicationContext.log Manager: list: Listing contexts for virtual host 'localhost'
20-Jun-2021 00:47:45.238 INFO [http-nio-8080-exec-143] org.apache.catalina.core.ApplicationContext.log Manager: list: Listing contexts for virtual host 'localhost'
20-Jun-2021 00:49:20.971 INFO [http-nio-8080-exec-137] org.apache.catalina.core.ApplicationContext.log Manager: list: Listing contexts for virtual host 'localhost'
20-Jun-2021 00:50:51.253 INFO [http-nio-8080-exec-135] org.apache.catalina.core.ApplicationContext.log Manager: list: Listing contexts for virtual host 'localhost'
20-Jun-2021 00:51:14.350 INFO [http-nio-8080-exec-140] org.apache.catalina.core.ApplicationContext.log Manager: list: Listing contexts for virtual host 'localhost'
20-Jun-2021 00:52:03.771 INFO [http-nio-8080-exec-139] org.apache.catalina.core.ApplicationContext.log Manager: list: Listing contexts for virtual host 'localhost'
20-Jun-2021 00:53:12.157 INFO [http-nio-8080-exec-139] org.apache.catalina.core.ApplicationContext.log Manager: list: Listing contexts for virtual host 'localhost'
20-Jun-2021 00:54:12.533 INFO [http-nio-8080-exec-143] org.apache.catalina.core.ApplicationContext.log Manager: list: Listing contexts for virtual host 'localhost'
20-Jun-2021 00:55:54.144 INFO [http-nio-8080-exec-135] org.apache.catalina.core.ApplicationContext.log Manager: list: Listing contexts for virtual host 'localhost'
20-Jun-2021 00:56:06.436 INFO [http-nio-8080-exec-137] org.apache.catalina.core.ApplicationContext.log Manager: list: Listing contexts for virtual host 'localhost'
20-Jun-2021 00:56:33.413 INFO [http-nio-8080-exec-138] org.apache.catalina.core.ApplicationContext.log Manager: list: Listing contexts for virtual host 'localhost'
20-Jun-2021 00:56:42.841 INFO [http-nio-8080-exec-143] org.apache.catalina.core.ApplicationContext.log Manager: list: Listing contexts for virtual host 'localhost'
20-Jun-2021 00:57:15.405 INFO [http-nio-8080-exec-138] org.apache.catalina.core.ApplicationContext.log Manager: list: Listing contexts for virtual host 'localhost'
20-Jun-2021 00:57:15.429 INFO [http-nio-8080-exec-137] org.apache.catalina.core.ApplicationContext.log Manager: restart: Reloading web application '/projectjava'
20-Jun-2021 00:57:27.007 INFO [http-nio-8080-exec-142] org.apache.catalina.core.ApplicationContext.log Manager: list: Listing contexts for virtual host 'localhost'
20-Jun-2021 00:59:50.195 INFO [http-nio-8080-exec-149] org.apache.catalina.core.ApplicationContext.log Manager: list: Listing contexts for virtual host 'localhost'
20-Jun-2021 00:59:50.210 INFO [http-nio-8080-exec-150] org.apache.catalina.core.ApplicationContext.log Manager: restart: Reloading web application '/projectjava'
20-Jun-2021 00:59:59.766 INFO [http-nio-8080-exec-139] org.apache.catalina.core.ApplicationContext.log Manager: list: Listing contexts for virtual host 'localhost'
20-Jun-2021 00:59:59.774 INFO [http-nio-8080-exec-154] org.apache.catalina.core.ApplicationContext.log Manager: restart: Reloading web application '/projectjava'
20-Jun-2021 01:02:21.315 INFO [http-nio-8080-exec-156] org.apache.catalina.core.ApplicationContext.log Manager: list: Listing contexts for virtual host 'localhost'
20-Jun-2021 01:02:21.327 INFO [http-nio-8080-exec-157] org.apache.catalina.core.ApplicationContext.log Manager: restart: Reloading web application '/projectjava'
20-Jun-2021 01:02:28.828 INFO [http-nio-8080-exec-152] org.apache.catalina.core.ApplicationContext.log Manager: list: Listing contexts for virtual host 'localhost'
20-Jun-2021 01:02:28.836 INFO [http-nio-8080-exec-147] org.apache.catalina.core.ApplicationContext.log Manager: restart: Reloading web application '/projectjava'
20-Jun-2021 01:03:26.231 INFO [http-nio-8080-exec-161] org.apache.catalina.core.ApplicationContext.log Manager: list: Listing contexts for virtual host 'localhost'
20-Jun-2021 01:03:26.238 INFO [http-nio-8080-exec-152] org.apache.catalina.core.ApplicationContext.log Manager: restart: Reloading web application '/projectjava'
20-Jun-2021 01:03:49.238 INFO [http-nio-8080-exec-161] org.apache.catalina.core.ApplicationContext.log Manager: list: Listing contexts for virtual host 'localhost'
20-Jun-2021 01:03:49.248 INFO [http-nio-8080-exec-162] org.apache.catalina.core.ApplicationContext.log Manager: restart: Reloading web application '/projectjava'
20-Jun-2021 01:05:50.430 INFO [http-nio-8080-exec-168] org.apache.catalina.core.ApplicationContext.log Manager: list: Listing contexts for virtual host 'localhost'
20-Jun-2021 01:05:50.440 INFO [http-nio-8080-exec-153] org.apache.catalina.core.ApplicationContext.log Manager: restart: Reloading web application '/projectjava'
20-Jun-2021 01:05:57.764 INFO [http-nio-8080-exec-172] org.apache.catalina.core.ApplicationContext.log Manager: list: Listing contexts for virtual host 'localhost'
20-Jun-2021 01:05:57.781 INFO [http-nio-8080-exec-167] org.apache.catalina.core.ApplicationContext.log Manager: restart: Reloading web application '/projectjava'
20-Jun-2021 01:06:35.912 INFO [http-nio-8080-exec-168] org.apache.catalina.core.ApplicationContext.log Manager: list: Listing contexts for virtual host 'localhost'
20-Jun-2021 01:06:35.930 INFO [http-nio-8080-exec-161] org.apache.catalina.core.ApplicationContext.log Manager: restart: Reloading web application '/projectjava'
20-Jun-2021 01:06:43.605 INFO [http-nio-8080-exec-172] org.apache.catalina.core.ApplicationContext.log Manager: list: Listing contexts for virtual host 'localhost'
20-Jun-2021 01:06:43.628 INFO [http-nio-8080-exec-159] org.apache.catalina.core.ApplicationContext.log Manager: restart: Reloading web application '/projectjava'
20-Jun-2021 01:10:34.462 INFO [http-nio-8080-exec-177] org.apache.catalina.core.ApplicationContext.log Manager: list: Listing contexts for virtual host 'localhost'
20-Jun-2021 01:10:34.472 INFO [http-nio-8080-exec-178] org.apache.catalina.core.ApplicationContext.log Manager: restart: Reloading web application '/projectjava'
20-Jun-2021 01:12:42.106 INFO [http-nio-8080-exec-186] org.apache.catalina.core.ApplicationContext.log Manager: list: Listing contexts for virtual host 'localhost'
20-Jun-2021 01:12:42.115 INFO [http-nio-8080-exec-176] org.apache.catalina.core.ApplicationContext.log Manager: restart: Reloading web application '/projectjava'
20-Jun-2021 01:12:50.983 INFO [http-nio-8080-exec-187] org.apache.catalina.core.ApplicationContext.log Manager: list: Listing contexts for virtual host 'localhost'
20-Jun-2021 01:12:50.993 INFO [http-nio-8080-exec-188] org.apache.catalina.core.ApplicationContext.log Manager: restart: Reloading web application '/projectjava'
20-Jun-2021 01:13:01.711 INFO [http-nio-8080-exec-171] org.apache.catalina.core.ApplicationContext.log Manager: list: Listing contexts for virtual host 'localhost'
20-Jun-2021 01:13:01.723 INFO [http-nio-8080-exec-189] org.apache.catalina.core.ApplicationContext.log Manager: restart: Reloading web application '/projectjava'
20-Jun-2021 01:13:16.149 INFO [http-nio-8080-exec-171] org.apache.catalina.core.ApplicationContext.log Manager: list: Listing contexts for virtual host 'localhost'
20-Jun-2021 01:13:16.161 INFO [http-nio-8080-exec-184] org.apache.catalina.core.ApplicationContext.log Manager: restart: Reloading web application '/projectjava'
20-Jun-2021 01:13:37.861 INFO [http-nio-8080-exec-193] org.apache.catalina.core.ApplicationContext.log Manager: list: Listing contexts for virtual host 'localhost'
20-Jun-2021 01:13:37.869 INFO [http-nio-8080-exec-171] org.apache.catalina.core.ApplicationContext.log Manager: restart: Reloading web application '/projectjava'
20-Jun-2021 01:15:08.106 INFO [http-nio-8080-exec-193] org.apache.catalina.core.ApplicationContext.log Manager: list: Listing contexts for virtual host 'localhost'
20-Jun-2021 01:15:08.120 INFO [http-nio-8080-exec-190] org.apache.catalina.core.ApplicationContext.log Manager: restart: Reloading web application '/projectjava'
20-Jun-2021 01:15:17.361 INFO [http-nio-8080-exec-192] org.apache.catalina.core.ApplicationContext.log Manager: list: Listing contexts for virtual host 'localhost'
20-Jun-2021 01:15:17.375 INFO [http-nio-8080-exec-193] org.apache.catalina.core.ApplicationContext.log Manager: restart: Reloading web application '/projectjava'
20-Jun-2021 01:15:54.945 INFO [http-nio-8080-exec-197] org.apache.catalina.core.ApplicationContext.log Manager: list: Listing contexts for virtual host 'localhost'
20-Jun-2021 01:15:54.953 INFO [http-nio-8080-exec-186] org.apache.catalina.core.ApplicationContext.log Manager: restart: Reloading web application '/projectjava'
20-Jun-2021 01:17:05.167 INFO [http-nio-8080-exec-204] org.apache.catalina.core.ApplicationContext.log Manager: list: Listing contexts for virtual host 'localhost'
20-Jun-2021 01:19:11.021 INFO [http-nio-8080-exec-207] org.apache.catalina.core.ApplicationContext.log Manager: list: Listing contexts for virtual host 'localhost'
20-Jun-2021 01:19:11.028 INFO [http-nio-8080-exec-204] org.apache.catalina.core.ApplicationContext.log Manager: restart: Reloading web application '/projectjava'
20-Jun-2021 01:19:17.758 INFO [http-nio-8080-exec-201] org.apache.catalina.core.ApplicationContext.log Manager: list: Listing contexts for virtual host 'localhost'
20-Jun-2021 01:19:17.777 INFO [http-nio-8080-exec-205] org.apache.catalina.core.ApplicationContext.log Manager: restart: Reloading web application '/projectjava'
20-Jun-2021 01:28:23.115 INFO [http-nio-8080-exec-214] org.apache.catalina.core.ApplicationContext.log Manager: list: Listing contexts for virtual host 'localhost'
20-Jun-2021 01:28:23.123 INFO [http-nio-8080-exec-216] org.apache.catalina.core.ApplicationContext.log Manager: restart: Reloading web application '/projectjava'
20-Jun-2021 01:28:28.314 INFO [http-nio-8080-exec-223] org.apache.catalina.core.ApplicationContext.log Manager: list: Listing contexts for virtual host 'localhost'
20-Jun-2021 01:28:28.322 INFO [http-nio-8080-exec-217] org.apache.catalina.core.ApplicationContext.log Manager: restart: Reloading web application '/projectjava'
20-Jun-2021 01:29:07.181 INFO [http-nio-8080-exec-219] org.apache.catalina.core.ApplicationContext.log Manager: list: Listing contexts for virtual host 'localhost'
20-Jun-2021 01:29:07.202 INFO [http-nio-8080-exec-215] org.apache.catalina.core.ApplicationContext.log Manager: restart: Reloading web application '/projectjava'
20-Jun-2021 01:29:13.786 INFO [http-nio-8080-exec-227] org.apache.catalina.core.ApplicationContext.log Manager: list: Listing contexts for virtual host 'localhost'
20-Jun-2021 01:29:13.801 INFO [http-nio-8080-exec-222] org.apache.catalina.core.ApplicationContext.log Manager: restart: Reloading web application '/projectjava'
20-Jun-2021 01:36:26.588 INFO [http-nio-8080-exec-237] org.apache.catalina.core.ApplicationContext.log Manager: list: Listing contexts for virtual host 'localhost'
20-Jun-2021 01:38:07.106 INFO [http-nio-8080-exec-235] org.apache.catalina.core.ApplicationContext.log Manager: list: Listing contexts for virtual host 'localhost'
20-Jun-2021 01:38:07.117 INFO [http-nio-8080-exec-233] org.apache.catalina.core.ApplicationContext.log Manager: restart: Reloading web application '/projectjava'
20-Jun-2021 01:41:24.792 INFO [http-nio-8080-exec-238] org.apache.catalina.core.ApplicationContext.log Manager: list: Listing contexts for virtual host 'localhost'
20-Jun-2021 01:41:24.805 INFO [http-nio-8080-exec-239] org.apache.catalina.core.ApplicationContext.log Manager: restart: Reloading web application '/projectjava'
20-Jun-2021 01:41:30.687 INFO [http-nio-8080-exec-238] org.apache.catalina.core.ApplicationContext.log Manager: list: Listing contexts for virtual host 'localhost'
20-Jun-2021 01:41:30.693 INFO [http-nio-8080-exec-246] org.apache.catalina.core.ApplicationContext.log Manager: restart: Reloading web application '/projectjava'
20-Jun-2021 01:41:59.290 INFO [http-nio-8080-exec-228] org.apache.catalina.core.ApplicationContext.log Manager: list: Listing contexts for virtual host 'localhost'
20-Jun-2021 01:41:59.307 INFO [http-nio-8080-exec-242] org.apache.catalina.core.ApplicationContext.log Manager: restart: Reloading web application '/projectjava'
20-Jun-2021 01:42:04.808 INFO [http-nio-8080-exec-247] org.apache.catalina.core.ApplicationContext.log Manager: list: Listing contexts for virtual host 'localhost'
20-Jun-2021 01:44:15.103 INFO [http-nio-8080-exec-253] org.apache.catalina.core.ApplicationContext.log Manager: list: Listing contexts for virtual host 'localhost'
20-Jun-2021 01:44:26.108 INFO [http-nio-8080-exec-252] org.apache.catalina.core.ApplicationContext.log Manager: list: Listing contexts for virtual host 'localhost'
20-Jun-2021 01:44:26.116 INFO [http-nio-8080-exec-249] org.apache.catalina.core.ApplicationContext.log Manager: restart: Reloading web application '/projectjava'
20-Jun-2021 01:44:47.750 INFO [http-nio-8080-exec-252] org.apache.catalina.core.ApplicationContext.log Manager: list: Listing contexts for virtual host 'localhost'
20-Jun-2021 01:45:21.923 INFO [http-nio-8080-exec-253] org.apache.catalina.core.ApplicationContext.log Manager: list: Listing contexts for virtual host 'localhost'
20-Jun-2021 01:45:21.931 INFO [http-nio-8080-exec-257] org.apache.catalina.core.ApplicationContext.log Manager: restart: Reloading web application '/projectjava'
20-Jun-2021 01:46:26.965 INFO [http-nio-8080-exec-241] org.apache.catalina.core.ApplicationContext.log Manager: list: Listing contexts for virtual host 'localhost'
20-Jun-2021 01:46:26.978 INFO [http-nio-8080-exec-256] org.apache.catalina.core.ApplicationContext.log Manager: restart: Reloading web application '/projectjava'
20-Jun-2021 01:46:44.830 INFO [http-nio-8080-exec-268] org.apache.catalina.core.ApplicationContext.log Manager: list: Listing contexts for virtual host 'localhost'
20-Jun-2021 01:46:44.841 INFO [http-nio-8080-exec-241] org.apache.catalina.core.ApplicationContext.log Manager: restart: Reloading web application '/projectjava'
20-Jun-2021 01:49:05.732 INFO [http-nio-8080-exec-274] org.apache.catalina.core.ApplicationContext.log Manager: list: Listing contexts for virtual host 'localhost'
20-Jun-2021 01:49:05.743 INFO [http-nio-8080-exec-273] org.apache.catalina.core.ApplicationContext.log Manager: restart: Reloading web application '/projectjava'
20-Jun-2021 01:51:47.742 INFO [http-nio-8080-exec-280] org.apache.catalina.core.ApplicationContext.log Manager: list: Listing contexts for virtual host 'localhost'
20-Jun-2021 01:51:47.752 INFO [http-nio-8080-exec-283] org.apache.catalina.core.ApplicationContext.log Manager: restart: Reloading web application '/projectjava'
20-Jun-2021 01:52:21.088 INFO [http-nio-8080-exec-286] org.apache.catalina.core.ApplicationContext.log Manager: list: Listing contexts for virtual host 'localhost'
20-Jun-2021 01:52:21.095 INFO [http-nio-8080-exec-281] org.apache.catalina.core.ApplicationContext.log Manager: restart: Reloading web application '/projectjava'
20-Jun-2021 01:52:58.958 INFO [http-nio-8080-exec-294] org.apache.catalina.core.ApplicationContext.log Manager: list: Listing contexts for virtual host 'localhost'
20-Jun-2021 01:52:58.965 INFO [http-nio-8080-exec-295] org.apache.catalina.core.ApplicationContext.log Manager: restart: Reloading web application '/projectjava'
20-Jun-2021 01:53:10.354 INFO [http-nio-8080-exec-297] org.apache.catalina.core.ApplicationContext.log Manager: list: Listing contexts for virtual host 'localhost'
20-Jun-2021 01:53:10.364 INFO [http-nio-8080-exec-294] org.apache.catalina.core.ApplicationContext.log Manager: restart: Reloading web application '/projectjava'
20-Jun-2021 02:00:59.956 INFO [http-nio-8080-exec-302] org.apache.catalina.core.ApplicationContext.log Manager: list: Listing contexts for virtual host 'localhost'
20-Jun-2021 02:02:18.382 INFO [http-nio-8080-exec-302] org.apache.catalina.core.ApplicationContext.log Manager: list: Listing contexts for virtual host 'localhost'
20-Jun-2021 02:02:18.409 INFO [http-nio-8080-exec-310] org.apache.catalina.core.ApplicationContext.log Manager: restart: Reloading web application '/projectjava'
20-Jun-2021 02:03:16.930 INFO [http-nio-8080-exec-309] org.apache.catalina.core.ApplicationContext.log Manager: list: Listing contexts for virtual host 'localhost'
20-Jun-2021 02:32:46.658 INFO [http-nio-8080-exec-320] org.apache.catalina.core.ApplicationContext.log Manager: list: Listing contexts for virtual host 'localhost'
20-Jun-2021 02:32:46.665 INFO [http-nio-8080-exec-314] org.apache.catalina.core.ApplicationContext.log Manager: restart: Reloading web application '/projectjava'
20-Jun-2021 02:32:57.554 INFO [http-nio-8080-exec-319] org.apache.catalina.core.ApplicationContext.log Manager: list: Listing contexts for virtual host 'localhost'
20-Jun-2021 02:32:57.562 INFO [http-nio-8080-exec-318] org.apache.catalina.core.ApplicationContext.log Manager: restart: Reloading web application '/projectjava'
20-Jun-2021 02:33:18.958 INFO [http-nio-8080-exec-320] org.apache.catalina.core.ApplicationContext.log Manager: list: Listing contexts for virtual host 'localhost'
20-Jun-2021 02:33:18.967 INFO [http-nio-8080-exec-319] org.apache.catalina.core.ApplicationContext.log Manager: restart: Reloading web application '/projectjava'
20-Jun-2021 02:33:24.337 INFO [http-nio-8080-exec-323] org.apache.catalina.core.ApplicationContext.log Manager: list: Listing contexts for virtual host 'localhost'
20-Jun-2021 02:33:24.346 INFO [http-nio-8080-exec-322] org.apache.catalina.core.ApplicationContext.log Manager: restart: Reloading web application '/projectjava'
20-Jun-2021 02:33:30.775 INFO [http-nio-8080-exec-320] org.apache.catalina.core.ApplicationContext.log Manager: list: Listing contexts for virtual host 'localhost'
20-Jun-2021 02:33:30.783 INFO [http-nio-8080-exec-315] org.apache.catalina.core.ApplicationContext.log Manager: restart: Reloading web application '/projectjava'
20-Jun-2021 02:33:36.006 INFO [http-nio-8080-exec-316] org.apache.catalina.core.ApplicationContext.log Manager: list: Listing contexts for virtual host 'localhost'
20-Jun-2021 02:33:36.016 INFO [http-nio-8080-exec-323] org.apache.catalina.core.ApplicationContext.log Manager: restart: Reloading web application '/projectjava'
20-Jun-2021 02:33:42.553 INFO [http-nio-8080-exec-316] org.apache.catalina.core.ApplicationContext.log Manager: list: Listing contexts for virtual host 'localhost'
20-Jun-2021 02:33:42.567 INFO [http-nio-8080-exec-313] org.apache.catalina.core.ApplicationContext.log Manager: restart: Reloading web application '/projectjava'
20-Jun-2021 02:35:26.982 INFO [http-nio-8080-exec-331] org.apache.catalina.core.ApplicationContext.log Manager: list: Listing contexts for virtual host 'localhost'
20-Jun-2021 02:35:26.997 INFO [http-nio-8080-exec-333] org.apache.catalina.core.ApplicationContext.log Manager: restart: Reloading web application '/projectjava'
20-Jun-2021 02:35:32.214 INFO [http-nio-8080-exec-335] org.apache.catalina.core.ApplicationContext.log Manager: list: Listing contexts for virtual host 'localhost'
20-Jun-2021 02:38:03.190 INFO [http-nio-8080-exec-342] org.apache.catalina.core.ApplicationContext.log Manager: list: Listing contexts for virtual host 'localhost'
20-Jun-2021 02:38:03.197 INFO [http-nio-8080-exec-341] org.apache.catalina.core.ApplicationContext.log Manager: restart: Reloading web application '/projectjava'
20-Jun-2021 02:38:24.226 INFO [http-nio-8080-exec-338] org.apache.catalina.core.ApplicationContext.log Manager: list: Listing contexts for virtual host 'localhost'
20-Jun-2021 02:38:24.239 INFO [http-nio-8080-exec-345] org.apache.catalina.core.ApplicationContext.log Manager: restart: Reloading web application '/projectjava'
20-Jun-2021 02:39:43.934 INFO [http-nio-8080-exec-353] org.apache.catalina.core.ApplicationContext.log Manager: list: Listing contexts for virtual host 'localhost'
20-Jun-2021 02:41:18.873 INFO [http-nio-8080-exec-356] org.apache.catalina.core.ApplicationContext.log Manager: list: Listing contexts for virtual host 'localhost'
20-Jun-2021 02:41:18.883 INFO [http-nio-8080-exec-357] org.apache.catalina.core.ApplicationContext.log Manager: restart: Reloading web application '/projectjava'
20-Jun-2021 02:42:43.916 INFO [http-nio-8080-exec-360] org.apache.catalina.core.ApplicationContext.log Manager: list: Listing contexts for virtual host 'localhost'
20-Jun-2021 02:50:46.602 INFO [http-nio-8080-exec-368] org.apache.catalina.core.ApplicationContext.log Manager: list: Listing contexts for virtual host 'localhost'
20-Jun-2021 02:51:07.408 INFO [http-nio-8080-exec-364] org.apache.catalina.core.ApplicationContext.log Manager: list: Listing contexts for virtual host 'localhost'
20-Jun-2021 02:52:43.650 INFO [http-nio-8080-exec-368] org.apache.catalina.core.ApplicationContext.log Manager: list: Listing contexts for virtual host 'localhost'
20-Jun-2021 02:53:02.429 INFO [http-nio-8080-exec-363] org.apache.catalina.core.ApplicationContext.log Manager: list: Listing contexts for virtual host 'localhost'
20-Jun-2021 02:53:20.385 INFO [http-nio-8080-exec-362] org.apache.catalina.core.ApplicationContext.log Manager: list: Listing contexts for virtual host 'localhost'
